mode: set
github.com/gvasels/personal-music-searchengine/internal/cloudfront/signer.go:39.81,41.18 2 1
github.com/gvasels/personal-music-searchengine/internal/cloudfront/signer.go:41.18,43.3 1 1
github.com/gvasels/personal-music-searchengine/internal/cloudfront/signer.go:45.2,48.20 3 1
github.com/gvasels/personal-music-searchengine/internal/cloudfront/signer.go:49.25,50.59 1 1
github.com/gvasels/personal-music-searchengine/internal/cloudfront/signer.go:51.21,53.15 2 0
github.com/gvasels/personal-music-searchengine/internal/cloudfront/signer.go:53.15,55.4 1 0
github.com/gvasels/personal-music-searchengine/internal/cloudfront/signer.go:56.3,58.10 3 0
github.com/gvasels/personal-music-searchengine/internal/cloudfront/signer.go:58.10,60.4 1 0
github.com/gvasels/personal-music-searchengine/internal/cloudfront/signer.go:61.10,62.71 1 0
github.com/gvasels/personal-music-searchengine/internal/cloudfront/signer.go:65.2,65.16 1 1
github.com/gvasels/personal-music-searchengine/internal/cloudfront/signer.go:65.16,67.3 1 0
github.com/gvasels/personal-music-searchengine/internal/cloudfront/signer.go:70.2,78.8 4 1
github.com/gvasels/personal-music-searchengine/internal/cloudfront/signer.go:91.107,93.2 1 1
github.com/gvasels/personal-music-searchengine/internal/cloudfront/signer.go:96.142,98.28 1 1
github.com/gvasels/personal-music-searchengine/internal/cloudfront/signer.go:98.28,100.3 1 1
github.com/gvasels/personal-music-searchengine/internal/cloudfront/signer.go:101.2,101.28 1 1
github.com/gvasels/personal-music-searchengine/internal/cloudfront/signer.go:101.28,103.3 1 1
github.com/gvasels/personal-music-searchengine/internal/cloudfront/signer.go:105.2,114.39 6 1
github.com/gvasels/personal-music-searchengine/internal/cloudfront/signer.go:114.39,116.21 2 0
github.com/gvasels/personal-music-searchengine/internal/cloudfront/signer.go:116.21,120.4 2 0
github.com/gvasels/personal-music-searchengine/internal/cloudfront/signer.go:122.3,125.44 4 0
github.com/gvasels/personal-music-searchengine/internal/cloudfront/signer.go:129.2,133.16 3 1
github.com/gvasels/personal-music-searchengine/internal/cloudfront/signer.go:133.16,135.3 1 0
github.com/gvasels/personal-music-searchengine/internal/cloudfront/signer.go:138.2,139.23 2 1
github.com/gvasels/personal-music-searchengine/internal/cloudfront/signer.go:139.23,147.3 1 0
github.com/gvasels/personal-music-searchengine/internal/cloudfront/signer.go:147.8,154.3 1 1
github.com/gvasels/personal-music-searchengine/internal/cloudfront/signer.go:156.2,156.23 1 1
github.com/gvasels/personal-music-searchengine/internal/cloudfront/signer.go:160.115,163.2 2 1
github.com/gvasels/personal-music-searchengine/internal/cloudfront/signer.go:166.107,168.2 1 1
github.com/gvasels/personal-music-searchengine/internal/cloudfront/signer.go:172.132,178.2 2 0
github.com/gvasels/personal-music-searchengine/internal/cloudfront/signer.go:181.107,183.2 1 0
github.com/gvasels/personal-music-searchengine/internal/cloudfront/signer.go:186.60,189.16 3 1
github.com/gvasels/personal-music-searchengine/internal/cloudfront/signer.go:189.16,191.3 1 0
github.com/gvasels/personal-music-searchengine/internal/cloudfront/signer.go:192.2,192.23 1 1
github.com/gvasels/personal-music-searchengine/internal/cloudfront/signer.go:196.45,203.2 5 1
github.com/gvasels/personal-music-searchengine/internal/cloudfront/signer.go:206.37,208.2 1 1
github.com/gvasels/personal-music-searchengine/internal/validation/validation.go:24.33,25.13 1 1
github.com/gvasels/personal-music-searchengine/internal/validation/validation.go:25.13,27.3 1 1
github.com/gvasels/personal-music-searchengine/internal/validation/validation.go:28.2,28.33 1 1
github.com/gvasels/personal-music-searchengine/internal/validation/validation.go:32.46,33.21 1 1
github.com/gvasels/personal-music-searchengine/internal/validation/validation.go:33.21,35.3 1 1
github.com/gvasels/personal-music-searchengine/internal/validation/validation.go:36.2,36.12 1 1
github.com/gvasels/personal-music-searchengine/internal/validation/validation.go:46.94,51.16 2 1
github.com/gvasels/personal-music-searchengine/internal/validation/validation.go:51.16,53.3 1 1
github.com/gvasels/personal-music-searchengine/internal/validation/validation.go:55.2,55.77 1 1
github.com/gvasels/personal-music-searchengine/internal/validation/validation.go:55.77,58.3 1 1
github.com/gvasels/personal-music-searchengine/internal/validation/validation.go:60.2,60.12 1 1
github.com/gvasels/personal-music-searchengine/internal/validation/validation.go:69.40,72.2 1 0
github.com/gvasels/personal-music-searchengine/internal/search/client.go:23.73,28.2 1 1
github.com/gvasels/personal-music-searchengine/internal/search/client.go:31.105,41.16 4 1
github.com/gvasels/personal-music-searchengine/internal/search/client.go:41.16,43.3 1 1
github.com/gvasels/personal-music-searchengine/internal/search/client.go:45.2,47.16 3 1
github.com/gvasels/personal-music-searchengine/internal/search/client.go:47.16,49.3 1 0
github.com/gvasels/personal-music-searchengine/internal/search/client.go:50.2,50.58 1 1
github.com/gvasels/personal-music-searchengine/internal/search/client.go:50.58,52.3 1 0
github.com/gvasels/personal-music-searchengine/internal/search/client.go:54.2,54.25 1 1
github.com/gvasels/personal-music-searchengine/internal/search/client.go:58.83,65.16 3 1
github.com/gvasels/personal-music-searchengine/internal/search/client.go:65.16,67.3 1 0
github.com/gvasels/personal-music-searchengine/internal/search/client.go:69.2,71.16 3 1
github.com/gvasels/personal-music-searchengine/internal/search/client.go:71.16,73.3 1 0
github.com/gvasels/personal-music-searchengine/internal/search/client.go:74.2,74.57 1 1
github.com/gvasels/personal-music-searchengine/internal/search/client.go:74.57,76.3 1 0
github.com/gvasels/personal-music-searchengine/internal/search/client.go:78.2,78.24 1 1
github.com/gvasels/personal-music-searchengine/internal/search/client.go:82.85,89.16 3 1
github.com/gvasels/personal-music-searchengine/internal/search/client.go:89.16,91.3 1 0
github.com/gvasels/personal-music-searchengine/internal/search/client.go:93.2,95.16 3 1
github.com/gvasels/personal-music-searchengine/internal/search/client.go:95.16,97.3 1 0
github.com/gvasels/personal-music-searchengine/internal/search/client.go:98.2,98.58 1 1
github.com/gvasels/personal-music-searchengine/internal/search/client.go:98.58,100.3 1 0
github.com/gvasels/personal-music-searchengine/internal/search/client.go:102.2,102.25 1 1
github.com/gvasels/personal-music-searchengine/internal/search/client.go:106.94,113.16 3 1
github.com/gvasels/personal-music-searchengine/internal/search/client.go:113.16,115.3 1 0
github.com/gvasels/personal-music-searchengine/internal/search/client.go:117.2,119.16 3 1
github.com/gvasels/personal-music-searchengine/internal/search/client.go:119.16,121.3 1 0
github.com/gvasels/personal-music-searchengine/internal/search/client.go:122.2,122.56 1 1
github.com/gvasels/personal-music-searchengine/internal/search/client.go:122.56,124.3 1 0
github.com/gvasels/personal-music-searchengine/internal/search/client.go:126.2,126.23 1 1
github.com/gvasels/personal-music-searchengine/internal/search/client.go:130.100,132.16 2 1
github.com/gvasels/personal-music-searchengine/internal/search/client.go:132.16,134.3 1 0
github.com/gvasels/personal-music-searchengine/internal/search/client.go:136.2,140.16 2 1
github.com/gvasels/personal-music-searchengine/internal/search/client.go:140.16,142.3 1 0
github.com/gvasels/personal-music-searchengine/internal/search/client.go:144.2,144.33 1 1
github.com/gvasels/personal-music-searchengine/internal/search/client.go:144.33,146.3 1 1
github.com/gvasels/personal-music-searchengine/internal/search/client.go:148.2,149.62 2 1
github.com/gvasels/personal-music-searchengine/internal/search/client.go:149.62,151.3 1 0
github.com/gvasels/personal-music-searchengine/internal/search/client.go:153.2,153.19 1 1
github.com/gvasels/personal-music-searchengine/internal/search/client.go:153.19,155.3 1 1
github.com/gvasels/personal-music-searchengine/internal/search/client.go:157.2,157.19 1 1
github.com/gvasels/personal-music-searchengine/internal/models/album.go:31.42,42.24 2 1
github.com/gvasels/personal-music-searchengine/internal/models/album.go:42.24,45.3 2 1
github.com/gvasels/personal-music-searchengine/internal/models/album.go:47.2,47.13 1 1
github.com/gvasels/personal-music-searchengine/internal/models/album.go:68.62,84.2 1 1
github.com/gvasels/personal-music-searchengine/internal/models/artist.go:40.46,52.2 2 1
github.com/gvasels/personal-music-searchengine/internal/models/artist.go:109.46,121.2 1 1
github.com/gvasels/personal-music-searchengine/internal/models/artist.go:124.73,131.2 1 1
github.com/gvasels/personal-music-searchengine/internal/models/artist.go:135.43,136.16 1 1
github.com/gvasels/personal-music-searchengine/internal/models/artist.go:136.16,138.3 1 1
github.com/gvasels/personal-music-searchengine/internal/models/artist.go:141.2,144.34 3 1
github.com/gvasels/personal-music-searchengine/internal/models/artist.go:144.34,145.62 1 1
github.com/gvasels/personal-music-searchengine/internal/models/artist.go:145.62,147.9 2 1
github.com/gvasels/personal-music-searchengine/internal/models/artist.go:151.2,151.17 1 1
github.com/gvasels/personal-music-searchengine/internal/models/common.go:84.51,85.40 1 1
github.com/gvasels/personal-music-searchengine/internal/models/common.go:85.40,87.3 1 1
github.com/gvasels/personal-music-searchengine/internal/models/common.go:88.2,89.16 2 1
github.com/gvasels/personal-music-searchengine/internal/models/common.go:89.16,91.3 1 0
github.com/gvasels/personal-music-searchengine/internal/models/common.go:92.2,92.48 1 1
github.com/gvasels/personal-music-searchengine/internal/models/common.go:96.61,98.19 2 1
github.com/gvasels/personal-music-searchengine/internal/models/common.go:98.19,100.3 1 1
github.com/gvasels/personal-music-searchengine/internal/models/common.go:101.2,102.16 2 1
github.com/gvasels/personal-music-searchengine/internal/models/common.go:102.16,104.3 1 1
github.com/gvasels/personal-music-searchengine/internal/models/common.go:105.2,106.20 2 1
github.com/gvasels/personal-music-searchengine/internal/models/common.go:110.58,115.2 1 1
github.com/gvasels/personal-music-searchengine/internal/models/common.go:118.81,125.2 1 1
github.com/gvasels/personal-music-searchengine/internal/models/crate.go:59.42,68.2 1 0
github.com/gvasels/personal-music-searchengine/internal/models/crate.go:85.44,98.2 1 0
github.com/gvasels/personal-music-searchengine/internal/models/errors.go:16.35,18.2 1 0
github.com/gvasels/personal-music-searchengine/internal/models/errors.go:109.66,115.2 1 0
github.com/gvasels/personal-music-searchengine/internal/models/errors.go:118.48,125.2 1 0
github.com/gvasels/personal-music-searchengine/internal/models/errors.go:128.54,134.2 1 0
github.com/gvasels/personal-music-searchengine/internal/models/errors.go:137.49,143.2 1 0
github.com/gvasels/personal-music-searchengine/internal/models/errors.go:151.52,153.2 1 0
github.com/gvasels/personal-music-searchengine/internal/models/feature.go:55.59,64.2 1 0
github.com/gvasels/personal-music-searchengine/internal/models/feature.go:84.87,93.2 1 0
github.com/gvasels/personal-music-searchengine/internal/models/feature.go:102.42,119.2 3 0
github.com/gvasels/personal-music-searchengine/internal/models/feature.go:122.61,123.22 1 0
github.com/gvasels/personal-music-searchengine/internal/models/feature.go:123.22,125.3 1 0
github.com/gvasels/personal-music-searchengine/internal/models/feature.go:126.2,126.35 1 0
github.com/gvasels/personal-music-searchengine/internal/models/feature.go:126.35,127.16 1 0
github.com/gvasels/personal-music-searchengine/internal/models/feature.go:127.16,129.4 1 0
github.com/gvasels/personal-music-searchengine/internal/models/feature.go:131.2,131.23 1 0
github.com/gvasels/personal-music-searchengine/internal/models/hotcue.go:25.42,36.2 1 0
github.com/gvasels/personal-music-searchengine/internal/models/hotcue.go:39.51,41.38 2 0
github.com/gvasels/personal-music-searchengine/internal/models/hotcue.go:41.38,43.3 1 0
github.com/gvasels/personal-music-searchengine/internal/models/hotcue.go:44.2,44.23 1 0
github.com/gvasels/personal-music-searchengine/internal/models/hotcue.go:58.33,60.2 1 0
github.com/gvasels/personal-music-searchengine/internal/models/playlist.go:28.54,37.2 1 1
github.com/gvasels/personal-music-searchengine/internal/models/playlist.go:54.63,63.2 1 1
github.com/gvasels/personal-music-searchengine/internal/models/playlist.go:111.68,124.2 1 1
github.com/gvasels/personal-music-searchengine/internal/models/subscription.go:17.36,67.2 1 0
github.com/gvasels/personal-music-searchengine/internal/models/subscription.go:70.55,71.42 1 0
github.com/gvasels/personal-music-searchengine/internal/models/subscription.go:71.42,72.26 1 0
github.com/gvasels/personal-music-searchengine/internal/models/subscription.go:72.26,74.4 1 0
github.com/gvasels/personal-music-searchengine/internal/models/subscription.go:76.2,76.12 1 0
github.com/gvasels/personal-music-searchengine/internal/models/subscription.go:121.61,130.2 1 0
github.com/gvasels/personal-music-searchengine/internal/models/tag.go:24.34,33.2 1 1
github.com/gvasels/personal-music-searchengine/internal/models/tag.go:50.48,61.2 1 1
github.com/gvasels/personal-music-searchengine/internal/models/tag.go:90.40,98.2 1 1
github.com/gvasels/personal-music-searchengine/internal/models/track.go:74.42,85.24 2 1
github.com/gvasels/personal-music-searchengine/internal/models/track.go:85.24,88.3 2 1
github.com/gvasels/personal-music-searchengine/internal/models/track.go:90.2,90.13 1 1
github.com/gvasels/personal-music-searchengine/internal/models/track.go:155.62,158.17 2 1
github.com/gvasels/personal-music-searchengine/internal/models/track.go:158.17,160.3 1 1
github.com/gvasels/personal-music-searchengine/internal/models/track.go:162.2,192.3 1 1
github.com/gvasels/personal-music-searchengine/internal/models/track.go:214.41,219.15 4 1
github.com/gvasels/personal-music-searchengine/internal/models/track.go:219.15,221.3 1 1
github.com/gvasels/personal-music-searchengine/internal/models/track.go:222.2,222.46 1 1
github.com/gvasels/personal-music-searchengine/internal/models/track.go:225.41,232.9 2 1
github.com/gvasels/personal-music-searchengine/internal/models/track.go:233.19,234.60 1 1
github.com/gvasels/personal-music-searchengine/internal/models/track.go:235.19,236.60 1 1
github.com/gvasels/personal-music-searchengine/internal/models/track.go:237.19,238.60 1 1
github.com/gvasels/personal-music-searchengine/internal/models/track.go:239.10,240.36 1 1
github.com/gvasels/personal-music-searchengine/internal/models/upload.go:43.46,54.2 1 1
github.com/gvasels/personal-music-searchengine/internal/models/upload.go:124.46,144.2 1 1
github.com/gvasels/personal-music-searchengine/internal/models/user.go:27.38,36.2 1 1
github.com/gvasels/personal-music-searchengine/internal/models/user.go:78.42,80.16 2 1
github.com/gvasels/personal-music-searchengine/internal/models/user.go:80.16,82.3 1 1
github.com/gvasels/personal-music-searchengine/internal/models/user.go:83.2,95.3 1 1
github.com/gvasels/personal-music-searchengine/internal/handlers/album.go:9.53,11.18 2 0
github.com/gvasels/personal-music-searchengine/internal/handlers/album.go:11.18,13.3 1 0
github.com/gvasels/personal-music-searchengine/internal/handlers/album.go:15.2,16.40 2 0
github.com/gvasels/personal-music-searchengine/internal/handlers/album.go:16.40,18.3 1 0
github.com/gvasels/personal-music-searchengine/internal/handlers/album.go:20.2,21.16 2 0
github.com/gvasels/personal-music-searchengine/internal/handlers/album.go:21.16,23.3 1 0
github.com/gvasels/personal-music-searchengine/internal/handlers/album.go:25.2,25.27 1 0
github.com/gvasels/personal-music-searchengine/internal/handlers/album.go:29.51,31.18 2 0
github.com/gvasels/personal-music-searchengine/internal/handlers/album.go:31.18,33.3 1 0
github.com/gvasels/personal-music-searchengine/internal/handlers/album.go:35.2,36.19 2 0
github.com/gvasels/personal-music-searchengine/internal/handlers/album.go:36.19,38.3 1 0
github.com/gvasels/personal-music-searchengine/internal/handlers/album.go:40.2,41.16 2 0
github.com/gvasels/personal-music-searchengine/internal/handlers/album.go:41.16,43.3 1 0
github.com/gvasels/personal-music-searchengine/internal/handlers/album.go:45.2,45.26 1 0
github.com/gvasels/personal-music-searchengine/internal/handlers/album.go:49.54,51.18 2 0
github.com/gvasels/personal-music-searchengine/internal/handlers/album.go:51.18,53.3 1 0
github.com/gvasels/personal-music-searchengine/internal/handlers/album.go:55.2,56.40 2 0
github.com/gvasels/personal-music-searchengine/internal/handlers/album.go:56.40,58.3 1 0
github.com/gvasels/personal-music-searchengine/internal/handlers/album.go:60.2,61.16 2 0
github.com/gvasels/personal-music-searchengine/internal/handlers/album.go:61.16,63.3 1 0
github.com/gvasels/personal-music-searchengine/internal/handlers/album.go:65.2,65.32 1 0
github.com/gvasels/personal-music-searchengine/internal/handlers/album.go:69.52,71.18 2 0
github.com/gvasels/personal-music-searchengine/internal/handlers/album.go:71.18,73.3 1 0
github.com/gvasels/personal-music-searchengine/internal/handlers/album.go:75.2,76.22 2 0
github.com/gvasels/personal-music-searchengine/internal/handlers/album.go:76.22,78.3 1 0
github.com/gvasels/personal-music-searchengine/internal/handlers/album.go:81.2,82.16 2 0
github.com/gvasels/personal-music-searchengine/internal/handlers/album.go:82.16,84.3 1 0
github.com/gvasels/personal-music-searchengine/internal/handlers/album.go:87.2,88.16 2 0
github.com/gvasels/personal-music-searchengine/internal/handlers/album.go:88.16,90.3 1 0
github.com/gvasels/personal-music-searchengine/internal/handlers/album.go:93.2,101.29 2 0
github.com/gvasels/personal-music-searchengine/internal/handlers/album.go:105.61,107.18 2 0
github.com/gvasels/personal-music-searchengine/internal/handlers/album.go:107.18,109.3 1 0
github.com/gvasels/personal-music-searchengine/internal/handlers/album.go:111.2,112.22 2 0
github.com/gvasels/personal-music-searchengine/internal/handlers/album.go:112.22,114.3 1 0
github.com/gvasels/personal-music-searchengine/internal/handlers/album.go:116.2,117.16 2 0
github.com/gvasels/personal-music-searchengine/internal/handlers/album.go:117.16,119.3 1 0
github.com/gvasels/personal-music-searchengine/internal/handlers/album.go:121.2,121.31 1 0
github.com/gvasels/personal-music-searchengine/internal/handlers/album.go:125.61,127.18 2 0
github.com/gvasels/personal-music-searchengine/internal/handlers/album.go:127.18,129.3 1 0
github.com/gvasels/personal-music-searchengine/internal/handlers/album.go:131.2,132.22 2 0
github.com/gvasels/personal-music-searchengine/internal/handlers/album.go:132.22,134.3 1 0
github.com/gvasels/personal-music-searchengine/internal/handlers/album.go:136.2,137.16 2 0
github.com/gvasels/personal-music-searchengine/internal/handlers/album.go:137.16,139.3 1 0
github.com/gvasels/personal-music-searchengine/internal/handlers/album.go:141.2,141.31 1 0
github.com/gvasels/personal-music-searchengine/internal/handlers/artist.go:12.55,14.18 2 1
github.com/gvasels/personal-music-searchengine/internal/handlers/artist.go:14.18,16.3 1 1
github.com/gvasels/personal-music-searchengine/internal/handlers/artist.go:18.2,19.49 2 1
github.com/gvasels/personal-music-searchengine/internal/handlers/artist.go:19.49,21.3 1 1
github.com/gvasels/personal-music-searchengine/internal/handlers/artist.go:23.2,24.16 2 1
github.com/gvasels/personal-music-searchengine/internal/handlers/artist.go:24.16,26.3 1 1
github.com/gvasels/personal-music-searchengine/internal/handlers/artist.go:28.2,28.27 1 1
github.com/gvasels/personal-music-searchengine/internal/handlers/artist.go:32.56,34.18 2 1
github.com/gvasels/personal-music-searchengine/internal/handlers/artist.go:34.18,36.3 1 0
github.com/gvasels/personal-music-searchengine/internal/handlers/artist.go:38.2,39.20 2 1
github.com/gvasels/personal-music-searchengine/internal/handlers/artist.go:39.20,41.3 1 1
github.com/gvasels/personal-music-searchengine/internal/handlers/artist.go:43.2,44.16 2 1
github.com/gvasels/personal-music-searchengine/internal/handlers/artist.go:44.16,46.3 1 1
github.com/gvasels/personal-music-searchengine/internal/handlers/artist.go:48.2,48.27 1 1
github.com/gvasels/personal-music-searchengine/internal/handlers/artist.go:52.55,54.18 2 1
github.com/gvasels/personal-music-searchengine/internal/handlers/artist.go:54.18,56.3 1 0
github.com/gvasels/personal-music-searchengine/internal/handlers/artist.go:58.2,59.20 2 1
github.com/gvasels/personal-music-searchengine/internal/handlers/artist.go:59.20,61.3 1 0
github.com/gvasels/personal-music-searchengine/internal/handlers/artist.go:63.2,64.49 2 1
github.com/gvasels/personal-music-searchengine/internal/handlers/artist.go:64.49,66.3 1 0
github.com/gvasels/personal-music-searchengine/internal/handlers/artist.go:68.2,69.16 2 1
github.com/gvasels/personal-music-searchengine/internal/handlers/artist.go:69.16,71.3 1 1
github.com/gvasels/personal-music-searchengine/internal/handlers/artist.go:73.2,73.27 1 1
github.com/gvasels/personal-music-searchengine/internal/handlers/artist.go:77.55,79.18 2 1
github.com/gvasels/personal-music-searchengine/internal/handlers/artist.go:79.18,81.3 1 0
github.com/gvasels/personal-music-searchengine/internal/handlers/artist.go:83.2,84.20 2 1
github.com/gvasels/personal-music-searchengine/internal/handlers/artist.go:84.20,86.3 1 0
github.com/gvasels/personal-music-searchengine/internal/handlers/artist.go:88.2,88.96 1 1
github.com/gvasels/personal-music-searchengine/internal/handlers/artist.go:88.96,90.3 1 1
github.com/gvasels/personal-music-searchengine/internal/handlers/artist.go:92.2,92.21 1 1
github.com/gvasels/personal-music-searchengine/internal/handlers/artist.go:96.60,98.18 2 1
github.com/gvasels/personal-music-searchengine/internal/handlers/artist.go:98.18,100.3 1 0
github.com/gvasels/personal-music-searchengine/internal/handlers/artist.go:102.2,105.46 2 1
github.com/gvasels/personal-music-searchengine/internal/handlers/artist.go:105.46,107.3 1 1
github.com/gvasels/personal-music-searchengine/internal/handlers/artist.go:108.2,108.52 1 1
github.com/gvasels/personal-music-searchengine/internal/handlers/artist.go:108.52,110.3 1 1
github.com/gvasels/personal-music-searchengine/internal/handlers/artist.go:111.2,111.61 1 1
github.com/gvasels/personal-music-searchengine/internal/handlers/artist.go:111.61,113.3 1 1
github.com/gvasels/personal-music-searchengine/internal/handlers/artist.go:114.2,114.49 1 1
github.com/gvasels/personal-music-searchengine/internal/handlers/artist.go:114.49,115.48 1 1
github.com/gvasels/personal-music-searchengine/internal/handlers/artist.go:115.48,117.4 1 1
github.com/gvasels/personal-music-searchengine/internal/handlers/artist.go:119.2,119.55 1 1
github.com/gvasels/personal-music-searchengine/internal/handlers/artist.go:119.55,121.3 1 0
github.com/gvasels/personal-music-searchengine/internal/handlers/artist.go:123.2,124.16 2 1
github.com/gvasels/personal-music-searchengine/internal/handlers/artist.go:124.16,126.3 1 0
github.com/gvasels/personal-music-searchengine/internal/handlers/artist.go:128.2,132.4 1 1
github.com/gvasels/personal-music-searchengine/internal/handlers/artist.go:136.56,138.18 2 1
github.com/gvasels/personal-music-searchengine/internal/handlers/artist.go:138.18,140.3 1 0
github.com/gvasels/personal-music-searchengine/internal/handlers/artist.go:142.2,143.17 2 1
github.com/gvasels/personal-music-searchengine/internal/handlers/artist.go:143.17,145.3 1 1
github.com/gvasels/personal-music-searchengine/internal/handlers/artist.go:147.2,148.41 2 1
github.com/gvasels/personal-music-searchengine/internal/handlers/artist.go:148.41,149.49 1 1
github.com/gvasels/personal-music-searchengine/internal/handlers/artist.go:149.49,151.4 1 1
github.com/gvasels/personal-music-searchengine/internal/handlers/artist.go:154.2,155.16 2 1
github.com/gvasels/personal-music-searchengine/internal/handlers/artist.go:155.16,157.3 1 0
github.com/gvasels/personal-music-searchengine/internal/handlers/artist.go:159.2,159.32 1 1
github.com/gvasels/personal-music-searchengine/internal/handlers/artist.go:163.64,165.18 2 1
github.com/gvasels/personal-music-searchengine/internal/handlers/artist.go:165.18,167.3 1 0
github.com/gvasels/personal-music-searchengine/internal/handlers/artist.go:169.2,170.20 2 1
github.com/gvasels/personal-music-searchengine/internal/handlers/artist.go:170.20,172.3 1 0
github.com/gvasels/personal-music-searchengine/internal/handlers/artist.go:174.2,175.16 2 1
github.com/gvasels/personal-music-searchengine/internal/handlers/artist.go:175.16,177.3 1 1
github.com/gvasels/personal-music-searchengine/internal/handlers/artist.go:179.2,179.31 1 1
github.com/gvasels/personal-music-searchengine/internal/handlers/gateway.go:21.116,26.2 1 0
github.com/gvasels/personal-music-searchengine/internal/handlers/gateway.go:29.62,36.2 5 0
github.com/gvasels/personal-music-searchengine/internal/handlers/gateway.go:39.69,41.37 2 0
github.com/gvasels/personal-music-searchengine/internal/handlers/gateway.go:41.37,49.3 1 0
github.com/gvasels/personal-music-searchengine/internal/handlers/gateway.go:52.2,52.21 1 0
github.com/gvasels/personal-music-searchengine/internal/handlers/gateway.go:52.21,60.3 1 0
github.com/gvasels/personal-music-searchengine/internal/handlers/gateway.go:61.2,61.28 1 0
github.com/gvasels/personal-music-searchengine/internal/handlers/gateway.go:61.28,69.3 1 0
github.com/gvasels/personal-music-searchengine/internal/handlers/gateway.go:72.2,72.16 1 0
github.com/gvasels/personal-music-searchengine/internal/handlers/gateway.go:72.16,74.3 1 0
github.com/gvasels/personal-music-searchengine/internal/handlers/gateway.go:77.2,78.16 2 0
github.com/gvasels/personal-music-searchengine/internal/handlers/gateway.go:78.16,80.3 1 0
github.com/gvasels/personal-music-searchengine/internal/handlers/gateway.go:82.2,82.36 1 0
github.com/gvasels/personal-music-searchengine/internal/handlers/gateway.go:86.104,92.16 5 0
github.com/gvasels/personal-music-searchengine/internal/handlers/gateway.go:92.16,94.3 1 0
github.com/gvasels/personal-music-searchengine/internal/handlers/gateway.go:96.2,96.28 1 0
github.com/gvasels/personal-music-searchengine/internal/handlers/gateway.go:96.28,97.25 1 0
github.com/gvasels/personal-music-searchengine/internal/handlers/gateway.go:97.25,108.4 4 0
github.com/gvasels/personal-music-searchengine/internal/handlers/gateway.go:110.3,110.17 1 0
github.com/gvasels/personal-music-searchengine/internal/handlers/gateway.go:110.17,114.4 3 0
github.com/gvasels/personal-music-searchengine/internal/handlers/gateway.go:117.3,134.23 4 0
github.com/gvasels/personal-music-searchengine/internal/handlers/gateway.go:137.2,137.12 1 0
github.com/gvasels/personal-music-searchengine/internal/handlers/gateway.go:141.64,143.37 2 0
github.com/gvasels/personal-music-searchengine/internal/handlers/gateway.go:143.37,151.3 1 0
github.com/gvasels/personal-music-searchengine/internal/handlers/gateway.go:154.2,154.21 1 0
github.com/gvasels/personal-music-searchengine/internal/handlers/gateway.go:154.21,162.3 1 0
github.com/gvasels/personal-music-searchengine/internal/handlers/gateway.go:163.2,163.22 1 0
github.com/gvasels/personal-music-searchengine/internal/handlers/gateway.go:163.22,171.3 1 0
github.com/gvasels/personal-music-searchengine/internal/handlers/gateway.go:173.2,174.16 2 0
github.com/gvasels/personal-music-searchengine/internal/handlers/gateway.go:174.16,176.3 1 0
github.com/gvasels/personal-music-searchengine/internal/handlers/gateway.go:178.2,178.36 1 0
github.com/gvasels/personal-music-searchengine/internal/handlers/gateway.go:182.69,184.37 2 0
github.com/gvasels/personal-music-searchengine/internal/handlers/gateway.go:184.37,192.3 1 0
github.com/gvasels/personal-music-searchengine/internal/handlers/gateway.go:195.2,195.21 1 0
github.com/gvasels/personal-music-searchengine/internal/handlers/gateway.go:195.21,197.3 1 0
github.com/gvasels/personal-music-searchengine/internal/handlers/gateway.go:200.2,200.24 1 0
github.com/gvasels/personal-music-searchengine/internal/handlers/gateway.go:200.24,208.3 1 0
github.com/gvasels/personal-music-searchengine/internal/handlers/gateway.go:210.2,211.16 2 0
github.com/gvasels/personal-music-searchengine/internal/handlers/gateway.go:211.16,213.3 1 0
github.com/gvasels/personal-music-searchengine/internal/handlers/gateway.go:215.2,215.36 1 0
github.com/gvasels/personal-music-searchengine/internal/handlers/gateway.go:219.59,221.16 2 0
github.com/gvasels/personal-music-searchengine/internal/handlers/gateway.go:221.16,223.3 1 0
github.com/gvasels/personal-music-searchengine/internal/handlers/gateway.go:225.2,225.36 1 0
github.com/gvasels/personal-music-searchengine/internal/handlers/gateway.go:242.58,246.55 2 0
github.com/gvasels/personal-music-searchengine/internal/handlers/gateway.go:246.55,254.3 1 0
github.com/gvasels/personal-music-searchengine/internal/handlers/gateway.go:255.2,255.59 1 0
github.com/gvasels/personal-music-searchengine/internal/handlers/gateway.go:255.59,263.3 1 0
github.com/gvasels/personal-music-searchengine/internal/handlers/gateway.go:264.2,264.53 1 0
github.com/gvasels/personal-music-searchengine/internal/handlers/gateway.go:264.53,272.3 1 0
github.com/gvasels/personal-music-searchengine/internal/handlers/gateway.go:273.2,273.53 1 0
github.com/gvasels/personal-music-searchengine/internal/handlers/gateway.go:273.53,281.3 1 0
github.com/gvasels/personal-music-searchengine/internal/handlers/gateway.go:284.2,290.4 1 0
github.com/gvasels/personal-music-searchengine/internal/handlers/handlers.go:20.56,24.2 1 1
github.com/gvasels/personal-music-searchengine/internal/handlers/handlers.go:27.49,97.2 48 0
github.com/gvasels/personal-music-searchengine/internal/handlers/handlers.go:108.49,112.89 2 1
github.com/gvasels/personal-music-searchengine/internal/handlers/handlers.go:112.89,113.71 1 0
github.com/gvasels/personal-music-searchengine/internal/handlers/handlers.go:113.71,117.44 2 0
github.com/gvasels/personal-music-searchengine/internal/handlers/handlers.go:117.44,119.5 1 0
github.com/gvasels/personal-music-searchengine/internal/handlers/handlers.go:123.4,123.58 1 0
github.com/gvasels/personal-music-searchengine/internal/handlers/handlers.go:123.58,126.5 2 0
github.com/gvasels/personal-music-searchengine/internal/handlers/handlers.go:131.2,131.22 1 1
github.com/gvasels/personal-music-searchengine/internal/handlers/handlers.go:131.22,133.3 1 1
github.com/gvasels/personal-music-searchengine/internal/handlers/handlers.go:136.2,136.57 1 1
github.com/gvasels/personal-music-searchengine/internal/handlers/handlers.go:136.57,138.3 1 0
github.com/gvasels/personal-music-searchengine/internal/handlers/handlers.go:140.2,140.12 1 1
github.com/gvasels/personal-music-searchengine/internal/handlers/handlers.go:144.47,145.23 1 0
github.com/gvasels/personal-music-searchengine/internal/handlers/handlers.go:145.23,147.3 1 0
github.com/gvasels/personal-music-searchengine/internal/handlers/handlers.go:149.2,149.40 1 0
github.com/gvasels/personal-music-searchengine/internal/handlers/handlers.go:153.48,159.27 2 0
github.com/gvasels/personal-music-searchengine/internal/handlers/handlers.go:159.27,160.22 1 0
github.com/gvasels/personal-music-searchengine/internal/handlers/handlers.go:160.22,162.4 1 0
github.com/gvasels/personal-music-searchengine/internal/handlers/handlers.go:164.2,164.14 1 0
github.com/gvasels/personal-music-searchengine/internal/handlers/handlers.go:169.50,171.2 1 1
github.com/gvasels/personal-music-searchengine/internal/handlers/handlers.go:174.51,177.29 2 1
github.com/gvasels/personal-music-searchengine/internal/handlers/handlers.go:177.29,179.3 1 1
github.com/gvasels/personal-music-searchengine/internal/handlers/handlers.go:182.2,182.98 1 1
github.com/gvasels/personal-music-searchengine/internal/handlers/handlers.go:186.59,187.34 1 1
github.com/gvasels/personal-music-searchengine/internal/handlers/handlers.go:187.34,189.3 1 1
github.com/gvasels/personal-music-searchengine/internal/handlers/handlers.go:191.2,191.38 1 1
github.com/gvasels/personal-music-searchengine/internal/handlers/handlers.go:191.38,193.3 1 0
github.com/gvasels/personal-music-searchengine/internal/handlers/handlers.go:195.2,195.12 1 1
github.com/gvasels/personal-music-searchengine/internal/handlers/handlers.go:199.54,201.2 1 1
github.com/gvasels/personal-music-searchengine/internal/handlers/handlers.go:211.58,216.2 1 1
github.com/gvasels/personal-music-searchengine/internal/handlers/handlers.go:219.54,221.2 1 1
github.com/gvasels/personal-music-searchengine/internal/handlers/handlers.go:224.38,226.2 1 1
github.com/gvasels/personal-music-searchengine/internal/handlers/hotcue.go:18.72,20.2 1 0
github.com/gvasels/personal-music-searchengine/internal/handlers/hotcue.go:24.57,29.16 4 0
github.com/gvasels/personal-music-searchengine/internal/handlers/hotcue.go:29.16,31.3 1 0
github.com/gvasels/personal-music-searchengine/internal/handlers/hotcue.go:33.2,34.37 2 0
github.com/gvasels/personal-music-searchengine/internal/handlers/hotcue.go:34.37,36.3 1 0
github.com/gvasels/personal-music-searchengine/internal/handlers/hotcue.go:38.2,39.16 2 0
github.com/gvasels/personal-music-searchengine/internal/handlers/hotcue.go:39.16,40.39 1 0
github.com/gvasels/personal-music-searchengine/internal/handlers/hotcue.go:40.39,42.4 1 0
github.com/gvasels/personal-music-searchengine/internal/handlers/hotcue.go:43.3,43.82 1 0
github.com/gvasels/personal-music-searchengine/internal/handlers/hotcue.go:43.82,45.4 1 0
github.com/gvasels/personal-music-searchengine/internal/handlers/hotcue.go:46.3,46.63 1 0
github.com/gvasels/personal-music-searchengine/internal/handlers/hotcue.go:49.2,56.4 1 0
github.com/gvasels/personal-music-searchengine/internal/handlers/hotcue.go:61.60,66.16 4 0
github.com/gvasels/personal-music-searchengine/internal/handlers/hotcue.go:66.16,68.3 1 0
github.com/gvasels/personal-music-searchengine/internal/handlers/hotcue.go:70.2,70.95 1 0
github.com/gvasels/personal-music-searchengine/internal/handlers/hotcue.go:70.95,71.39 1 0
github.com/gvasels/personal-music-searchengine/internal/handlers/hotcue.go:71.39,73.4 1 0
github.com/gvasels/personal-music-searchengine/internal/handlers/hotcue.go:74.3,74.63 1 0
github.com/gvasels/personal-music-searchengine/internal/handlers/hotcue.go:77.2,77.42 1 0
github.com/gvasels/personal-music-searchengine/internal/handlers/hotcue.go:82.58,87.16 4 0
github.com/gvasels/personal-music-searchengine/internal/handlers/hotcue.go:87.16,88.39 1 0
github.com/gvasels/personal-music-searchengine/internal/handlers/hotcue.go:88.39,90.4 1 0
github.com/gvasels/personal-music-searchengine/internal/handlers/hotcue.go:91.3,91.85 1 0
github.com/gvasels/personal-music-searchengine/internal/handlers/hotcue.go:94.2,94.39 1 0
github.com/gvasels/personal-music-searchengine/internal/handlers/hotcue.go:99.60,103.92 3 0
github.com/gvasels/personal-music-searchengine/internal/handlers/hotcue.go:103.92,104.39 1 0
github.com/gvasels/personal-music-searchengine/internal/handlers/hotcue.go:104.39,106.4 1 0
github.com/gvasels/personal-music-searchengine/internal/handlers/hotcue.go:107.3,107.87 1 0
github.com/gvasels/personal-music-searchengine/internal/handlers/hotcue.go:110.2,110.42 1 0
github.com/gvasels/personal-music-searchengine/internal/handlers/hotcue.go:114.60,119.2 4 0
github.com/gvasels/personal-music-searchengine/internal/handlers/playlist.go:9.56,11.18 2 0
github.com/gvasels/personal-music-searchengine/internal/handlers/playlist.go:11.18,13.3 1 0
github.com/gvasels/personal-music-searchengine/internal/handlers/playlist.go:15.2,16.40 2 0
github.com/gvasels/personal-music-searchengine/internal/handlers/playlist.go:16.40,18.3 1 0
github.com/gvasels/personal-music-searchengine/internal/handlers/playlist.go:20.2,21.16 2 0
github.com/gvasels/personal-music-searchengine/internal/handlers/playlist.go:21.16,23.3 1 0
github.com/gvasels/personal-music-searchengine/internal/handlers/playlist.go:25.2,25.30 1 0
github.com/gvasels/personal-music-searchengine/internal/handlers/playlist.go:29.57,31.18 2 0
github.com/gvasels/personal-music-searchengine/internal/handlers/playlist.go:31.18,33.3 1 0
github.com/gvasels/personal-music-searchengine/internal/handlers/playlist.go:35.2,36.49 2 0
github.com/gvasels/personal-music-searchengine/internal/handlers/playlist.go:36.49,38.3 1 0
github.com/gvasels/personal-music-searchengine/internal/handlers/playlist.go:40.2,41.16 2 0
github.com/gvasels/personal-music-searchengine/internal/handlers/playlist.go:41.16,43.3 1 0
github.com/gvasels/personal-music-searchengine/internal/handlers/playlist.go:45.2,45.29 1 0
github.com/gvasels/personal-music-searchengine/internal/handlers/playlist.go:49.54,51.18 2 0
github.com/gvasels/personal-music-searchengine/internal/handlers/playlist.go:51.18,53.3 1 0
github.com/gvasels/personal-music-searchengine/internal/handlers/playlist.go:55.2,56.22 2 0
github.com/gvasels/personal-music-searchengine/internal/handlers/playlist.go:56.22,58.3 1 0
github.com/gvasels/personal-music-searchengine/internal/handlers/playlist.go:60.2,61.16 2 0
github.com/gvasels/personal-music-searchengine/internal/handlers/playlist.go:61.16,63.3 1 0
github.com/gvasels/personal-music-searchengine/internal/handlers/playlist.go:65.2,65.29 1 0
github.com/gvasels/personal-music-searchengine/internal/handlers/playlist.go:69.57,71.18 2 0
github.com/gvasels/personal-music-searchengine/internal/handlers/playlist.go:71.18,73.3 1 0
github.com/gvasels/personal-music-searchengine/internal/handlers/playlist.go:75.2,76.22 2 0
github.com/gvasels/personal-music-searchengine/internal/handlers/playlist.go:76.22,78.3 1 0
github.com/gvasels/personal-music-searchengine/internal/handlers/playlist.go:80.2,81.49 2 0
github.com/gvasels/personal-music-searchengine/internal/handlers/playlist.go:81.49,83.3 1 0
github.com/gvasels/personal-music-searchengine/internal/handlers/playlist.go:85.2,86.16 2 0
github.com/gvasels/personal-music-searchengine/internal/handlers/playlist.go:86.16,88.3 1 0
github.com/gvasels/personal-music-searchengine/internal/handlers/playlist.go:90.2,90.29 1 0
github.com/gvasels/personal-music-searchengine/internal/handlers/playlist.go:94.57,96.18 2 0
github.com/gvasels/personal-music-searchengine/internal/handlers/playlist.go:96.18,98.3 1 0
github.com/gvasels/personal-music-searchengine/internal/handlers/playlist.go:100.2,101.22 2 0
github.com/gvasels/personal-music-searchengine/internal/handlers/playlist.go:101.22,103.3 1 0
github.com/gvasels/personal-music-searchengine/internal/handlers/playlist.go:105.2,105.102 1 0
github.com/gvasels/personal-music-searchengine/internal/handlers/playlist.go:105.102,107.3 1 0
github.com/gvasels/personal-music-searchengine/internal/handlers/playlist.go:109.2,109.21 1 0
github.com/gvasels/personal-music-searchengine/internal/handlers/playlist.go:113.62,115.18 2 0
github.com/gvasels/personal-music-searchengine/internal/handlers/playlist.go:115.18,117.3 1 0
github.com/gvasels/personal-music-searchengine/internal/handlers/playlist.go:119.2,120.22 2 0
github.com/gvasels/personal-music-searchengine/internal/handlers/playlist.go:120.22,122.3 1 0
github.com/gvasels/personal-music-searchengine/internal/handlers/playlist.go:124.2,125.49 2 0
github.com/gvasels/personal-music-searchengine/internal/handlers/playlist.go:125.49,127.3 1 0
github.com/gvasels/personal-music-searchengine/internal/handlers/playlist.go:129.2,130.16 2 0
github.com/gvasels/personal-music-searchengine/internal/handlers/playlist.go:130.16,132.3 1 0
github.com/gvasels/personal-music-searchengine/internal/handlers/playlist.go:134.2,134.29 1 0
github.com/gvasels/personal-music-searchengine/internal/handlers/playlist.go:138.67,140.18 2 0
github.com/gvasels/personal-music-searchengine/internal/handlers/playlist.go:140.18,142.3 1 0
github.com/gvasels/personal-music-searchengine/internal/handlers/playlist.go:144.2,145.22 2 0
github.com/gvasels/personal-music-searchengine/internal/handlers/playlist.go:145.22,147.3 1 0
github.com/gvasels/personal-music-searchengine/internal/handlers/playlist.go:149.2,150.49 2 0
github.com/gvasels/personal-music-searchengine/internal/handlers/playlist.go:150.49,152.3 1 0
github.com/gvasels/personal-music-searchengine/internal/handlers/playlist.go:154.2,155.16 2 0
github.com/gvasels/personal-music-searchengine/internal/handlers/playlist.go:155.16,157.3 1 0
github.com/gvasels/personal-music-searchengine/internal/handlers/playlist.go:159.2,159.29 1 0
github.com/gvasels/personal-music-searchengine/internal/handlers/playlist.go:163.64,165.18 2 0
github.com/gvasels/personal-music-searchengine/internal/handlers/playlist.go:165.18,167.3 1 0
github.com/gvasels/personal-music-searchengine/internal/handlers/playlist.go:169.2,170.22 2 0
github.com/gvasels/personal-music-searchengine/internal/handlers/playlist.go:170.22,172.3 1 0
github.com/gvasels/personal-music-searchengine/internal/handlers/playlist.go:174.2,175.49 2 0
github.com/gvasels/personal-music-searchengine/internal/handlers/playlist.go:175.49,177.3 1 0
github.com/gvasels/personal-music-searchengine/internal/handlers/playlist.go:179.2,180.16 2 0
github.com/gvasels/personal-music-searchengine/internal/handlers/playlist.go:180.16,182.3 1 0
github.com/gvasels/personal-music-searchengine/internal/handlers/playlist.go:184.2,184.29 1 0
github.com/gvasels/personal-music-searchengine/internal/handlers/search.go:9.55,11.18 2 0
github.com/gvasels/personal-music-searchengine/internal/handlers/search.go:11.18,13.3 1 0
github.com/gvasels/personal-music-searchengine/internal/handlers/search.go:16.2,17.17 2 0
github.com/gvasels/personal-music-searchengine/internal/handlers/search.go:17.17,19.3 1 0
github.com/gvasels/personal-music-searchengine/internal/handlers/search.go:20.2,20.17 1 0
github.com/gvasels/personal-music-searchengine/internal/handlers/search.go:20.17,22.3 1 0
github.com/gvasels/personal-music-searchengine/internal/handlers/search.go:25.2,32.55 2 0
github.com/gvasels/personal-music-searchengine/internal/handlers/search.go:32.55,35.3 1 0
github.com/gvasels/personal-music-searchengine/internal/handlers/search.go:37.2,38.16 2 0
github.com/gvasels/personal-music-searchengine/internal/handlers/search.go:38.16,40.3 1 0
github.com/gvasels/personal-music-searchengine/internal/handlers/search.go:42.2,42.25 1 0
github.com/gvasels/personal-music-searchengine/internal/handlers/search.go:46.57,48.18 2 0
github.com/gvasels/personal-music-searchengine/internal/handlers/search.go:48.18,50.3 1 0
github.com/gvasels/personal-music-searchengine/internal/handlers/search.go:52.2,53.49 2 0
github.com/gvasels/personal-music-searchengine/internal/handlers/search.go:53.49,55.3 1 0
github.com/gvasels/personal-music-searchengine/internal/handlers/search.go:57.2,58.16 2 0
github.com/gvasels/personal-music-searchengine/internal/handlers/search.go:58.16,60.3 1 0
github.com/gvasels/personal-music-searchengine/internal/handlers/search.go:62.2,62.25 1 0
github.com/gvasels/personal-music-searchengine/internal/handlers/search.go:66.55,68.18 2 0
github.com/gvasels/personal-music-searchengine/internal/handlers/search.go:68.18,70.3 1 0
github.com/gvasels/personal-music-searchengine/internal/handlers/search.go:72.2,73.17 2 0
github.com/gvasels/personal-music-searchengine/internal/handlers/search.go:73.17,75.3 1 0
github.com/gvasels/personal-music-searchengine/internal/handlers/search.go:77.2,78.16 2 0
github.com/gvasels/personal-music-searchengine/internal/handlers/search.go:78.16,80.3 1 0
github.com/gvasels/personal-music-searchengine/internal/handlers/search.go:82.2,82.25 1 0
github.com/gvasels/personal-music-searchengine/internal/handlers/stream.go:9.55,11.18 2 0
github.com/gvasels/personal-music-searchengine/internal/handlers/stream.go:11.18,13.3 1 0
github.com/gvasels/personal-music-searchengine/internal/handlers/stream.go:15.2,16.19 2 0
github.com/gvasels/personal-music-searchengine/internal/handlers/stream.go:16.19,18.3 1 0
github.com/gvasels/personal-music-searchengine/internal/handlers/stream.go:20.2,21.16 2 0
github.com/gvasels/personal-music-searchengine/internal/handlers/stream.go:21.16,23.3 1 0
github.com/gvasels/personal-music-searchengine/internal/handlers/stream.go:25.2,25.25 1 0
github.com/gvasels/personal-music-searchengine/internal/handlers/stream.go:29.57,31.18 2 0
github.com/gvasels/personal-music-searchengine/internal/handlers/stream.go:31.18,33.3 1 0
github.com/gvasels/personal-music-searchengine/internal/handlers/stream.go:35.2,36.19 2 0
github.com/gvasels/personal-music-searchengine/internal/handlers/stream.go:36.19,38.3 1 0
github.com/gvasels/personal-music-searchengine/internal/handlers/stream.go:40.2,41.16 2 0
github.com/gvasels/personal-music-searchengine/internal/handlers/stream.go:41.16,43.3 1 0
github.com/gvasels/personal-music-searchengine/internal/handlers/stream.go:45.2,45.25 1 0
github.com/gvasels/personal-music-searchengine/internal/handlers/subscription.go:18.96,22.2 1 0
github.com/gvasels/personal-music-searchengine/internal/handlers/subscription.go:26.69,30.16 3 0
github.com/gvasels/personal-music-searchengine/internal/handlers/subscription.go:30.16,32.3 1 0
github.com/gvasels/personal-music-searchengine/internal/handlers/subscription.go:34.2,34.35 1 0
github.com/gvasels/personal-music-searchengine/internal/handlers/subscription.go:39.62,42.2 2 0
github.com/gvasels/personal-music-searchengine/internal/handlers/subscription.go:46.69,50.16 3 0
github.com/gvasels/personal-music-searchengine/internal/handlers/subscription.go:50.16,52.3 1 0
github.com/gvasels/personal-music-searchengine/internal/handlers/subscription.go:54.2,54.37 1 0
github.com/gvasels/personal-music-searchengine/internal/handlers/subscription.go:59.75,63.37 3 0
github.com/gvasels/personal-music-searchengine/internal/handlers/subscription.go:63.37,65.3 1 0
github.com/gvasels/personal-music-searchengine/internal/handlers/subscription.go:68.2,69.22 2 0
github.com/gvasels/personal-music-searchengine/internal/handlers/subscription.go:69.22,71.3 1 0
github.com/gvasels/personal-music-searchengine/internal/handlers/subscription.go:72.2,73.21 2 0
github.com/gvasels/personal-music-searchengine/internal/handlers/subscription.go:73.21,75.3 1 0
github.com/gvasels/personal-music-searchengine/internal/handlers/subscription.go:77.2,78.16 2 0
github.com/gvasels/personal-music-searchengine/internal/handlers/subscription.go:78.16,80.3 1 0
github.com/gvasels/personal-music-searchengine/internal/handlers/subscription.go:82.2,82.39 1 0
github.com/gvasels/personal-music-searchengine/internal/handlers/subscription.go:87.73,91.21 3 0
github.com/gvasels/personal-music-searchengine/internal/handlers/subscription.go:91.21,93.3 1 0
github.com/gvasels/personal-music-searchengine/internal/handlers/subscription.go:95.2,96.16 2 0
github.com/gvasels/personal-music-searchengine/internal/handlers/subscription.go:96.16,97.45 1 0
github.com/gvasels/personal-music-searchengine/internal/handlers/subscription.go:97.45,99.4 1 0
github.com/gvasels/personal-music-searchengine/internal/handlers/subscription.go:100.3,100.72 1 0
github.com/gvasels/personal-music-searchengine/internal/handlers/subscription.go:103.2,103.39 1 0
github.com/gvasels/personal-music-searchengine/internal/handlers/subscription.go:108.73,115.73 2 0
github.com/gvasels/personal-music-searchengine/internal/handlers/subscription.go:115.73,117.3 1 0
github.com/gvasels/personal-music-searchengine/internal/handlers/subscription.go:120.2,121.9 2 0
github.com/gvasels/personal-music-searchengine/internal/handlers/subscription.go:121.9,123.3 1 0
github.com/gvasels/personal-music-searchengine/internal/handlers/subscription.go:125.2,125.105 1 0
github.com/gvasels/personal-music-searchengine/internal/handlers/subscription.go:125.105,127.3 1 0
github.com/gvasels/personal-music-searchengine/internal/handlers/subscription.go:129.2,129.35 1 0
github.com/gvasels/personal-music-searchengine/internal/handlers/subscription.go:133.72,139.2 5 0
github.com/gvasels/personal-music-searchengine/internal/handlers/subscription.go:142.67,144.2 1 0
github.com/gvasels/personal-music-searchengine/internal/handlers/tag.go:9.51,11.18 2 0
github.com/gvasels/personal-music-searchengine/internal/handlers/tag.go:11.18,13.3 1 0
github.com/gvasels/personal-music-searchengine/internal/handlers/tag.go:15.2,16.16 2 0
github.com/gvasels/personal-music-searchengine/internal/handlers/tag.go:16.16,18.3 1 0
github.com/gvasels/personal-music-searchengine/internal/handlers/tag.go:20.2,20.29 1 0
github.com/gvasels/personal-music-searchengine/internal/handlers/tag.go:24.52,26.18 2 0
github.com/gvasels/personal-music-searchengine/internal/handlers/tag.go:26.18,28.3 1 0
github.com/gvasels/personal-music-searchengine/internal/handlers/tag.go:30.2,31.49 2 0
github.com/gvasels/personal-music-searchengine/internal/handlers/tag.go:31.49,33.3 1 0
github.com/gvasels/personal-music-searchengine/internal/handlers/tag.go:35.2,36.16 2 0
github.com/gvasels/personal-music-searchengine/internal/handlers/tag.go:36.16,38.3 1 0
github.com/gvasels/personal-music-searchengine/internal/handlers/tag.go:40.2,40.24 1 0
github.com/gvasels/personal-music-searchengine/internal/handlers/tag.go:44.49,46.18 2 0
github.com/gvasels/personal-music-searchengine/internal/handlers/tag.go:46.18,48.3 1 0
github.com/gvasels/personal-music-searchengine/internal/handlers/tag.go:50.2,51.19 2 0
github.com/gvasels/personal-music-searchengine/internal/handlers/tag.go:51.19,53.3 1 0
github.com/gvasels/personal-music-searchengine/internal/handlers/tag.go:55.2,56.16 2 0
github.com/gvasels/personal-music-searchengine/internal/handlers/tag.go:56.16,58.3 1 0
github.com/gvasels/personal-music-searchengine/internal/handlers/tag.go:60.2,60.24 1 0
github.com/gvasels/personal-music-searchengine/internal/handlers/tag.go:64.52,66.18 2 0
github.com/gvasels/personal-music-searchengine/internal/handlers/tag.go:66.18,68.3 1 0
github.com/gvasels/personal-music-searchengine/internal/handlers/tag.go:70.2,71.19 2 0
github.com/gvasels/personal-music-searchengine/internal/handlers/tag.go:71.19,73.3 1 0
github.com/gvasels/personal-music-searchengine/internal/handlers/tag.go:75.2,76.49 2 0
github.com/gvasels/personal-music-searchengine/internal/handlers/tag.go:76.49,78.3 1 0
github.com/gvasels/personal-music-searchengine/internal/handlers/tag.go:80.2,81.16 2 0
github.com/gvasels/personal-music-searchengine/internal/handlers/tag.go:81.16,83.3 1 0
github.com/gvasels/personal-music-searchengine/internal/handlers/tag.go:85.2,85.24 1 0
github.com/gvasels/personal-music-searchengine/internal/handlers/tag.go:89.52,91.18 2 0
github.com/gvasels/personal-music-searchengine/internal/handlers/tag.go:91.18,93.3 1 0
github.com/gvasels/personal-music-searchengine/internal/handlers/tag.go:95.2,96.19 2 0
github.com/gvasels/personal-music-searchengine/internal/handlers/tag.go:96.19,98.3 1 0
github.com/gvasels/personal-music-searchengine/internal/handlers/tag.go:100.2,100.89 1 0
github.com/gvasels/personal-music-searchengine/internal/handlers/tag.go:100.89,102.3 1 0
github.com/gvasels/personal-music-searchengine/internal/handlers/tag.go:104.2,104.21 1 0
github.com/gvasels/personal-music-searchengine/internal/handlers/tag.go:108.57,110.18 2 0
github.com/gvasels/personal-music-searchengine/internal/handlers/tag.go:110.18,112.3 1 0
github.com/gvasels/personal-music-searchengine/internal/handlers/tag.go:114.2,115.19 2 0
github.com/gvasels/personal-music-searchengine/internal/handlers/tag.go:115.19,117.3 1 0
github.com/gvasels/personal-music-searchengine/internal/handlers/tag.go:119.2,120.16 2 0
github.com/gvasels/personal-music-searchengine/internal/handlers/tag.go:120.16,122.3 1 0
github.com/gvasels/personal-music-searchengine/internal/handlers/tag.go:124.2,124.31 1 0
github.com/gvasels/personal-music-searchengine/internal/handlers/track.go:10.53,12.23 2 0
github.com/gvasels/personal-music-searchengine/internal/handlers/track.go:12.23,14.3 1 0
github.com/gvasels/personal-music-searchengine/internal/handlers/track.go:16.2,17.40 2 0
github.com/gvasels/personal-music-searchengine/internal/handlers/track.go:17.40,19.3 1 0
github.com/gvasels/personal-music-searchengine/internal/handlers/track.go:22.2,25.16 3 0
github.com/gvasels/personal-music-searchengine/internal/handlers/track.go:25.16,27.3 1 0
github.com/gvasels/personal-music-searchengine/internal/handlers/track.go:29.2,29.27 1 0
github.com/gvasels/personal-music-searchengine/internal/handlers/track.go:33.51,35.18 2 0
github.com/gvasels/personal-music-searchengine/internal/handlers/track.go:35.18,37.3 1 0
github.com/gvasels/personal-music-searchengine/internal/handlers/track.go:39.2,40.19 2 0
github.com/gvasels/personal-music-searchengine/internal/handlers/track.go:40.19,42.3 1 0
github.com/gvasels/personal-music-searchengine/internal/handlers/track.go:44.2,45.16 2 0
github.com/gvasels/personal-music-searchengine/internal/handlers/track.go:45.16,47.3 1 0
github.com/gvasels/personal-music-searchengine/internal/handlers/track.go:49.2,49.26 1 0
github.com/gvasels/personal-music-searchengine/internal/handlers/track.go:53.54,55.18 2 0
github.com/gvasels/personal-music-searchengine/internal/handlers/track.go:55.18,57.3 1 0
github.com/gvasels/personal-music-searchengine/internal/handlers/track.go:59.2,60.19 2 0
github.com/gvasels/personal-music-searchengine/internal/handlers/track.go:60.19,62.3 1 0
github.com/gvasels/personal-music-searchengine/internal/handlers/track.go:64.2,65.49 2 0
github.com/gvasels/personal-music-searchengine/internal/handlers/track.go:65.49,67.3 1 0
github.com/gvasels/personal-music-searchengine/internal/handlers/track.go:69.2,70.16 2 0
github.com/gvasels/personal-music-searchengine/internal/handlers/track.go:70.16,72.3 1 0
github.com/gvasels/personal-music-searchengine/internal/handlers/track.go:75.2,75.30 1 0
github.com/gvasels/personal-music-searchengine/internal/handlers/track.go:75.30,87.3 2 0
github.com/gvasels/personal-music-searchengine/internal/handlers/track.go:89.2,89.26 1 0
github.com/gvasels/personal-music-searchengine/internal/handlers/track.go:93.54,95.18 2 0
github.com/gvasels/personal-music-searchengine/internal/handlers/track.go:95.18,97.3 1 0
github.com/gvasels/personal-music-searchengine/internal/handlers/track.go:99.2,100.19 2 0
github.com/gvasels/personal-music-searchengine/internal/handlers/track.go:100.19,102.3 1 0
github.com/gvasels/personal-music-searchengine/internal/handlers/track.go:104.2,104.93 1 0
github.com/gvasels/personal-music-searchengine/internal/handlers/track.go:104.93,106.3 1 0
github.com/gvasels/personal-music-searchengine/internal/handlers/track.go:109.2,109.30 1 0
github.com/gvasels/personal-music-searchengine/internal/handlers/track.go:109.30,111.3 1 0
github.com/gvasels/personal-music-searchengine/internal/handlers/track.go:113.2,113.21 1 0
github.com/gvasels/personal-music-searchengine/internal/handlers/track.go:117.57,119.18 2 0
github.com/gvasels/personal-music-searchengine/internal/handlers/track.go:119.18,121.3 1 0
github.com/gvasels/personal-music-searchengine/internal/handlers/track.go:123.2,124.19 2 0
github.com/gvasels/personal-music-searchengine/internal/handlers/track.go:124.19,126.3 1 0
github.com/gvasels/personal-music-searchengine/internal/handlers/track.go:128.2,129.49 2 0
github.com/gvasels/personal-music-searchengine/internal/handlers/track.go:129.49,131.3 1 0
github.com/gvasels/personal-music-searchengine/internal/handlers/track.go:133.2,134.16 2 0
github.com/gvasels/personal-music-searchengine/internal/handlers/track.go:134.16,136.3 1 0
github.com/gvasels/personal-music-searchengine/internal/handlers/track.go:138.2,138.54 1 0
github.com/gvasels/personal-music-searchengine/internal/handlers/track.go:142.61,144.18 2 0
github.com/gvasels/personal-music-searchengine/internal/handlers/track.go:144.18,146.3 1 0
github.com/gvasels/personal-music-searchengine/internal/handlers/track.go:148.2,150.36 3 0
github.com/gvasels/personal-music-searchengine/internal/handlers/track.go:150.36,152.3 1 0
github.com/gvasels/personal-music-searchengine/internal/handlers/track.go:154.2,154.107 1 0
github.com/gvasels/personal-music-searchengine/internal/handlers/track.go:154.107,156.3 1 0
github.com/gvasels/personal-music-searchengine/internal/handlers/track.go:158.2,158.21 1 0
github.com/gvasels/personal-music-searchengine/internal/handlers/track.go:162.57,164.18 2 0
github.com/gvasels/personal-music-searchengine/internal/handlers/track.go:164.18,166.3 1 0
github.com/gvasels/personal-music-searchengine/internal/handlers/track.go:168.2,169.19 2 0
github.com/gvasels/personal-music-searchengine/internal/handlers/track.go:169.19,171.3 1 0
github.com/gvasels/personal-music-searchengine/internal/handlers/track.go:173.2,174.49 2 0
github.com/gvasels/personal-music-searchengine/internal/handlers/track.go:174.49,176.3 1 0
github.com/gvasels/personal-music-searchengine/internal/handlers/track.go:178.2,179.16 2 0
github.com/gvasels/personal-music-searchengine/internal/handlers/track.go:179.16,181.3 1 0
github.com/gvasels/personal-music-searchengine/internal/handlers/track.go:183.2,183.25 1 0
github.com/gvasels/personal-music-searchengine/internal/handlers/upload.go:9.64,11.18 2 0
github.com/gvasels/personal-music-searchengine/internal/handlers/upload.go:11.18,13.3 1 0
github.com/gvasels/personal-music-searchengine/internal/handlers/upload.go:15.2,16.49 2 0
github.com/gvasels/personal-music-searchengine/internal/handlers/upload.go:16.49,18.3 1 0
github.com/gvasels/personal-music-searchengine/internal/handlers/upload.go:20.2,21.16 2 0
github.com/gvasels/personal-music-searchengine/internal/handlers/upload.go:21.16,23.3 1 0
github.com/gvasels/personal-music-searchengine/internal/handlers/upload.go:25.2,25.25 1 0
github.com/gvasels/personal-music-searchengine/internal/handlers/upload.go:29.56,31.18 2 0
github.com/gvasels/personal-music-searchengine/internal/handlers/upload.go:31.18,33.3 1 0
github.com/gvasels/personal-music-searchengine/internal/handlers/upload.go:35.2,36.49 2 0
github.com/gvasels/personal-music-searchengine/internal/handlers/upload.go:36.49,38.3 1 0
github.com/gvasels/personal-music-searchengine/internal/handlers/upload.go:40.2,41.16 2 0
github.com/gvasels/personal-music-searchengine/internal/handlers/upload.go:41.16,43.3 1 0
github.com/gvasels/personal-music-searchengine/internal/handlers/upload.go:45.2,45.25 1 0
github.com/gvasels/personal-music-searchengine/internal/handlers/upload.go:49.66,51.18 2 0
github.com/gvasels/personal-music-searchengine/internal/handlers/upload.go:51.18,53.3 1 0
github.com/gvasels/personal-music-searchengine/internal/handlers/upload.go:55.2,56.49 2 0
github.com/gvasels/personal-music-searchengine/internal/handlers/upload.go:56.49,58.3 1 0
github.com/gvasels/personal-music-searchengine/internal/handlers/upload.go:60.2,61.16 2 0
github.com/gvasels/personal-music-searchengine/internal/handlers/upload.go:61.16,63.3 1 0
github.com/gvasels/personal-music-searchengine/internal/handlers/upload.go:65.2,65.25 1 0
github.com/gvasels/personal-music-searchengine/internal/handlers/upload.go:69.54,71.18 2 0
github.com/gvasels/personal-music-searchengine/internal/handlers/upload.go:71.18,73.3 1 0
github.com/gvasels/personal-music-searchengine/internal/handlers/upload.go:75.2,76.40 2 0
github.com/gvasels/personal-music-searchengine/internal/handlers/upload.go:76.40,78.3 1 0
github.com/gvasels/personal-music-searchengine/internal/handlers/upload.go:80.2,81.16 2 0
github.com/gvasels/personal-music-searchengine/internal/handlers/upload.go:81.16,83.3 1 0
github.com/gvasels/personal-music-searchengine/internal/handlers/upload.go:85.2,85.28 1 0
github.com/gvasels/personal-music-searchengine/internal/handlers/upload.go:89.58,91.18 2 0
github.com/gvasels/personal-music-searchengine/internal/handlers/upload.go:91.18,93.3 1 0
github.com/gvasels/personal-music-searchengine/internal/handlers/upload.go:95.2,96.20 2 0
github.com/gvasels/personal-music-searchengine/internal/handlers/upload.go:96.20,98.3 1 0
github.com/gvasels/personal-music-searchengine/internal/handlers/upload.go:100.2,101.16 2 0
github.com/gvasels/personal-music-searchengine/internal/handlers/upload.go:101.16,103.3 1 0
github.com/gvasels/personal-music-searchengine/internal/handlers/upload.go:105.2,105.27 1 0
github.com/gvasels/personal-music-searchengine/internal/handlers/upload.go:109.58,111.18 2 0
github.com/gvasels/personal-music-searchengine/internal/handlers/upload.go:111.18,113.3 1 0
github.com/gvasels/personal-music-searchengine/internal/handlers/upload.go:115.2,116.20 2 0
github.com/gvasels/personal-music-searchengine/internal/handlers/upload.go:116.20,118.3 1 0
github.com/gvasels/personal-music-searchengine/internal/handlers/upload.go:120.2,121.49 2 0
github.com/gvasels/personal-music-searchengine/internal/handlers/upload.go:121.49,123.3 1 0
github.com/gvasels/personal-music-searchengine/internal/handlers/upload.go:125.2,126.16 2 0
github.com/gvasels/personal-music-searchengine/internal/handlers/upload.go:126.16,128.3 1 0
github.com/gvasels/personal-music-searchengine/internal/handlers/upload.go:130.2,130.27 1 0
github.com/gvasels/personal-music-searchengine/internal/handlers/user.go:9.53,11.18 2 0
github.com/gvasels/personal-music-searchengine/internal/handlers/user.go:11.18,13.3 1 0
github.com/gvasels/personal-music-searchengine/internal/handlers/user.go:15.2,16.16 2 0
github.com/gvasels/personal-music-searchengine/internal/handlers/user.go:16.16,18.3 1 0
github.com/gvasels/personal-music-searchengine/internal/handlers/user.go:20.2,20.28 1 0
github.com/gvasels/personal-music-searchengine/internal/handlers/user.go:24.56,26.18 2 0
github.com/gvasels/personal-music-searchengine/internal/handlers/user.go:26.18,28.3 1 0
github.com/gvasels/personal-music-searchengine/internal/handlers/user.go:30.2,31.49 2 0
github.com/gvasels/personal-music-searchengine/internal/handlers/user.go:31.49,33.3 1 0
github.com/gvasels/personal-music-searchengine/internal/handlers/user.go:35.2,36.16 2 0
github.com/gvasels/personal-music-searchengine/internal/handlers/user.go:36.16,38.3 1 0
github.com/gvasels/personal-music-searchengine/internal/handlers/user.go:40.2,40.28 1 0
github.com/gvasels/personal-music-searchengine/cmd/api/config.go:35.36,49.33 2 0
github.com/gvasels/personal-music-searchengine/cmd/api/config.go:49.33,51.3 1 0
github.com/gvasels/personal-music-searchengine/cmd/api/config.go:52.2,52.31 1 0
github.com/gvasels/personal-music-searchengine/cmd/api/config.go:52.31,54.3 1 0
github.com/gvasels/personal-music-searchengine/cmd/api/config.go:56.2,56.17 1 0
github.com/gvasels/personal-music-searchengine/cmd/api/config.go:60.22,62.2 1 0
github.com/gvasels/personal-music-searchengine/cmd/api/config.go:65.55,66.42 1 0
github.com/gvasels/personal-music-searchengine/cmd/api/config.go:66.42,68.3 1 0
github.com/gvasels/personal-music-searchengine/cmd/api/config.go:69.2,69.21 1 0
github.com/gvasels/personal-music-searchengine/cmd/api/main.go:26.13,28.16 1 0
github.com/gvasels/personal-music-searchengine/cmd/api/main.go:28.16,30.17 2 0
github.com/gvasels/personal-music-searchengine/cmd/api/main.go:30.17,32.4 1 0
github.com/gvasels/personal-music-searchengine/cmd/api/main.go:33.3,33.36 1 0
github.com/gvasels/personal-music-searchengine/cmd/api/main.go:37.13,38.16 1 0
github.com/gvasels/personal-music-searchengine/cmd/api/main.go:38.16,41.3 1 0
github.com/gvasels/personal-music-searchengine/cmd/api/main.go:41.8,44.17 2 0
github.com/gvasels/personal-music-searchengine/cmd/api/main.go:44.17,46.4 1 0
github.com/gvasels/personal-music-searchengine/cmd/api/main.go:48.3,49.17 2 0
github.com/gvasels/personal-music-searchengine/cmd/api/main.go:49.17,51.4 1 0
github.com/gvasels/personal-music-searchengine/cmd/api/main.go:53.3,54.55 2 0
github.com/gvasels/personal-music-searchengine/cmd/api/main.go:54.55,56.4 1 0
github.com/gvasels/personal-music-searchengine/cmd/api/main.go:60.38,63.16 2 0
github.com/gvasels/personal-music-searchengine/cmd/api/main.go:63.16,65.3 1 0
github.com/gvasels/personal-music-searchengine/cmd/api/main.go:68.2,70.16 3 0
github.com/gvasels/personal-music-searchengine/cmd/api/main.go:70.16,72.3 1 0
github.com/gvasels/personal-music-searchengine/cmd/api/main.go:75.2,83.25 6 0
github.com/gvasels/personal-music-searchengine/cmd/api/main.go:83.25,85.75 1 0
github.com/gvasels/personal-music-searchengine/cmd/api/main.go:85.75,87.4 1 0
github.com/gvasels/personal-music-searchengine/cmd/api/main.go:88.3,88.59 1 0
github.com/gvasels/personal-music-searchengine/cmd/api/main.go:88.59,91.4 2 0
github.com/gvasels/personal-music-searchengine/cmd/api/main.go:92.3,92.62 1 0
github.com/gvasels/personal-music-searchengine/cmd/api/main.go:92.62,94.4 1 0
github.com/gvasels/personal-music-searchengine/cmd/api/main.go:95.3,95.77 1 0
github.com/gvasels/personal-music-searchengine/cmd/api/main.go:95.77,97.4 1 0
github.com/gvasels/personal-music-searchengine/cmd/api/main.go:98.8,103.3 4 0
github.com/gvasels/personal-music-searchengine/cmd/api/main.go:106.2,111.108 4 0
github.com/gvasels/personal-music-searchengine/cmd/api/main.go:111.108,115.3 1 0
github.com/gvasels/personal-music-searchengine/cmd/api/main.go:118.2,127.71 2 0
github.com/gvasels/personal-music-searchengine/cmd/api/main.go:127.71,130.3 2 0
github.com/gvasels/personal-music-searchengine/cmd/api/main.go:133.2,133.42 1 0
github.com/gvasels/personal-music-searchengine/cmd/api/main.go:133.42,136.3 2 0
github.com/gvasels/personal-music-searchengine/cmd/api/main.go:139.2,155.46 9 0
github.com/gvasels/personal-music-searchengine/cmd/api/main.go:155.46,157.3 1 0
github.com/gvasels/personal-music-searchengine/cmd/api/main.go:159.2,159.15 1 0
github.com/gvasels/personal-music-searchengine/cmd/api/validator.go:13.38,17.2 1 0
github.com/gvasels/personal-music-searchengine/cmd/api/validator.go:20.58,22.2 1 0
github.com/gvasels/personal-music-searchengine/cmd/gateway/main.go:21.13,23.16 1 0
github.com/gvasels/personal-music-searchengine/cmd/gateway/main.go:23.16,25.17 2 0
github.com/gvasels/personal-music-searchengine/cmd/gateway/main.go:25.17,27.4 1 0
github.com/gvasels/personal-music-searchengine/cmd/gateway/main.go:28.3,28.36 1 0
github.com/gvasels/personal-music-searchengine/cmd/gateway/main.go:32.13,33.16 1 0
github.com/gvasels/personal-music-searchengine/cmd/gateway/main.go:33.16,36.3 1 0
github.com/gvasels/personal-music-searchengine/cmd/gateway/main.go:36.8,39.17 2 0
github.com/gvasels/personal-music-searchengine/cmd/gateway/main.go:39.17,41.4 1 0
github.com/gvasels/personal-music-searchengine/cmd/gateway/main.go:43.3,44.17 2 0
github.com/gvasels/personal-music-searchengine/cmd/gateway/main.go:44.17,46.4 1 0
github.com/gvasels/personal-music-searchengine/cmd/gateway/main.go:48.3,49.45 2 0
github.com/gvasels/personal-music-searchengine/cmd/gateway/main.go:49.45,51.4 1 0
github.com/gvasels/personal-music-searchengine/cmd/gateway/main.go:55.38,60.18 3 0
github.com/gvasels/personal-music-searchengine/cmd/gateway/main.go:60.18,62.3 1 0
github.com/gvasels/personal-music-searchengine/cmd/gateway/main.go:64.2,65.16 2 0
github.com/gvasels/personal-music-searchengine/cmd/gateway/main.go:65.16,67.3 1 0
github.com/gvasels/personal-music-searchengine/cmd/gateway/main.go:70.2,90.18 11 0
github.com/gvasels/personal-music-searchengine/cmd/gateway/main.go:90.18,92.3 1 0
github.com/gvasels/personal-music-searchengine/cmd/gateway/main.go:95.2,98.46 2 0
github.com/gvasels/personal-music-searchengine/cmd/gateway/main.go:98.46,100.3 1 0
github.com/gvasels/personal-music-searchengine/cmd/gateway/main.go:102.2,102.15 1 0
github.com/gvasels/personal-music-searchengine/cmd/gateway/main.go:106.22,109.2 1 0
github.com/gvasels/personal-music-searchengine/cmd/gateway/main.go:112.54,113.54 1 0
github.com/gvasels/personal-music-searchengine/cmd/gateway/main.go:113.54,114.37 1 0
github.com/gvasels/personal-music-searchengine/cmd/gateway/main.go:114.37,116.29 1 0
github.com/gvasels/personal-music-searchengine/cmd/gateway/main.go:116.29,118.5 1 0
github.com/gvasels/personal-music-searchengine/cmd/gateway/main.go:121.4,122.18 2 0
github.com/gvasels/personal-music-searchengine/cmd/gateway/main.go:122.18,130.5 1 0
github.com/gvasels/personal-music-searchengine/cmd/gateway/main.go:133.4,134.81 2 0
github.com/gvasels/personal-music-searchengine/cmd/gateway/main.go:134.81,142.5 1 0
github.com/gvasels/personal-music-searchengine/cmd/gateway/main.go:144.4,145.23 2 0
github.com/gvasels/personal-music-searchengine/cmd/gateway/main.go:145.23,153.5 1 0
github.com/gvasels/personal-music-searchengine/cmd/gateway/main.go:155.4,155.18 1 0
github.com/gvasels/personal-music-searchengine/cmd/nixiesearch/main.go:141.13,144.21 3 0
github.com/gvasels/personal-music-searchengine/cmd/nixiesearch/main.go:144.21,146.3 1 0
github.com/gvasels/personal-music-searchengine/cmd/nixiesearch/main.go:149.47,150.21 1 0
github.com/gvasels/personal-music-searchengine/cmd/nixiesearch/main.go:150.21,152.3 1 0
github.com/gvasels/personal-music-searchengine/cmd/nixiesearch/main.go:154.2,155.16 2 0
github.com/gvasels/personal-music-searchengine/cmd/nixiesearch/main.go:155.16,157.3 1 0
github.com/gvasels/personal-music-searchengine/cmd/nixiesearch/main.go:159.2,160.12 2 0
github.com/gvasels/personal-music-searchengine/cmd/nixiesearch/main.go:163.43,164.17 1 0
github.com/gvasels/personal-music-searchengine/cmd/nixiesearch/main.go:164.17,166.3 1 0
github.com/gvasels/personal-music-searchengine/cmd/nixiesearch/main.go:168.2,171.17 3 0
github.com/gvasels/personal-music-searchengine/cmd/nixiesearch/main.go:171.17,173.3 1 0
github.com/gvasels/personal-music-searchengine/cmd/nixiesearch/main.go:176.2,180.16 2 0
github.com/gvasels/personal-music-searchengine/cmd/nixiesearch/main.go:180.16,188.3 3 0
github.com/gvasels/personal-music-searchengine/cmd/nixiesearch/main.go:189.2,192.74 3 0
github.com/gvasels/personal-music-searchengine/cmd/nixiesearch/main.go:192.74,194.3 1 0
github.com/gvasels/personal-music-searchengine/cmd/nixiesearch/main.go:196.2,198.12 3 0
github.com/gvasels/personal-music-searchengine/cmd/nixiesearch/main.go:201.43,206.16 4 0
github.com/gvasels/personal-music-searchengine/cmd/nixiesearch/main.go:206.16,208.3 1 0
github.com/gvasels/personal-music-searchengine/cmd/nixiesearch/main.go:210.2,216.16 2 0
github.com/gvasels/personal-music-searchengine/cmd/nixiesearch/main.go:216.16,218.3 1 0
github.com/gvasels/personal-music-searchengine/cmd/nixiesearch/main.go:220.2,220.12 1 0
github.com/gvasels/personal-music-searchengine/cmd/nixiesearch/main.go:223.72,224.43 1 0
github.com/gvasels/personal-music-searchengine/cmd/nixiesearch/main.go:224.43,226.3 1 0
github.com/gvasels/personal-music-searchengine/cmd/nixiesearch/main.go:228.2,228.39 1 0
github.com/gvasels/personal-music-searchengine/cmd/nixiesearch/main.go:228.39,230.3 1 0
github.com/gvasels/personal-music-searchengine/cmd/nixiesearch/main.go:232.2,232.23 1 0
github.com/gvasels/personal-music-searchengine/cmd/nixiesearch/main.go:233.16,234.40 1 0
github.com/gvasels/personal-music-searchengine/cmd/nixiesearch/main.go:235.15,236.39 1 0
github.com/gvasels/personal-music-searchengine/cmd/nixiesearch/main.go:237.16,238.40 1 0
github.com/gvasels/personal-music-searchengine/cmd/nixiesearch/main.go:239.20,240.43 1 0
github.com/gvasels/personal-music-searchengine/cmd/nixiesearch/main.go:241.10,242.99 1 0
github.com/gvasels/personal-music-searchengine/cmd/nixiesearch/main.go:246.79,248.16 2 0
github.com/gvasels/personal-music-searchengine/cmd/nixiesearch/main.go:248.16,250.3 1 0
github.com/gvasels/personal-music-searchengine/cmd/nixiesearch/main.go:252.2,253.53 2 0
github.com/gvasels/personal-music-searchengine/cmd/nixiesearch/main.go:253.53,255.3 1 0
github.com/gvasels/personal-music-searchengine/cmd/nixiesearch/main.go:257.2,257.22 1 0
github.com/gvasels/personal-music-searchengine/cmd/nixiesearch/main.go:257.22,259.3 1 0
github.com/gvasels/personal-music-searchengine/cmd/nixiesearch/main.go:260.2,260.23 1 0
github.com/gvasels/personal-music-searchengine/cmd/nixiesearch/main.go:260.23,262.3 1 0
github.com/gvasels/personal-music-searchengine/cmd/nixiesearch/main.go:264.2,270.38 5 0
github.com/gvasels/personal-music-searchengine/cmd/nixiesearch/main.go:270.38,272.71 1 0
github.com/gvasels/personal-music-searchengine/cmd/nixiesearch/main.go:272.71,273.12 1 0
github.com/gvasels/personal-music-searchengine/cmd/nixiesearch/main.go:277.3,277.122 1 0
github.com/gvasels/personal-music-searchengine/cmd/nixiesearch/main.go:277.122,278.12 1 0
github.com/gvasels/personal-music-searchengine/cmd/nixiesearch/main.go:280.3,280.119 1 0
github.com/gvasels/personal-music-searchengine/cmd/nixiesearch/main.go:280.119,281.12 1 0
github.com/gvasels/personal-music-searchengine/cmd/nixiesearch/main.go:283.3,283.68 1 0
github.com/gvasels/personal-music-searchengine/cmd/nixiesearch/main.go:283.68,284.12 1 0
github.com/gvasels/personal-music-searchengine/cmd/nixiesearch/main.go:286.3,286.70 1 0
github.com/gvasels/personal-music-searchengine/cmd/nixiesearch/main.go:286.70,287.12 1 0
github.com/gvasels/personal-music-searchengine/cmd/nixiesearch/main.go:289.3,289.66 1 0
github.com/gvasels/personal-music-searchengine/cmd/nixiesearch/main.go:289.66,290.12 1 0
github.com/gvasels/personal-music-searchengine/cmd/nixiesearch/main.go:294.3,295.36 2 0
github.com/gvasels/personal-music-searchengine/cmd/nixiesearch/main.go:295.36,306.4 1 0
github.com/gvasels/personal-music-searchengine/cmd/nixiesearch/main.go:310.2,310.42 1 0
github.com/gvasels/personal-music-searchengine/cmd/nixiesearch/main.go:310.42,312.3 1 0
github.com/gvasels/personal-music-searchengine/cmd/nixiesearch/main.go:315.2,316.32 2 0
github.com/gvasels/personal-music-searchengine/cmd/nixiesearch/main.go:316.32,318.3 1 0
github.com/gvasels/personal-music-searchengine/cmd/nixiesearch/main.go:320.2,326.8 1 0
github.com/gvasels/personal-music-searchengine/cmd/nixiesearch/main.go:329.57,330.17 1 0
github.com/gvasels/personal-music-searchengine/cmd/nixiesearch/main.go:330.17,332.3 1 0
github.com/gvasels/personal-music-searchengine/cmd/nixiesearch/main.go:334.2,342.14 6 0
github.com/gvasels/personal-music-searchengine/cmd/nixiesearch/main.go:346.62,347.17 1 0
github.com/gvasels/personal-music-searchengine/cmd/nixiesearch/main.go:347.17,349.3 1 0
github.com/gvasels/personal-music-searchengine/cmd/nixiesearch/main.go:351.2,356.30 4 0
github.com/gvasels/personal-music-searchengine/cmd/nixiesearch/main.go:356.30,358.3 1 0
github.com/gvasels/personal-music-searchengine/cmd/nixiesearch/main.go:361.2,361.47 1 0
github.com/gvasels/personal-music-searchengine/cmd/nixiesearch/main.go:361.47,363.3 1 0
github.com/gvasels/personal-music-searchengine/cmd/nixiesearch/main.go:366.2,366.46 1 0
github.com/gvasels/personal-music-searchengine/cmd/nixiesearch/main.go:366.46,368.3 1 0
github.com/gvasels/personal-music-searchengine/cmd/nixiesearch/main.go:371.2,372.29 2 0
github.com/gvasels/personal-music-searchengine/cmd/nixiesearch/main.go:372.29,373.42 1 0
github.com/gvasels/personal-music-searchengine/cmd/nixiesearch/main.go:373.42,375.9 2 0
github.com/gvasels/personal-music-searchengine/cmd/nixiesearch/main.go:381.2,381.29 1 0
github.com/gvasels/personal-music-searchengine/cmd/nixiesearch/main.go:381.29,386.24 5 0
github.com/gvasels/personal-music-searchengine/cmd/nixiesearch/main.go:386.24,388.4 1 0
github.com/gvasels/personal-music-searchengine/cmd/nixiesearch/main.go:391.3,392.17 2 0
github.com/gvasels/personal-music-searchengine/cmd/nixiesearch/main.go:392.17,394.4 1 0
github.com/gvasels/personal-music-searchengine/cmd/nixiesearch/main.go:395.3,395.17 1 0
github.com/gvasels/personal-music-searchengine/cmd/nixiesearch/main.go:395.17,397.4 1 0
github.com/gvasels/personal-music-searchengine/cmd/nixiesearch/main.go:399.3,399.46 1 0
github.com/gvasels/personal-music-searchengine/cmd/nixiesearch/main.go:399.46,402.26 2 0
github.com/gvasels/personal-music-searchengine/cmd/nixiesearch/main.go:402.26,404.5 1 0
github.com/gvasels/personal-music-searchengine/cmd/nixiesearch/main.go:408.2,408.14 1 0
github.com/gvasels/personal-music-searchengine/cmd/nixiesearch/main.go:412.35,413.17 1 0
github.com/gvasels/personal-music-searchengine/cmd/nixiesearch/main.go:413.17,415.3 1 0
github.com/gvasels/personal-music-searchengine/cmd/nixiesearch/main.go:416.2,416.17 1 0
github.com/gvasels/personal-music-searchengine/cmd/nixiesearch/main.go:416.17,418.3 1 0
github.com/gvasels/personal-music-searchengine/cmd/nixiesearch/main.go:421.2,422.24 2 0
github.com/gvasels/personal-music-searchengine/cmd/nixiesearch/main.go:422.24,425.3 2 0
github.com/gvasels/personal-music-searchengine/cmd/nixiesearch/main.go:426.2,426.31 1 0
github.com/gvasels/personal-music-searchengine/cmd/nixiesearch/main.go:426.31,428.3 1 0
github.com/gvasels/personal-music-searchengine/cmd/nixiesearch/main.go:431.2,431.31 1 0
github.com/gvasels/personal-music-searchengine/cmd/nixiesearch/main.go:431.31,432.32 1 0
github.com/gvasels/personal-music-searchengine/cmd/nixiesearch/main.go:432.32,434.24 2 0
github.com/gvasels/personal-music-searchengine/cmd/nixiesearch/main.go:434.24,436.5 1 0
github.com/gvasels/personal-music-searchengine/cmd/nixiesearch/main.go:437.4,441.5 1 0
github.com/gvasels/personal-music-searchengine/cmd/nixiesearch/main.go:445.2,445.31 1 0
github.com/gvasels/personal-music-searchengine/cmd/nixiesearch/main.go:449.27,450.11 1 0
github.com/gvasels/personal-music-searchengine/cmd/nixiesearch/main.go:450.11,451.12 1 0
github.com/gvasels/personal-music-searchengine/cmd/nixiesearch/main.go:451.12,453.4 1 0
github.com/gvasels/personal-music-searchengine/cmd/nixiesearch/main.go:454.3,454.11 1 0
github.com/gvasels/personal-music-searchengine/cmd/nixiesearch/main.go:456.2,456.11 1 0
github.com/gvasels/personal-music-searchengine/cmd/nixiesearch/main.go:456.11,458.3 1 0
github.com/gvasels/personal-music-searchengine/cmd/nixiesearch/main.go:459.2,459.10 1 0
github.com/gvasels/personal-music-searchengine/cmd/nixiesearch/main.go:462.78,464.16 2 0
github.com/gvasels/personal-music-searchengine/cmd/nixiesearch/main.go:464.16,466.3 1 0
github.com/gvasels/personal-music-searchengine/cmd/nixiesearch/main.go:468.2,469.51 2 0
github.com/gvasels/personal-music-searchengine/cmd/nixiesearch/main.go:469.51,471.3 1 0
github.com/gvasels/personal-music-searchengine/cmd/nixiesearch/main.go:473.2,480.39 6 0
github.com/gvasels/personal-music-searchengine/cmd/nixiesearch/main.go:480.39,482.3 1 0
github.com/gvasels/personal-music-searchengine/cmd/nixiesearch/main.go:484.2,490.8 1 0
github.com/gvasels/personal-music-searchengine/cmd/nixiesearch/main.go:493.79,495.16 2 0
github.com/gvasels/personal-music-searchengine/cmd/nixiesearch/main.go:495.16,497.3 1 0
github.com/gvasels/personal-music-searchengine/cmd/nixiesearch/main.go:499.2,500.51 2 0
github.com/gvasels/personal-music-searchengine/cmd/nixiesearch/main.go:500.51,502.3 1 0
github.com/gvasels/personal-music-searchengine/cmd/nixiesearch/main.go:504.2,506.12 3 0
github.com/gvasels/personal-music-searchengine/cmd/nixiesearch/main.go:506.12,509.3 2 0
github.com/gvasels/personal-music-searchengine/cmd/nixiesearch/main.go:510.2,512.12 2 0
github.com/gvasels/personal-music-searchengine/cmd/nixiesearch/main.go:512.12,513.40 1 0
github.com/gvasels/personal-music-searchengine/cmd/nixiesearch/main.go:513.40,515.4 1 0
github.com/gvasels/personal-music-searchengine/cmd/nixiesearch/main.go:518.2,524.8 1 0
github.com/gvasels/personal-music-searchengine/cmd/nixiesearch/main.go:527.82,529.16 2 0
github.com/gvasels/personal-music-searchengine/cmd/nixiesearch/main.go:529.16,531.3 1 0
github.com/gvasels/personal-music-searchengine/cmd/nixiesearch/main.go:533.2,534.51 2 0
github.com/gvasels/personal-music-searchengine/cmd/nixiesearch/main.go:534.51,536.3 1 0
github.com/gvasels/personal-music-searchengine/cmd/nixiesearch/main.go:538.2,540.36 3 0
github.com/gvasels/personal-music-searchengine/cmd/nixiesearch/main.go:540.36,544.3 3 0
github.com/gvasels/personal-music-searchengine/cmd/nixiesearch/main.go:545.2,548.39 3 0
[...]
github.com/gvasels/personal-music-searchengine/internal/service/tag.go:184.35,186.3 1 1
github.com/gvasels/personal-music-searchengine/internal/service/tag.go:188.2,189.30 2 1
github.com/gvasels/personal-music-searchengine/internal/service/tag.go:189.30,191.3 1 1
github.com/gvasels/personal-music-searchengine/internal/service/tag.go:193.2,194.56 2 1
github.com/gvasels/personal-music-searchengine/internal/service/tag.go:194.56,196.3 1 0
github.com/gvasels/personal-music-searchengine/internal/service/tag.go:198.2,198.21 1 1
github.com/gvasels/personal-music-searchengine/internal/service/tag.go:201.101,206.16 3 1
github.com/gvasels/personal-music-searchengine/internal/service/tag.go:206.16,207.36 1 0
github.com/gvasels/personal-music-searchengine/internal/service/tag.go:207.36,209.4 1 0
github.com/gvasels/personal-music-searchengine/internal/service/tag.go:210.3,210.13 1 0
github.com/gvasels/personal-music-searchengine/internal/service/tag.go:214.2,214.88 1 1
github.com/gvasels/personal-music-searchengine/internal/service/tag.go:214.88,216.3 1 0
github.com/gvasels/personal-music-searchengine/internal/service/tag.go:219.2,220.31 2 1
github.com/gvasels/personal-music-searchengine/internal/service/tag.go:220.31,221.26 1 1
github.com/gvasels/personal-music-searchengine/internal/service/tag.go:221.26,223.4 1 1
github.com/gvasels/personal-music-searchengine/internal/service/tag.go:226.2,227.40 2 1
github.com/gvasels/personal-music-searchengine/internal/service/tag.go:230.114,235.16 3 1
github.com/gvasels/personal-music-searchengine/internal/service/tag.go:235.16,236.36 1 1
github.com/gvasels/personal-music-searchengine/internal/service/tag.go:236.36,238.4 1 1
github.com/gvasels/personal-music-searchengine/internal/service/tag.go:239.3,239.18 1 0
github.com/gvasels/personal-music-searchengine/internal/service/tag.go:242.2,243.16 2 1
github.com/gvasels/personal-music-searchengine/internal/service/tag.go:243.16,245.3 1 0
github.com/gvasels/personal-music-searchengine/internal/service/tag.go:247.2,248.31 2 1
github.com/gvasels/personal-music-searchengine/internal/service/tag.go:248.31,250.3 1 1
github.com/gvasels/personal-music-searchengine/internal/service/tag.go:252.2,252.23 1 1
github.com/gvasels/personal-music-searchengine/internal/service/track.go:18.95,23.2 1 0
github.com/gvasels/personal-music-searchengine/internal/service/track.go:25.109,27.16 2 0
github.com/gvasels/personal-music-searchengine/internal/service/track.go:27.16,28.36 1 0
github.com/gvasels/personal-music-searchengine/internal/service/track.go:28.36,30.4 1 0
github.com/gvasels/personal-music-searchengine/internal/service/track.go:31.3,31.18 1 0
github.com/gvasels/personal-music-searchengine/internal/service/track.go:34.2,35.29 2 0
github.com/gvasels/personal-music-searchengine/internal/service/track.go:35.29,38.17 2 0
github.com/gvasels/personal-music-searchengine/internal/service/track.go:38.17,40.4 1 0
github.com/gvasels/personal-music-searchengine/internal/service/track.go:43.2,44.23 2 0
github.com/gvasels/personal-music-searchengine/internal/service/track.go:47.143,49.16 2 0
github.com/gvasels/personal-music-searchengine/internal/service/track.go:49.16,50.36 1 0
github.com/gvasels/personal-music-searchengine/internal/service/track.go:50.36,52.4 1 0
github.com/gvasels/personal-music-searchengine/internal/service/track.go:53.3,53.18 1 0
github.com/gvasels/personal-music-searchengine/internal/service/track.go:57.2,57.22 1 0
github.com/gvasels/personal-music-searchengine/internal/service/track.go:57.22,59.3 1 0
github.com/gvasels/personal-music-searchengine/internal/service/track.go:60.2,60.23 1 0
github.com/gvasels/personal-music-searchengine/internal/service/track.go:60.23,62.3 1 0
github.com/gvasels/personal-music-searchengine/internal/service/track.go:63.2,63.28 1 0
github.com/gvasels/personal-music-searchengine/internal/service/track.go:63.28,65.3 1 0
github.com/gvasels/personal-music-searchengine/internal/service/track.go:66.2,66.22 1 0
github.com/gvasels/personal-music-searchengine/internal/service/track.go:66.22,68.3 1 0
github.com/gvasels/personal-music-searchengine/internal/service/track.go:69.2,69.22 1 0
github.com/gvasels/personal-music-searchengine/internal/service/track.go:69.22,71.3 1 0
github.com/gvasels/personal-music-searchengine/internal/service/track.go:72.2,72.21 1 0
github.com/gvasels/personal-music-searchengine/internal/service/track.go:72.21,74.3 1 0
github.com/gvasels/personal-music-searchengine/internal/service/track.go:75.2,75.28 1 0
github.com/gvasels/personal-music-searchengine/internal/service/track.go:75.28,77.3 1 0
github.com/gvasels/personal-music-searchengine/internal/service/track.go:78.2,78.27 1 0
github.com/gvasels/personal-music-searchengine/internal/service/track.go:78.27,80.3 1 0
github.com/gvasels/personal-music-searchengine/internal/service/track.go:81.2,81.23 1 0
github.com/gvasels/personal-music-searchengine/internal/service/track.go:81.23,83.3 1 0
github.com/gvasels/personal-music-searchengine/internal/service/track.go:84.2,84.24 1 0
github.com/gvasels/personal-music-searchengine/internal/service/track.go:84.24,86.3 1 0
github.com/gvasels/personal-music-searchengine/internal/service/track.go:87.2,87.21 1 0
github.com/gvasels/personal-music-searchengine/internal/service/track.go:87.21,89.3 1 0
github.com/gvasels/personal-music-searchengine/internal/service/track.go:91.2,91.56 1 0
github.com/gvasels/personal-music-searchengine/internal/service/track.go:91.56,93.3 1 0
github.com/gvasels/personal-music-searchengine/internal/service/track.go:95.2,96.29 2 0
github.com/gvasels/personal-music-searchengine/internal/service/track.go:96.29,98.17 2 0
github.com/gvasels/personal-music-searchengine/internal/service/track.go:98.17,100.4 1 0
github.com/gvasels/personal-music-searchengine/internal/service/track.go:103.2,104.23 2 0
github.com/gvasels/personal-music-searchengine/internal/service/track.go:107.87,109.16 2 0
github.com/gvasels/personal-music-searchengine/internal/service/track.go:109.16,110.36 1 0
github.com/gvasels/personal-music-searchengine/internal/service/track.go:110.36,112.4 1 0
github.com/gvasels/personal-music-searchengine/internal/service/track.go:113.3,113.13 1 0
github.com/gvasels/personal-music-searchengine/internal/service/track.go:117.2,117.65 1 0
github.com/gvasels/personal-music-searchengine/internal/service/track.go:117.65,119.3 1 0
github.com/gvasels/personal-music-searchengine/internal/service/track.go:122.2,122.23 1 0
github.com/gvasels/personal-music-searchengine/internal/service/track.go:122.23,124.3 1 0
github.com/gvasels/personal-music-searchengine/internal/service/track.go:125.2,125.29 1 0
github.com/gvasels/personal-music-searchengine/internal/service/track.go:125.29,127.3 1 0
github.com/gvasels/personal-music-searchengine/internal/service/track.go:129.2,129.12 1 0
github.com/gvasels/personal-music-searchengine/internal/service/track.go:132.157,134.16 2 0
github.com/gvasels/personal-music-searchengine/internal/service/track.go:134.16,136.3 1 0
github.com/gvasels/personal-music-searchengine/internal/service/track.go:138.2,139.37 2 0
github.com/gvasels/personal-music-searchengine/internal/service/track.go:139.37,141.30 2 0
github.com/gvasels/personal-music-searchengine/internal/service/track.go:141.30,143.18 2 0
github.com/gvasels/personal-music-searchengine/internal/service/track.go:143.18,145.5 1 0
github.com/gvasels/personal-music-searchengine/internal/service/track.go:147.3,147.63 1 0
github.com/gvasels/personal-music-searchengine/internal/service/track.go:150.2,154.8 1 0
github.com/gvasels/personal-music-searchengine/internal/service/track.go:157.119,159.16 2 0
github.com/gvasels/personal-music-searchengine/internal/service/track.go:159.16,161.3 1 0
github.com/gvasels/personal-music-searchengine/internal/service/track.go:163.2,164.31 2 0
github.com/gvasels/personal-music-searchengine/internal/service/track.go:164.31,166.30 2 0
github.com/gvasels/personal-music-searchengine/internal/service/track.go:166.30,168.18 2 0
github.com/gvasels/personal-music-searchengine/internal/service/track.go:168.18,170.5 1 0
github.com/gvasels/personal-music-searchengine/internal/service/track.go:172.3,172.63 1 0
github.com/gvasels/personal-music-searchengine/internal/service/track.go:175.2,175.23 1 0
github.com/gvasels/personal-music-searchengine/internal/service/track.go:178.94,180.16 2 0
github.com/gvasels/personal-music-searchengine/internal/service/track.go:180.16,181.36 1 0
github.com/gvasels/personal-music-searchengine/internal/service/track.go:181.36,183.4 1 0
github.com/gvasels/personal-music-searchengine/internal/service/track.go:184.3,184.13 1 0
github.com/gvasels/personal-music-searchengine/internal/service/track.go:187.2,191.40 4 0
github.com/gvasels/personal-music-searchengine/internal/service/transcode.go:30.101,38.2 1 1
github.com/gvasels/personal-music-searchengine/internal/service/transcode.go:55.114,56.62 1 1
github.com/gvasels/personal-music-searchengine/internal/service/transcode.go:56.62,58.3 1 1
github.com/gvasels/personal-music-searchengine/internal/service/transcode.go:61.2,74.16 4 1
github.com/gvasels/personal-music-searchengine/internal/service/transcode.go:74.16,76.3 1 0
github.com/gvasels/personal-music-searchengine/internal/service/transcode.go:78.2,84.8 2 1
github.com/gvasels/personal-music-searchengine/internal/service/transcode.go:88.111,94.16 3 1
github.com/gvasels/personal-music-searchengine/internal/service/transcode.go:94.16,96.3 1 0
github.com/gvasels/personal-music-searchengine/internal/service/transcode.go:98.2,104.26 3 1
github.com/gvasels/personal-music-searchengine/internal/service/transcode.go:104.26,106.3 1 1
github.com/gvasels/personal-music-searchengine/internal/service/transcode.go:107.2,107.29 1 1
github.com/gvasels/personal-music-searchengine/internal/service/transcode.go:107.29,109.3 1 1
github.com/gvasels/personal-music-searchengine/internal/service/transcode.go:111.2,111.20 1 1
github.com/gvasels/personal-music-searchengine/internal/service/transcode.go:123.86,163.2 3 1
github.com/gvasels/personal-music-searchengine/internal/service/transcode.go:166.92,191.2 1 1
github.com/gvasels/personal-music-searchengine/internal/service/transcode.go:200.42,206.2 1 1
github.com/gvasels/personal-music-searchengine/internal/service/transcode.go:209.57,211.2 1 1
github.com/gvasels/personal-music-searchengine/internal/service/upload.go:52.142,59.2 1 0
github.com/gvasels/personal-music-searchengine/internal/service/upload.go:62.80,64.2 1 0
github.com/gvasels/personal-music-searchengine/internal/service/upload.go:66.163,69.49 2 0
github.com/gvasels/personal-music-searchengine/internal/service/upload.go:69.49,71.3 1 0
github.com/gvasels/personal-music-searchengine/internal/service/upload.go:72.2,72.70 1 0
github.com/gvasels/personal-music-searchengine/internal/service/upload.go:72.70,74.3 1 0
github.com/gvasels/personal-music-searchengine/internal/service/upload.go:77.2,95.57 7 0
github.com/gvasels/personal-music-searchengine/internal/service/upload.go:95.57,97.3 1 0
github.com/gvasels/personal-music-searchengine/internal/service/upload.go:99.2,107.24 2 0
github.com/gvasels/personal-music-searchengine/internal/service/upload.go:107.24,110.17 2 0
github.com/gvasels/personal-music-searchengine/internal/service/upload.go:110.17,112.4 1 0
github.com/gvasels/personal-music-searchengine/internal/service/upload.go:115.3,118.58 4 0
github.com/gvasels/personal-music-searchengine/internal/service/upload.go:118.58,120.4 1 0
github.com/gvasels/personal-music-searchengine/internal/service/upload.go:123.3,124.17 2 0
github.com/gvasels/personal-music-searchengine/internal/service/upload.go:124.17,126.4 1 0
github.com/gvasels/personal-music-searchengine/internal/service/upload.go:128.3,129.31 2 0
github.com/gvasels/personal-music-searchengine/internal/service/upload.go:130.8,133.17 2 0
github.com/gvasels/personal-music-searchengine/internal/service/upload.go:133.17,135.4 1 0
github.com/gvasels/personal-music-searchengine/internal/service/upload.go:136.3,136.33 1 0
github.com/gvasels/personal-music-searchengine/internal/service/upload.go:139.2,139.22 1 0
github.com/gvasels/personal-music-searchengine/internal/service/upload.go:142.151,144.16 2 0
github.com/gvasels/personal-music-searchengine/internal/service/upload.go:144.16,145.36 1 0
github.com/gvasels/personal-music-searchengine/internal/service/upload.go:145.36,147.4 1 0
github.com/gvasels/personal-music-searchengine/internal/service/upload.go:148.3,148.18 1 0
github.com/gvasels/personal-music-searchengine/internal/service/upload.go:151.2,151.49 1 0
github.com/gvasels/personal-music-searchengine/internal/service/upload.go:151.49,155.3 1 0
github.com/gvasels/personal-music-searchengine/internal/service/upload.go:158.2,159.16 2 0
github.com/gvasels/personal-music-searchengine/internal/service/upload.go:159.16,161.3 1 0
github.com/gvasels/personal-music-searchengine/internal/service/upload.go:162.2,162.13 1 0
github.com/gvasels/personal-music-searchengine/internal/service/upload.go:162.13,166.3 1 0
github.com/gvasels/personal-music-searchengine/internal/service/upload.go:169.2,169.116 1 0
github.com/gvasels/personal-music-searchengine/internal/service/upload.go:169.116,171.3 1 0
github.com/gvasels/personal-music-searchengine/internal/service/upload.go:174.2,174.52 1 0
github.com/gvasels/personal-music-searchengine/internal/service/upload.go:174.52,183.17 3 0
github.com/gvasels/personal-music-searchengine/internal/service/upload.go:183.17,185.4 1 0
github.com/gvasels/personal-music-searchengine/internal/service/upload.go:187.3,192.17 2 0
github.com/gvasels/personal-music-searchengine/internal/service/upload.go:192.17,196.4 1 0
github.com/gvasels/personal-music-searchengine/internal/service/upload.go:199.2,203.8 1 0
github.com/gvasels/personal-music-searchengine/internal/service/upload.go:206.171,208.16 2 0
github.com/gvasels/personal-music-searchengine/internal/service/upload.go:208.16,209.36 1 0
github.com/gvasels/personal-music-searchengine/internal/service/upload.go:209.36,211.4 1 0
github.com/gvasels/personal-music-searchengine/internal/service/upload.go:212.3,212.18 1 0
github.com/gvasels/personal-music-searchengine/internal/service/upload.go:215.2,215.25 1 0
github.com/gvasels/personal-music-searchengine/internal/service/upload.go:215.25,219.3 1 0
github.com/gvasels/personal-music-searchengine/internal/service/upload.go:221.2,221.30 1 0
github.com/gvasels/personal-music-searchengine/internal/service/upload.go:221.30,225.3 1 0
github.com/gvasels/personal-music-searchengine/internal/service/upload.go:228.2,228.107 1 0
github.com/gvasels/personal-music-searchengine/internal/service/upload.go:228.107,230.3 1 0
github.com/gvasels/personal-music-searchengine/internal/service/upload.go:233.2,233.90 1 0
github.com/gvasels/personal-music-searchengine/internal/service/upload.go:236.123,238.16 2 0
github.com/gvasels/personal-music-searchengine/internal/service/upload.go:238.16,239.36 1 0
github.com/gvasels/personal-music-searchengine/internal/service/upload.go:239.36,241.4 1 0
github.com/gvasels/personal-music-searchengine/internal/service/upload.go:242.3,242.18 1 0
github.com/gvasels/personal-music-searchengine/internal/service/upload.go:245.2,246.23 2 0
github.com/gvasels/personal-music-searchengine/internal/service/upload.go:249.165,251.16 2 0
github.com/gvasels/personal-music-searchengine/internal/service/upload.go:251.16,253.3 1 0
github.com/gvasels/personal-music-searchengine/internal/service/upload.go:255.2,256.38 2 0
github.com/gvasels/personal-music-searchengine/internal/service/upload.go:256.38,258.3 1 0
github.com/gvasels/personal-music-searchengine/internal/service/upload.go:260.2,264.8 1 0
github.com/gvasels/personal-music-searchengine/internal/service/upload.go:267.158,269.16 2 0
github.com/gvasels/personal-music-searchengine/internal/service/upload.go:269.16,270.36 1 0
github.com/gvasels/personal-music-searchengine/internal/service/upload.go:270.36,272.4 1 0
github.com/gvasels/personal-music-searchengine/internal/service/upload.go:273.3,273.18 1 0
github.com/gvasels/personal-music-searchengine/internal/service/upload.go:276.2,276.48 1 0
github.com/gvasels/personal-music-searchengine/internal/service/upload.go:276.48,280.3 1 0
github.com/gvasels/personal-music-searchengine/internal/service/upload.go:283.2,283.112 1 0
github.com/gvasels/personal-music-searchengine/internal/service/upload.go:283.112,285.3 1 0
github.com/gvasels/personal-music-searchengine/internal/service/upload.go:290.2,292.23 3 0
github.com/gvasels/personal-music-searchengine/internal/service/upload.go:295.163,298.16 2 0
github.com/gvasels/personal-music-searchengine/internal/service/upload.go:298.16,299.36 1 0
github.com/gvasels/personal-music-searchengine/internal/service/upload.go:299.36,301.4 1 0
github.com/gvasels/personal-music-searchengine/internal/service/upload.go:302.3,302.18 1 0
github.com/gvasels/personal-music-searchengine/internal/service/upload.go:306.2,310.16 3 0
github.com/gvasels/personal-music-searchengine/internal/service/upload.go:310.16,312.3 1 0
github.com/gvasels/personal-music-searchengine/internal/service/upload.go:315.2,316.56 2 0
github.com/gvasels/personal-music-searchengine/internal/service/upload.go:316.56,318.3 1 0
github.com/gvasels/personal-music-searchengine/internal/service/upload.go:320.2,325.8 1 0
github.com/gvasels/personal-music-searchengine/internal/service/upload.go:329.47,330.42 1 0
github.com/gvasels/personal-music-searchengine/internal/service/upload.go:330.42,331.25 1 0
github.com/gvasels/personal-music-searchengine/internal/service/upload.go:331.25,333.4 1 0
github.com/gvasels/personal-music-searchengine/internal/service/upload.go:335.2,335.11 1 0
github.com/gvasels/personal-music-searchengine/internal/service/user.go:17.61,21.2 1 0
github.com/gvasels/personal-music-searchengine/internal/service/user.go:23.100,25.16 2 0
github.com/gvasels/personal-music-searchengine/internal/service/user.go:25.16,26.36 1 0
github.com/gvasels/personal-music-searchengine/internal/service/user.go:26.36,28.4 1 0
github.com/gvasels/personal-music-searchengine/internal/service/user.go:29.3,29.18 1 0
github.com/gvasels/personal-music-searchengine/internal/service/user.go:32.2,33.23 2 0
github.com/gvasels/personal-music-searchengine/internal/service/user.go:36.133,38.16 2 0
github.com/gvasels/personal-music-searchengine/internal/service/user.go:38.16,39.36 1 0
github.com/gvasels/personal-music-searchengine/internal/service/user.go:39.36,41.4 1 0
github.com/gvasels/personal-music-searchengine/internal/service/user.go:42.3,42.18 1 0
github.com/gvasels/personal-music-searchengine/internal/service/user.go:46.2,46.28 1 0
github.com/gvasels/personal-music-searchengine/internal/service/user.go:46.28,48.3 1 0
github.com/gvasels/personal-music-searchengine/internal/service/user.go:49.2,49.26 1 0
github.com/gvasels/personal-music-searchengine/internal/service/user.go:49.26,51.3 1 0
github.com/gvasels/personal-music-searchengine/internal/service/user.go:53.2,53.54 1 0
github.com/gvasels/personal-music-searchengine/internal/service/user.go:53.54,55.3 1 0
github.com/gvasels/personal-music-searchengine/internal/service/user.go:57.2,58.23 2 0
github.com/gvasels/personal-music-searchengine/internal/service/user.go:61.123,64.16 2 0
github.com/gvasels/personal-music-searchengine/internal/service/user.go:64.16,66.3 1 0
github.com/gvasels/personal-music-searchengine/internal/service/user.go:67.2,67.35 1 0
github.com/gvasels/personal-music-searchengine/internal/service/user.go:67.35,69.3 1 0
github.com/gvasels/personal-music-searchengine/internal/service/user.go:72.2,86.54 5 0
github.com/gvasels/personal-music-searchengine/internal/service/user.go:86.54,89.20 2 0
github.com/gvasels/personal-music-searchengine/internal/service/user.go:89.20,91.4 1 0
github.com/gvasels/personal-music-searchengine/internal/service/user.go:92.3,92.18 1 0
github.com/gvasels/personal-music-searchengine/internal/service/user.go:95.2,95.18 1 0
