mode: set
github.com/gvasels/personal-music-searchengine/internal/service/album.go:19.95,24.2 1 0
github.com/gvasels/personal-music-searchengine/internal/service/album.go:26.111,28.16 2 0
github.com/gvasels/personal-music-searchengine/internal/service/album.go:28.16,29.36 1 0
github.com/gvasels/personal-music-searchengine/internal/service/album.go:29.36,31.4 1 0
github.com/gvasels/personal-music-searchengine/internal/service/album.go:32.3,32.18 1 0
github.com/gvasels/personal-music-searchengine/internal/service/album.go:35.2,36.29 2 0
github.com/gvasels/personal-music-searchengine/internal/service/album.go:36.29,38.17 2 0
github.com/gvasels/personal-music-searchengine/internal/service/album.go:38.17,40.4 1 0
github.com/gvasels/personal-music-searchengine/internal/service/album.go:44.2,49.16 3 0
github.com/gvasels/personal-music-searchengine/internal/service/album.go:49.16,51.3 1 0
github.com/gvasels/personal-music-searchengine/internal/service/album.go:54.2,55.42 2 0
github.com/gvasels/personal-music-searchengine/internal/service/album.go:55.42,56.65 1 0
github.com/gvasels/personal-music-searchengine/internal/service/album.go:56.65,58.31 2 0
github.com/gvasels/personal-music-searchengine/internal/service/album.go:58.31,60.19 2 0
github.com/gvasels/personal-music-searchengine/internal/service/album.go:60.19,62.6 1 0
github.com/gvasels/personal-music-searchengine/internal/service/album.go:64.4,64.60 1 0
github.com/gvasels/personal-music-searchengine/internal/service/album.go:69.2,69.41 1 0
github.com/gvasels/personal-music-searchengine/internal/service/album.go:69.41,70.51 1 0
github.com/gvasels/personal-music-searchengine/internal/service/album.go:70.51,72.4 1 0
github.com/gvasels/personal-music-searchengine/internal/service/album.go:73.3,73.55 1 0
github.com/gvasels/personal-music-searchengine/internal/service/album.go:77.2,78.27 2 0
github.com/gvasels/personal-music-searchengine/internal/service/album.go:78.27,80.3 1 0
github.com/gvasels/personal-music-searchengine/internal/service/album.go:82.2,90.8 4 0
github.com/gvasels/personal-music-searchengine/internal/service/album.go:93.157,95.16 2 0
github.com/gvasels/personal-music-searchengine/internal/service/album.go:95.16,97.3 1 0
github.com/gvasels/personal-music-searchengine/internal/service/album.go:100.2,104.16 3 0
github.com/gvasels/personal-music-searchengine/internal/service/album.go:104.16,106.3 1 0
github.com/gvasels/personal-music-searchengine/internal/service/album.go:110.2,115.42 3 0
github.com/gvasels/personal-music-searchengine/internal/service/album.go:115.42,116.24 1 0
github.com/gvasels/personal-music-searchengine/internal/service/album.go:116.24,117.12 1 0
github.com/gvasels/personal-music-searchengine/internal/service/album.go:119.3,120.47 2 0
github.com/gvasels/personal-music-searchengine/internal/service/album.go:120.47,122.4 1 0
github.com/gvasels/personal-music-searchengine/internal/service/album.go:123.3,124.53 2 0
github.com/gvasels/personal-music-searchengine/internal/service/album.go:127.2,128.37 2 0
github.com/gvasels/personal-music-searchengine/internal/service/album.go:128.37,134.44 3 0
github.com/gvasels/personal-music-searchengine/internal/service/album.go:134.44,135.12 1 0
github.com/gvasels/personal-music-searchengine/internal/service/album.go:138.3,139.30 2 0
github.com/gvasels/personal-music-searchengine/internal/service/album.go:139.30,141.18 2 0
github.com/gvasels/personal-music-searchengine/internal/service/album.go:141.18,143.5 1 0
github.com/gvasels/personal-music-searchengine/internal/service/album.go:146.3,150.38 4 0
github.com/gvasels/personal-music-searchengine/internal/service/album.go:153.2,157.8 1 0
github.com/gvasels/personal-music-searchengine/internal/service/album.go:160.119,162.16 2 0
github.com/gvasels/personal-music-searchengine/internal/service/album.go:162.16,164.3 1 0
github.com/gvasels/personal-music-searchengine/internal/service/album.go:167.2,172.16 3 0
github.com/gvasels/personal-music-searchengine/internal/service/album.go:172.16,174.3 1 0
github.com/gvasels/personal-music-searchengine/internal/service/album.go:177.2,182.42 3 0
github.com/gvasels/personal-music-searchengine/internal/service/album.go:182.42,183.50 1 0
github.com/gvasels/personal-music-searchengine/internal/service/album.go:183.50,184.12 1 0
github.com/gvasels/personal-music-searchengine/internal/service/album.go:186.3,186.55 1 0
github.com/gvasels/personal-music-searchengine/internal/service/album.go:186.55,188.4 1 0
github.com/gvasels/personal-music-searchengine/internal/service/album.go:189.3,190.61 2 0
github.com/gvasels/personal-music-searchengine/internal/service/album.go:193.2,194.31 2 0
github.com/gvasels/personal-music-searchengine/internal/service/album.go:194.31,199.44 2 0
github.com/gvasels/personal-music-searchengine/internal/service/album.go:199.44,200.12 1 0
github.com/gvasels/personal-music-searchengine/internal/service/album.go:203.3,204.30 2 0
github.com/gvasels/personal-music-searchengine/internal/service/album.go:204.30,206.18 2 0
github.com/gvasels/personal-music-searchengine/internal/service/album.go:206.18,208.5 1 0
github.com/gvasels/personal-music-searchengine/internal/service/album.go:211.3,214.38 4 0
github.com/gvasels/personal-music-searchengine/internal/service/album.go:217.2,217.23 1 0
github.com/gvasels/personal-music-searchengine/internal/service/album.go:220.132,226.16 3 0
github.com/gvasels/personal-music-searchengine/internal/service/album.go:226.16,228.3 1 0
github.com/gvasels/personal-music-searchengine/internal/service/album.go:231.2,234.37 3 0
github.com/gvasels/personal-music-searchengine/internal/service/album.go:234.37,236.19 2 0
github.com/gvasels/personal-music-searchengine/internal/service/album.go:236.19,237.12 1 0
github.com/gvasels/personal-music-searchengine/internal/service/album.go:240.3,240.46 1 0
github.com/gvasels/personal-music-searchengine/internal/service/album.go:240.46,247.4 2 0
github.com/gvasels/personal-music-searchengine/internal/service/album.go:249.3,250.24 2 0
github.com/gvasels/personal-music-searchengine/internal/service/album.go:250.24,252.4 1 0
github.com/gvasels/personal-music-searchengine/internal/service/album.go:256.2,256.39 1 0
github.com/gvasels/personal-music-searchengine/internal/service/album.go:256.39,257.51 1 0
github.com/gvasels/personal-music-searchengine/internal/service/album.go:257.51,259.4 1 0
github.com/gvasels/personal-music-searchengine/internal/service/album.go:263.2,264.36 2 0
github.com/gvasels/personal-music-searchengine/internal/service/album.go:264.36,266.3 1 0
github.com/gvasels/personal-music-searchengine/internal/service/album.go:269.2,269.23 1 0
github.com/gvasels/personal-music-searchengine/internal/service/album.go:270.20,271.43 1 0
github.com/gvasels/personal-music-searchengine/internal/service/album.go:271.43,272.34 1 0
github.com/gvasels/personal-music-searchengine/internal/service/album.go:272.34,274.5 1 0
github.com/gvasels/personal-music-searchengine/internal/service/album.go:275.4,275.56 1 0
github.com/gvasels/personal-music-searchengine/internal/service/album.go:277.20,278.43 1 0
github.com/gvasels/personal-music-searchengine/internal/service/album.go:278.43,279.34 1 0
github.com/gvasels/personal-music-searchengine/internal/service/album.go:279.34,281.5 1 0
github.com/gvasels/personal-music-searchengine/internal/service/album.go:282.4,282.56 1 0
github.com/gvasels/personal-music-searchengine/internal/service/album.go:284.10,285.43 1 0
github.com/gvasels/personal-music-searchengine/internal/service/album.go:285.43,286.34 1 0
github.com/gvasels/personal-music-searchengine/internal/service/album.go:286.34,288.5 1 0
github.com/gvasels/personal-music-searchengine/internal/service/album.go:289.4,289.44 1 0
github.com/gvasels/personal-music-searchengine/internal/service/album.go:294.2,294.53 1 0
github.com/gvasels/personal-music-searchengine/internal/service/album.go:294.53,296.3 1 0
github.com/gvasels/personal-music-searchengine/internal/service/album.go:298.2,298.21 1 0
github.com/gvasels/personal-music-searchengine/internal/service/artist.go:48.98,53.2 1 0
github.com/gvasels/personal-music-searchengine/internal/service/artist.go:56.138,59.20 2 0
github.com/gvasels/personal-music-searchengine/internal/service/artist.go:59.20,61.3 1 0
github.com/gvasels/personal-music-searchengine/internal/service/artist.go:63.2,76.63 4 0
github.com/gvasels/personal-music-searchengine/internal/service/artist.go:76.63,78.3 1 0
github.com/gvasels/personal-music-searchengine/internal/service/artist.go:80.2,81.23 2 0
github.com/gvasels/personal-music-searchengine/internal/service/artist.go:85.122,87.16 2 0
github.com/gvasels/personal-music-searchengine/internal/service/artist.go:87.16,88.36 1 0
github.com/gvasels/personal-music-searchengine/internal/service/artist.go:88.36,90.4 1 0
github.com/gvasels/personal-music-searchengine/internal/service/artist.go:91.3,91.58 1 0
github.com/gvasels/personal-music-searchengine/internal/service/artist.go:95.2,96.16 2 0
github.com/gvasels/personal-music-searchengine/internal/service/artist.go:96.16,98.3 1 0
github.com/gvasels/personal-music-searchengine/internal/service/artist.go:100.2,101.16 2 0
github.com/gvasels/personal-music-searchengine/internal/service/artist.go:101.16,103.3 1 0
github.com/gvasels/personal-music-searchengine/internal/service/artist.go:105.2,106.16 2 0
github.com/gvasels/personal-music-searchengine/internal/service/artist.go:106.16,108.3 1 0
github.com/gvasels/personal-music-searchengine/internal/service/artist.go:110.2,118.23 3 0
github.com/gvasels/personal-music-searchengine/internal/service/artist.go:122.148,124.16 2 0
github.com/gvasels/personal-music-searchengine/internal/service/artist.go:124.16,125.36 1 0
github.com/gvasels/personal-music-searchengine/internal/service/artist.go:125.36,127.4 1 0
github.com/gvasels/personal-music-searchengine/internal/service/artist.go:128.3,128.58 1 0
github.com/gvasels/personal-music-searchengine/internal/service/artist.go:132.2,132.21 1 0
github.com/gvasels/personal-music-searchengine/internal/service/artist.go:132.21,135.26 2 0
github.com/gvasels/personal-music-searchengine/internal/service/artist.go:135.26,137.4 1 0
github.com/gvasels/personal-music-searchengine/internal/service/artist.go:139.2,139.25 1 0
github.com/gvasels/personal-music-searchengine/internal/service/artist.go:139.25,141.3 1 0
github.com/gvasels/personal-music-searchengine/internal/service/artist.go:142.2,142.20 1 0
github.com/gvasels/personal-music-searchengine/internal/service/artist.go:142.20,144.3 1 0
github.com/gvasels/personal-music-searchengine/internal/service/artist.go:145.2,145.25 1 0
github.com/gvasels/personal-music-searchengine/internal/service/artist.go:145.25,147.3 1 0
github.com/gvasels/personal-music-searchengine/internal/service/artist.go:148.2,148.30 1 0
github.com/gvasels/personal-music-searchengine/internal/service/artist.go:148.30,150.3 1 0
github.com/gvasels/personal-music-searchengine/internal/service/artist.go:152.2,154.64 2 0
github.com/gvasels/personal-music-searchengine/internal/service/artist.go:154.64,156.3 1 0
github.com/gvasels/personal-music-searchengine/internal/service/artist.go:158.2,159.23 2 0
github.com/gvasels/personal-music-searchengine/internal/service/artist.go:163.90,166.16 2 0
github.com/gvasels/personal-music-searchengine/internal/service/artist.go:166.16,167.36 1 0
github.com/gvasels/personal-music-searchengine/internal/service/artist.go:167.36,169.4 1 0
github.com/gvasels/personal-music-searchengine/internal/service/artist.go:170.3,170.53 1 0
github.com/gvasels/personal-music-searchengine/internal/service/artist.go:173.2,173.73 1 0
github.com/gvasels/personal-music-searchengine/internal/service/artist.go:173.73,175.3 1 0
github.com/gvasels/personal-music-searchengine/internal/service/artist.go:177.2,177.12 1 0
github.com/gvasels/personal-music-searchengine/internal/service/artist.go:181.161,183.16 2 0
github.com/gvasels/personal-music-searchengine/internal/service/artist.go:183.16,185.3 1 0
github.com/gvasels/personal-music-searchengine/internal/service/artist.go:187.2,188.38 2 0
github.com/gvasels/personal-music-searchengine/internal/service/artist.go:188.38,190.3 1 0
github.com/gvasels/personal-music-searchengine/internal/service/artist.go:192.2,196.8 1 0
github.com/gvasels/personal-music-searchengine/internal/service/artist.go:200.126,201.16 1 0
github.com/gvasels/personal-music-searchengine/internal/service/artist.go:201.16,203.3 1 0
github.com/gvasels/personal-music-searchengine/internal/service/artist.go:205.2,206.16 2 0
github.com/gvasels/personal-music-searchengine/internal/service/artist.go:206.16,208.3 1 0
github.com/gvasels/personal-music-searchengine/internal/service/artist.go:210.2,211.33 2 0
github.com/gvasels/personal-music-searchengine/internal/service/artist.go:211.33,213.3 1 0
github.com/gvasels/personal-music-searchengine/internal/service/artist.go:215.2,215.23 1 0
github.com/gvasels/personal-music-searchengine/internal/service/artist.go:219.119,222.16 2 0
github.com/gvasels/personal-music-searchengine/internal/service/artist.go:222.16,223.36 1 0
github.com/gvasels/personal-music-searchengine/internal/service/artist.go:223.36,225.4 1 0
github.com/gvasels/personal-music-searchengine/internal/service/artist.go:226.3,226.58 1 0
github.com/gvasels/personal-music-searchengine/internal/service/artist.go:230.2,231.16 2 0
github.com/gvasels/personal-music-searchengine/internal/service/artist.go:231.16,233.3 1 0
github.com/gvasels/personal-music-searchengine/internal/service/artist.go:235.2,236.31 2 0
github.com/gvasels/personal-music-searchengine/internal/service/artist.go:236.31,238.49 2 0
github.com/gvasels/personal-music-searchengine/internal/service/artist.go:238.49,240.18 2 0
github.com/gvasels/personal-music-searchengine/internal/service/artist.go:240.18,242.5 1 0
github.com/gvasels/personal-music-searchengine/internal/service/artist.go:244.3,244.63 1 0
github.com/gvasels/personal-music-searchengine/internal/service/artist.go:247.2,247.23 1 0
github.com/gvasels/personal-music-searchengine/internal/service/artist.go:253.70,270.2 7 0
github.com/gvasels/personal-music-searchengine/internal/service/crate.go:31.86,36.2 1 0
github.com/gvasels/personal-music-searchengine/internal/service/crate.go:39.126,42.16 2 0
github.com/gvasels/personal-music-searchengine/internal/service/crate.go:42.16,44.3 1 0
github.com/gvasels/personal-music-searchengine/internal/service/crate.go:45.2,45.14 1 0
github.com/gvasels/personal-music-searchengine/internal/service/crate.go:45.14,47.3 1 0
github.com/gvasels/personal-music-searchengine/internal/service/crate.go:50.2,51.16 2 0
github.com/gvasels/personal-music-searchengine/internal/service/crate.go:51.16,53.3 1 0
github.com/gvasels/personal-music-searchengine/internal/service/crate.go:54.2,54.38 1 0
github.com/gvasels/personal-music-searchengine/internal/service/crate.go:54.38,56.3 1 0
github.com/gvasels/personal-music-searchengine/internal/service/crate.go:58.2,76.55 3 0
github.com/gvasels/personal-music-searchengine/internal/service/crate.go:76.55,78.3 1 0
github.com/gvasels/personal-music-searchengine/internal/service/crate.go:80.2,80.20 1 0
github.com/gvasels/personal-music-searchengine/internal/service/crate.go:84.101,86.16 2 0
github.com/gvasels/personal-music-searchengine/internal/service/crate.go:86.16,88.3 1 0
github.com/gvasels/personal-music-searchengine/internal/service/crate.go:89.2,89.18 1 0
github.com/gvasels/personal-music-searchengine/internal/service/crate.go:89.18,91.3 1 0
github.com/gvasels/personal-music-searchengine/internal/service/crate.go:92.2,92.19 1 0
github.com/gvasels/personal-music-searchengine/internal/service/crate.go:96.135,98.16 2 0
github.com/gvasels/personal-music-searchengine/internal/service/crate.go:98.16,100.3 1 0
github.com/gvasels/personal-music-searchengine/internal/service/crate.go:101.2,101.18 1 0
github.com/gvasels/personal-music-searchengine/internal/service/crate.go:101.18,103.3 1 0
github.com/gvasels/personal-music-searchengine/internal/service/crate.go:106.2,106.21 1 0
github.com/gvasels/personal-music-searchengine/internal/service/crate.go:106.21,108.3 1 0
github.com/gvasels/personal-music-searchengine/internal/service/crate.go:109.2,109.28 1 0
github.com/gvasels/personal-music-searchengine/internal/service/crate.go:109.28,111.3 1 0
github.com/gvasels/personal-music-searchengine/internal/service/crate.go:112.2,112.22 1 0
github.com/gvasels/personal-music-searchengine/internal/service/crate.go:112.22,114.3 1 0
github.com/gvasels/personal-music-searchengine/internal/service/crate.go:115.2,115.26 1 0
github.com/gvasels/personal-music-searchengine/internal/service/crate.go:115.26,118.47 2 0
github.com/gvasels/personal-music-searchengine/internal/service/crate.go:118.47,120.4 1 0
github.com/gvasels/personal-music-searchengine/internal/service/crate.go:122.2,122.30 1 0
github.com/gvasels/personal-music-searchengine/internal/service/crate.go:122.30,124.3 1 0
github.com/gvasels/personal-music-searchengine/internal/service/crate.go:126.2,128.56 2 0
github.com/gvasels/personal-music-searchengine/internal/service/crate.go:128.56,130.3 1 0
github.com/gvasels/personal-music-searchengine/internal/service/crate.go:132.2,132.19 1 0
github.com/gvasels/personal-music-searchengine/internal/service/crate.go:136.87,138.16 2 0
github.com/gvasels/personal-music-searchengine/internal/service/crate.go:138.16,140.3 1 0
github.com/gvasels/personal-music-searchengine/internal/service/crate.go:141.2,141.18 1 0
github.com/gvasels/personal-music-searchengine/internal/service/crate.go:141.18,143.3 1 0
github.com/gvasels/personal-music-searchengine/internal/service/crate.go:145.2,145.49 1 0
github.com/gvasels/personal-music-searchengine/internal/service/crate.go:149.130,151.16 2 0
github.com/gvasels/personal-music-searchengine/internal/service/crate.go:151.16,153.3 1 0
github.com/gvasels/personal-music-searchengine/internal/service/crate.go:155.2,156.31 2 0
github.com/gvasels/personal-music-searchengine/internal/service/crate.go:156.31,158.3 1 0
github.com/gvasels/personal-music-searchengine/internal/service/crate.go:160.2,160.23 1 0
github.com/gvasels/personal-music-searchengine/internal/service/crate.go:164.121,166.16 2 0
github.com/gvasels/personal-music-searchengine/internal/service/crate.go:166.16,168.3 1 0
github.com/gvasels/personal-music-searchengine/internal/service/crate.go:169.2,169.18 1 0
github.com/gvasels/personal-music-searchengine/internal/service/crate.go:169.18,171.3 1 0
github.com/gvasels/personal-music-searchengine/internal/service/crate.go:174.2,175.41 2 0
github.com/gvasels/personal-music-searchengine/internal/service/crate.go:175.41,177.3 1 0
github.com/gvasels/personal-music-searchengine/internal/service/crate.go:180.2,180.39 1 0
github.com/gvasels/personal-music-searchengine/internal/service/crate.go:180.39,182.17 2 0
github.com/gvasels/personal-music-searchengine/internal/service/crate.go:182.17,184.4 1 0
github.com/gvasels/personal-music-searchengine/internal/service/crate.go:185.3,185.19 1 0
github.com/gvasels/personal-music-searchengine/internal/service/crate.go:185.19,187.4 1 0
github.com/gvasels/personal-music-searchengine/internal/service/crate.go:191.2,192.36 2 0
github.com/gvasels/personal-music-searchengine/internal/service/crate.go:192.36,194.3 1 0
github.com/gvasels/personal-music-searchengine/internal/service/crate.go:196.2,197.39 2 0
github.com/gvasels/personal-music-searchengine/internal/service/crate.go:197.39,198.33 1 0
github.com/gvasels/personal-music-searchengine/internal/service/crate.go:198.33,201.4 2 0
github.com/gvasels/personal-music-searchengine/internal/service/crate.go:204.2,204.25 1 0
github.com/gvasels/personal-music-searchengine/internal/service/crate.go:204.25,206.3 1 0
github.com/gvasels/personal-music-searchengine/internal/service/crate.go:209.2,210.53 2 0
github.com/gvasels/personal-music-searchengine/internal/service/crate.go:210.53,213.3 1 0
github.com/gvasels/personal-music-searchengine/internal/service/crate.go:213.8,220.3 5 0
github.com/gvasels/personal-music-searchengine/internal/service/crate.go:222.2,225.40 3 0
github.com/gvasels/personal-music-searchengine/internal/service/crate.go:229.129,231.16 2 0
github.com/gvasels/personal-music-searchengine/internal/service/crate.go:231.16,233.3 1 0
github.com/gvasels/personal-music-searchengine/internal/service/crate.go:234.2,234.18 1 0
github.com/gvasels/personal-music-searchengine/internal/service/crate.go:234.18,236.3 1 0
github.com/gvasels/personal-music-searchengine/internal/service/crate.go:239.2,240.34 2 0
github.com/gvasels/personal-music-searchengine/internal/service/crate.go:240.34,242.3 1 0
github.com/gvasels/personal-music-searchengine/internal/service/crate.go:245.2,246.36 2 0
github.com/gvasels/personal-music-searchengine/internal/service/crate.go:246.36,247.21 1 0
github.com/gvasels/personal-music-searchengine/internal/service/crate.go:247.21,249.4 1 0
github.com/gvasels/personal-music-searchengine/internal/service/crate.go:252.2,256.40 4 0
github.com/gvasels/personal-music-searchengine/internal/service/crate.go:260.122,262.16 2 0
github.com/gvasels/personal-music-searchengine/internal/service/crate.go:262.16,264.3 1 0
github.com/gvasels/personal-music-searchengine/internal/service/crate.go:265.2,265.18 1 0
github.com/gvasels/personal-music-searchengine/internal/service/crate.go:265.18,267.3 1 0
github.com/gvasels/personal-music-searchengine/internal/service/crate.go:270.2,271.36 2 0
github.com/gvasels/personal-music-searchengine/internal/service/crate.go:271.36,273.3 1 0
github.com/gvasels/personal-music-searchengine/internal/service/crate.go:275.2,276.34 2 0
github.com/gvasels/personal-music-searchengine/internal/service/crate.go:276.34,278.3 1 0
github.com/gvasels/personal-music-searchengine/internal/service/crate.go:281.2,281.37 1 0
github.com/gvasels/personal-music-searchengine/internal/service/crate.go:281.37,283.3 1 0
github.com/gvasels/personal-music-searchengine/internal/service/crate.go:284.2,284.30 1 0
github.com/gvasels/personal-music-searchengine/internal/service/crate.go:284.30,285.18 1 0
github.com/gvasels/personal-music-searchengine/internal/service/crate.go:285.18,287.4 1 0
github.com/gvasels/personal-music-searchengine/internal/service/crate.go:289.2,289.25 1 0
github.com/gvasels/personal-music-searchengine/internal/service/crate.go:289.25,290.23 1 0
github.com/gvasels/personal-music-searchengine/internal/service/crate.go:290.23,292.4 1 0
github.com/gvasels/personal-music-searchengine/internal/service/crate.go:295.2,299.40 4 0
github.com/gvasels/personal-music-searchengine/internal/service/crate.go:303.97,304.75 1 0
github.com/gvasels/personal-music-searchengine/internal/service/crate.go:304.75,306.3 1 0
github.com/gvasels/personal-music-searchengine/internal/service/crate.go:309.2,310.36 2 0
github.com/gvasels/personal-music-searchengine/internal/service/crate.go:310.36,312.33 2 0
github.com/gvasels/personal-music-searchengine/internal/service/crate.go:312.33,314.4 1 0
github.com/gvasels/personal-music-searchengine/internal/service/crate.go:318.2,318.49 1 0
github.com/gvasels/personal-music-searchengine/internal/service/crate.go:318.49,322.37 3 0
github.com/gvasels/personal-music-searchengine/internal/service/crate.go:322.37,324.4 1 0
github.com/gvasels/personal-music-searchengine/internal/service/crate.go:326.3,326.26 1 0
github.com/gvasels/personal-music-searchengine/internal/service/crate.go:327.28,328.34 1 0
github.com/gvasels/personal-music-searchengine/internal/service/crate.go:329.28,330.48 1 0
github.com/gvasels/personal-music-searchengine/internal/service/crate.go:331.31,332.40 1 0
github.com/gvasels/personal-music-searchengine/internal/service/crate.go:333.30,334.38 1 0
github.com/gvasels/personal-music-searchengine/internal/service/crate.go:335.30,336.52 1 0
github.com/gvasels/personal-music-searchengine/internal/service/crate.go:337.11,338.16 1 0
github.com/gvasels/personal-music-searchengine/internal/service/feature.go:47.89,54.2 1 1
github.com/gvasels/personal-music-searchengine/internal/service/feature.go:58.109,61.16 2 1
github.com/gvasels/personal-music-searchengine/internal/service/feature.go:61.16,63.3 1 0
github.com/gvasels/personal-music-searchengine/internal/service/feature.go:65.2,65.21 1 1
github.com/gvasels/personal-music-searchengine/internal/service/feature.go:65.21,67.73 1 0
github.com/gvasels/personal-music-searchengine/internal/service/feature.go:67.73,70.4 1 0
github.com/gvasels/personal-music-searchengine/internal/service/feature.go:70.9,72.4 1 0
github.com/gvasels/personal-music-searchengine/internal/service/feature.go:76.2,77.16 2 1
github.com/gvasels/personal-music-searchengine/internal/service/feature.go:77.16,79.3 1 0
github.com/gvasels/personal-music-searchengine/internal/service/feature.go:81.2,81.17 1 1
github.com/gvasels/personal-music-searchengine/internal/service/feature.go:81.17,83.3 1 1
github.com/gvasels/personal-music-searchengine/internal/service/feature.go:86.2,86.25 1 1
github.com/gvasels/personal-music-searchengine/internal/service/feature.go:86.25,88.3 1 0
github.com/gvasels/personal-music-searchengine/internal/service/feature.go:91.2,92.16 2 1
github.com/gvasels/personal-music-searchengine/internal/service/feature.go:92.16,94.3 1 0
github.com/gvasels/personal-music-searchengine/internal/service/feature.go:96.2,96.34 1 1
github.com/gvasels/personal-music-searchengine/internal/service/feature.go:100.116,103.16 2 0
github.com/gvasels/personal-music-searchengine/internal/service/feature.go:103.16,105.3 1 0
github.com/gvasels/personal-music-searchengine/internal/service/feature.go:108.2,109.16 2 0
github.com/gvasels/personal-music-searchengine/internal/service/feature.go:109.16,111.3 1 0
github.com/gvasels/personal-music-searchengine/internal/service/feature.go:114.2,115.16 2 0
github.com/gvasels/personal-music-searchengine/internal/service/feature.go:115.16,117.3 1 0
github.com/gvasels/personal-music-searchengine/internal/service/feature.go:120.2,121.30 2 0
github.com/gvasels/personal-music-searchengine/internal/service/feature.go:121.30,122.58 1 0
github.com/gvasels/personal-music-searchengine/internal/service/feature.go:122.58,124.4 1 0
github.com/gvasels/personal-music-searchengine/internal/service/feature.go:128.2,129.29 2 0
github.com/gvasels/personal-music-searchengine/internal/service/feature.go:129.29,131.65 1 0
github.com/gvasels/personal-music-searchengine/internal/service/feature.go:131.65,133.12 2 0
github.com/gvasels/personal-music-searchengine/internal/service/feature.go:137.3,137.52 1 0
github.com/gvasels/personal-music-searchengine/internal/service/feature.go:140.2,143.8 1 0
github.com/gvasels/personal-music-searchengine/internal/service/feature.go:147.158,162.2 3 0
github.com/gvasels/personal-music-searchengine/internal/service/feature.go:165.110,167.2 1 0
github.com/gvasels/personal-music-searchengine/internal/service/feature.go:170.44,174.2 3 0
github.com/gvasels/personal-music-searchengine/internal/service/feature.go:177.114,180.35 2 1
github.com/gvasels/personal-music-searchengine/internal/service/feature.go:180.35,181.47 1 0
github.com/gvasels/personal-music-searchengine/internal/service/feature.go:181.47,184.4 2 0
github.com/gvasels/personal-music-searchengine/internal/service/feature.go:186.2,190.16 3 1
github.com/gvasels/personal-music-searchengine/internal/service/feature.go:190.16,192.3 1 0
github.com/gvasels/personal-music-searchengine/internal/service/feature.go:195.2,202.18 4 1
github.com/gvasels/personal-music-searchengine/internal/service/feature.go:206.107,208.16 2 1
github.com/gvasels/personal-music-searchengine/internal/service/feature.go:208.16,210.3 1 0
github.com/gvasels/personal-music-searchengine/internal/service/feature.go:212.2,212.17 1 1
github.com/gvasels/personal-music-searchengine/internal/service/feature.go:212.17,214.3 1 0
github.com/gvasels/personal-music-searchengine/internal/service/feature.go:217.2,217.21 1 1
github.com/gvasels/personal-music-searchengine/internal/service/feature.go:217.21,219.3 1 1
github.com/gvasels/personal-music-searchengine/internal/service/feature.go:221.2,221.29 1 0
github.com/gvasels/personal-music-searchengine/internal/service/feature.go:225.66,227.2 1 0
github.com/gvasels/personal-music-searchengine/internal/service/hotcue.go:24.89,29.2 1 0
github.com/gvasels/personal-music-searchengine/internal/service/hotcue.go:32.143,34.31 1 0
github.com/gvasels/personal-music-searchengine/internal/service/hotcue.go:34.31,36.3 1 0
github.com/gvasels/personal-music-searchengine/internal/service/hotcue.go:39.2,40.16 2 0
github.com/gvasels/personal-music-searchengine/internal/service/hotcue.go:40.16,42.3 1 0
github.com/gvasels/personal-music-searchengine/internal/service/hotcue.go:43.2,43.14 1 0
github.com/gvasels/personal-music-searchengine/internal/service/hotcue.go:43.14,45.3 1 0
github.com/gvasels/personal-music-searchengine/internal/service/hotcue.go:48.2,49.16 2 0
github.com/gvasels/personal-music-searchengine/internal/service/hotcue.go:49.16,51.3 1 0
github.com/gvasels/personal-music-searchengine/internal/service/hotcue.go:52.2,52.18 1 0
github.com/gvasels/personal-music-searchengine/internal/service/hotcue.go:52.18,54.3 1 0
github.com/gvasels/personal-music-searchengine/internal/service/hotcue.go:57.2,57.44 1 0
github.com/gvasels/personal-music-searchengine/internal/service/hotcue.go:57.44,59.3 1 0
github.com/gvasels/personal-music-searchengine/internal/service/hotcue.go:62.2,62.26 1 0
github.com/gvasels/personal-music-searchengine/internal/service/hotcue.go:62.26,64.3 1 0
github.com/gvasels/personal-music-searchengine/internal/service/hotcue.go:67.2,68.17 2 0
github.com/gvasels/personal-music-searchengine/internal/service/hotcue.go:68.17,70.3 1 0
github.com/gvasels/personal-music-searchengine/internal/service/hotcue.go:72.2,83.64 3 0
github.com/gvasels/personal-music-searchengine/internal/service/hotcue.go:83.64,85.3 1 0
github.com/gvasels/personal-music-searchengine/internal/service/hotcue.go:87.2,90.56 3 0
github.com/gvasels/personal-music-searchengine/internal/service/hotcue.go:90.56,92.3 1 0
github.com/gvasels/personal-music-searchengine/internal/service/hotcue.go:94.2,94.20 1 0
github.com/gvasels/personal-music-searchengine/internal/service/hotcue.go:98.99,99.31 1 0
github.com/gvasels/personal-music-searchengine/internal/service/hotcue.go:99.31,101.3 1 0
github.com/gvasels/personal-music-searchengine/internal/service/hotcue.go:103.2,104.16 2 0
github.com/gvasels/personal-music-searchengine/internal/service/hotcue.go:104.16,106.3 1 0
github.com/gvasels/personal-music-searchengine/internal/service/hotcue.go:107.2,107.18 1 0
github.com/gvasels/personal-music-searchengine/internal/service/hotcue.go:107.18,109.3 1 0
github.com/gvasels/personal-music-searchengine/internal/service/hotcue.go:111.2,111.26 1 0
github.com/gvasels/personal-music-searchengine/internal/service/hotcue.go:111.26,113.3 1 0
github.com/gvasels/personal-music-searchengine/internal/service/hotcue.go:115.2,118.56 3 0
github.com/gvasels/personal-music-searchengine/internal/service/hotcue.go:118.56,120.3 1 0
github.com/gvasels/personal-music-searchengine/internal/service/hotcue.go:122.2,122.12 1 0
github.com/gvasels/personal-music-searchengine/internal/service/hotcue.go:126.119,128.16 2 0
github.com/gvasels/personal-music-searchengine/internal/service/hotcue.go:128.16,130.3 1 0
github.com/gvasels/personal-music-searchengine/internal/service/hotcue.go:131.2,131.18 1 0
github.com/gvasels/personal-music-searchengine/internal/service/hotcue.go:131.18,133.3 1 0
github.com/gvasels/personal-music-searchengine/internal/service/hotcue.go:135.2,136.26 2 0
github.com/gvasels/personal-music-searchengine/internal/service/hotcue.go:136.26,137.37 1 0
github.com/gvasels/personal-music-searchengine/internal/service/hotcue.go:137.37,138.18 1 0
github.com/gvasels/personal-music-searchengine/internal/service/hotcue.go:138.18,147.5 1 0
github.com/gvasels/personal-music-searchengine/internal/service/hotcue.go:151.2,155.8 1 0
github.com/gvasels/personal-music-searchengine/internal/service/hotcue.go:159.92,161.16 2 0
github.com/gvasels/personal-music-searchengine/internal/service/hotcue.go:161.16,163.3 1 0
github.com/gvasels/personal-music-searchengine/internal/service/hotcue.go:164.2,164.18 1 0
github.com/gvasels/personal-music-searchengine/internal/service/hotcue.go:164.18,166.3 1 0
github.com/gvasels/personal-music-searchengine/internal/service/hotcue.go:168.2,171.56 3 0
github.com/gvasels/personal-music-searchengine/internal/service/hotcue.go:171.56,173.3 1 0
github.com/gvasels/personal-music-searchengine/internal/service/hotcue.go:175.2,175.12 1 0
github.com/gvasels/personal-music-searchengine/internal/service/matching.go:35.95,40.2 1 1
github.com/gvasels/personal-music-searchengine/internal/service/matching.go:43.127,46.16 2 1
github.com/gvasels/personal-music-searchengine/internal/service/matching.go:46.16,48.3 1 0
github.com/gvasels/personal-music-searchengine/internal/service/matching.go:50.2,51.16 2 1
github.com/gvasels/personal-music-searchengine/internal/service/matching.go:51.16,53.3 1 0
github.com/gvasels/personal-music-searchengine/internal/service/matching.go:55.2,55.32 1 1
github.com/gvasels/personal-music-searchengine/internal/service/matching.go:55.32,57.3 1 1
github.com/gvasels/personal-music-searchengine/internal/service/matching.go:60.2,61.16 2 1
github.com/gvasels/personal-music-searchengine/internal/service/matching.go:61.16,63.3 1 0
github.com/gvasels/personal-music-searchengine/internal/service/matching.go:64.2,64.24 1 1
github.com/gvasels/personal-music-searchengine/internal/service/matching.go:64.24,66.3 1 1
github.com/gvasels/personal-music-searchengine/internal/service/matching.go:69.2,70.16 2 1
github.com/gvasels/personal-music-searchengine/internal/service/matching.go:70.16,72.3 1 0
github.com/gvasels/personal-music-searchengine/internal/service/matching.go:74.2,76.24 2 1
github.com/gvasels/personal-music-searchengine/internal/service/matching.go:76.24,80.26 2 1
github.com/gvasels/personal-music-searchengine/internal/service/matching.go:80.26,81.12 1 1
github.com/gvasels/personal-music-searchengine/internal/service/matching.go:84.3,90.57 5 1
github.com/gvasels/personal-music-searchengine/internal/service/matching.go:90.57,92.4 1 1
github.com/gvasels/personal-music-searchengine/internal/service/matching.go:95.3,95.75 1 1
github.com/gvasels/personal-music-searchengine/internal/service/matching.go:95.75,97.4 1 1
github.com/gvasels/personal-music-searchengine/internal/service/matching.go:100.3,101.31 2 1
github.com/gvasels/personal-music-searchengine/internal/service/matching.go:101.31,103.4 1 1
github.com/gvasels/personal-music-searchengine/internal/service/matching.go:103.9,103.24 1 0
github.com/gvasels/personal-music-searchengine/internal/service/matching.go:103.24,105.4 1 0
github.com/gvasels/personal-music-searchengine/internal/service/matching.go:105.9,107.4 1 0
github.com/gvasels/personal-music-searchengine/internal/service/matching.go:110.3,110.26 1 1
github.com/gvasels/personal-music-searchengine/internal/service/matching.go:110.26,119.4 1 1
github.com/gvasels/personal-music-searchengine/internal/service/matching.go:123.2,123.42 1 1
github.com/gvasels/personal-music-searchengine/internal/service/matching.go:123.42,125.3 1 1
github.com/gvasels/personal-music-searchengine/internal/service/matching.go:128.2,128.39 1 1
github.com/gvasels/personal-music-searchengine/internal/service/matching.go:128.39,130.3 1 0
github.com/gvasels/personal-music-searchengine/internal/service/matching.go:132.2,132.21 1 1
github.com/gvasels/personal-music-searchengine/internal/service/matching.go:136.153,138.16 2 1
github.com/gvasels/personal-music-searchengine/internal/service/matching.go:138.16,140.3 1 0
github.com/gvasels/personal-music-searchengine/internal/service/matching.go:141.2,141.14 1 1
github.com/gvasels/personal-music-searchengine/internal/service/matching.go:141.14,143.3 1 0
github.com/gvasels/personal-music-searchengine/internal/service/matching.go:145.2,146.16 2 1
github.com/gvasels/personal-music-searchengine/internal/service/matching.go:146.16,148.3 1 0
github.com/gvasels/personal-music-searchengine/internal/service/matching.go:150.2,152.24 2 1
github.com/gvasels/personal-music-searchengine/internal/service/matching.go:152.24,154.21 2 1
github.com/gvasels/personal-music-searchengine/internal/service/matching.go:154.21,155.12 1 0
github.com/gvasels/personal-music-searchengine/internal/service/matching.go:158.3,159.19 2 1
github.com/gvasels/personal-music-searchengine/internal/service/matching.go:159.19,167.4 1 1
github.com/gvasels/personal-music-searchengine/internal/service/matching.go:170.2,170.42 1 1
github.com/gvasels/personal-music-searchengine/internal/service/matching.go:170.42,172.3 1 1
github.com/gvasels/personal-music-searchengine/internal/service/matching.go:174.2,174.39 1 1
github.com/gvasels/personal-music-searchengine/internal/service/matching.go:174.39,176.3 1 1
github.com/gvasels/personal-music-searchengine/internal/service/matching.go:178.2,178.21 1 1
github.com/gvasels/personal-music-searchengine/internal/service/matching.go:182.126,184.16 2 1
github.com/gvasels/personal-music-searchengine/internal/service/matching.go:184.16,186.3 1 0
github.com/gvasels/personal-music-searchengine/internal/service/matching.go:187.2,187.14 1 1
github.com/gvasels/personal-music-searchengine/internal/service/matching.go:187.14,189.3 1 0
github.com/gvasels/personal-music-searchengine/internal/service/matching.go:191.2,192.16 2 1
github.com/gvasels/personal-music-searchengine/internal/service/matching.go:192.16,194.3 1 0
github.com/gvasels/personal-music-searchengine/internal/service/matching.go:196.2,198.24 2 1
github.com/gvasels/personal-music-searchengine/internal/service/matching.go:198.24,200.29 2 1
github.com/gvasels/personal-music-searchengine/internal/service/matching.go:200.29,201.12 1 0
github.com/gvasels/personal-music-searchengine/internal/service/matching.go:204.3,205.19 2 1
github.com/gvasels/personal-music-searchengine/internal/service/matching.go:205.19,213.4 1 1
github.com/gvasels/personal-music-searchengine/internal/service/matching.go:216.2,216.42 1 1
github.com/gvasels/personal-music-searchengine/internal/service/matching.go:216.42,218.3 1 1
github.com/gvasels/personal-music-searchengine/internal/service/matching.go:220.2,220.39 1 1
github.com/gvasels/personal-music-searchengine/internal/service/matching.go:220.39,222.3 1 0
github.com/gvasels/personal-music-searchengine/internal/service/matching.go:224.2,224.21 1 1
github.com/gvasels/personal-music-searchengine/internal/service/matching.go:231.81,240.33 3 1
github.com/gvasels/personal-music-searchengine/internal/service/matching.go:240.33,242.22 2 1
github.com/gvasels/personal-music-searchengine/internal/service/matching.go:242.22,244.4 1 1
github.com/gvasels/personal-music-searchengine/internal/service/matching.go:248.2,256.22 3 1
github.com/gvasels/personal-music-searchengine/internal/service/matching.go:256.22,258.3 1 1
github.com/gvasels/personal-music-searchengine/internal/service/matching.go:258.8,258.29 1 1
github.com/gvasels/personal-music-searchengine/internal/service/matching.go:258.29,260.3 1 1
github.com/gvasels/personal-music-searchengine/internal/service/matching.go:260.8,260.30 1 1
github.com/gvasels/personal-music-searchengine/internal/service/matching.go:260.30,262.3 1 1
github.com/gvasels/personal-music-searchengine/internal/service/matching.go:262.8,264.3 1 1
github.com/gvasels/personal-music-searchengine/internal/service/matching.go:266.2,266.15 1 1
github.com/gvasels/personal-music-searchengine/internal/service/matching.go:266.15,268.3 1 0
github.com/gvasels/personal-music-searchengine/internal/service/matching.go:270.2,270.24 1 1
github.com/gvasels/personal-music-searchengine/internal/service/matching.go:313.79,320.28 5 1
github.com/gvasels/personal-music-searchengine/internal/service/matching.go:320.28,322.3 1 0
github.com/gvasels/personal-music-searchengine/internal/service/matching.go:325.2,325.94 1 1
github.com/gvasels/personal-music-searchengine/internal/service/matching.go:325.94,327.3 1 1
github.com/gvasels/personal-music-searchengine/internal/service/matching.go:330.2,330.94 1 1
github.com/gvasels/personal-music-searchengine/internal/service/matching.go:330.94,332.3 1 1
github.com/gvasels/personal-music-searchengine/internal/service/matching.go:335.2,336.62 2 1
github.com/gvasels/personal-music-searchengine/internal/service/matching.go:336.62,338.3 1 1
github.com/gvasels/personal-music-searchengine/internal/service/matching.go:341.2,341.62 1 1
github.com/gvasels/personal-music-searchengine/internal/service/matching.go:341.62,343.3 1 0
github.com/gvasels/personal-music-searchengine/internal/service/matching.go:346.2,346.62 1 1
github.com/gvasels/personal-music-searchengine/internal/service/matching.go:346.62,348.3 1 0
github.com/gvasels/personal-music-searchengine/internal/service/matching.go:351.2,351.62 1 1
github.com/gvasels/personal-music-searchengine/internal/service/matching.go:351.62,353.3 1 0
github.com/gvasels/personal-music-searchengine/internal/service/matching.go:355.2,355.28 1 1
github.com/gvasels/personal-music-searchengine/internal/service/matching.go:359.38,362.37 2 1
github.com/gvasels/personal-music-searchengine/internal/service/matching.go:362.37,364.3 1 1
github.com/gvasels/personal-music-searchengine/internal/service/matching.go:365.2,365.37 1 1
github.com/gvasels/personal-music-searchengine/internal/service/matching.go:365.37,367.3 1 1
github.com/gvasels/personal-music-searchengine/internal/service/matching.go:368.2,368.12 1 1
github.com/gvasels/personal-music-searchengine/internal/service/matching.go:372.36,374.14 2 1
github.com/gvasels/personal-music-searchengine/internal/service/matching.go:374.14,376.3 1 0
github.com/gvasels/personal-music-searchengine/internal/service/matching.go:377.2,377.13 1 1
github.com/gvasels/personal-music-searchengine/internal/service/matching.go:380.21,381.11 1 1
github.com/gvasels/personal-music-searchengine/internal/service/matching.go:381.11,383.3 1 1
github.com/gvasels/personal-music-searchengine/internal/service/matching.go:384.2,384.10 1 0
github.com/gvasels/personal-music-searchengine/internal/service/migration.go:57.69,61.2 1 0
github.com/gvasels/personal-music-searchengine/internal/service/migration.go:65.105,78.6 5 0
github.com/gvasels/personal-music-searchengine/internal/service/migration.go:78.6,85.17 3 0
github.com/gvasels/personal-music-searchengine/internal/service/migration.go:85.17,87.4 1 0
github.com/gvasels/personal-music-searchengine/internal/service/migration.go:89.3,89.44 1 0
github.com/gvasels/personal-music-searchengine/internal/service/migration.go:89.44,91.28 1 0
github.com/gvasels/personal-music-searchengine/internal/service/migration.go:91.28,93.13 2 0
github.com/gvasels/personal-music-searchengine/internal/service/migration.go:97.4,97.26 1 0
github.com/gvasels/personal-music-searchengine/internal/service/migration.go:97.26,99.13 2 0
github.com/gvasels/personal-music-searchengine/internal/service/migration.go:103.4,104.18 2 0
github.com/gvasels/personal-music-searchengine/internal/service/migration.go:104.18,106.13 2 0
github.com/gvasels/personal-music-searchengine/internal/service/migration.go:110.4,120.57 4 0
github.com/gvasels/personal-music-searchengine/internal/service/migration.go:120.57,122.13 2 0
github.com/gvasels/personal-music-searchengine/internal/service/migration.go:125.4,125.26 1 0
github.com/gvasels/personal-music-searchengine/internal/service/migration.go:128.3,128.28 1 0
github.com/gvasels/personal-music-searchengine/internal/service/migration.go:128.28,129.9 1 0
github.com/gvasels/personal-music-searchengine/internal/service/migration.go:131.3,131.36 1 0
github.com/gvasels/personal-music-searchengine/internal/service/migration.go:135.2,135.35 1 0
github.com/gvasels/personal-music-searchengine/internal/service/migration.go:135.35,136.20 1 0
github.com/gvasels/personal-music-searchengine/internal/service/migration.go:136.20,138.4 1 0
github.com/gvasels/personal-music-searchengine/internal/service/migration.go:141.2,144.20 3 0
github.com/gvasels/personal-music-searchengine/internal/service/migration.go:148.151,150.41 1 0
github.com/gvasels/personal-music-searchengine/internal/service/migration.go:150.41,152.3 1 0
github.com/gvasels/personal-music-searchengine/internal/service/migration.go:155.2,156.44 2 0
github.com/gvasels/personal-music-searchengine/internal/service/migration.go:156.44,159.3 2 0
github.com/gvasels/personal-music-searchengine/internal/service/migration.go:162.2,166.41 3 0
github.com/gvasels/personal-music-searchengine/internal/service/migration.go:166.41,169.3 2 0
github.com/gvasels/personal-music-searchengine/internal/service/migration.go:172.2,183.57 5 0
github.com/gvasels/personal-music-searchengine/internal/service/migration.go:183.57,186.45 2 0
github.com/gvasels/personal-music-searchengine/internal/service/migration.go:186.45,189.4 2 0
github.com/gvasels/personal-music-searchengine/internal/service/migration.go:190.3,190.61 1 0
github.com/gvasels/personal-music-searchengine/internal/service/migration.go:193.2,194.21 2 0
github.com/gvasels/personal-music-searchengine/internal/service/migration.go:198.109,209.6 5 0
github.com/gvasels/personal-music-searchengine/internal/service/migration.go:209.6,216.17 3 0
github.com/gvasels/personal-music-searchengine/internal/service/migration.go:216.17,218.4 1 0
github.com/gvasels/personal-music-searchengine/internal/service/migration.go:220.3,220.44 1 0
github.com/gvasels/personal-music-searchengine/internal/service/migration.go:220.44,222.28 2 0
github.com/gvasels/personal-music-searchengine/internal/service/migration.go:222.28,224.5 1 0
github.com/gvasels/personal-music-searchengine/internal/service/migration.go:227.3,227.28 1 0
github.com/gvasels/personal-music-searchengine/internal/service/migration.go:227.28,228.9 1 0
github.com/gvasels/personal-music-searchengine/internal/service/migration.go:230.3,230.36 1 0
github.com/gvasels/personal-music-searchengine/internal/service/migration.go:234.2,236.16 3 0
github.com/gvasels/personal-music-searchengine/internal/service/migration.go:236.16,238.3 1 0
github.com/gvasels/personal-music-searchengine/internal/service/migration.go:240.2,245.44 4 0
github.com/gvasels/personal-music-searchengine/internal/service/migration.go:245.44,247.3 1 0
github.com/gvasels/personal-music-searchengine/internal/service/migration.go:247.8,247.42 1 0
github.com/gvasels/personal-music-searchengine/internal/service/migration.go:247.42,249.3 1 0
github.com/gvasels/personal-music-searchengine/internal/service/migration.go:249.8,249.31 1 0
github.com/gvasels/personal-music-searchengine/internal/service/migration.go:249.31,251.3 1 0
github.com/gvasels/personal-music-searchengine/internal/service/migration.go:253.2,253.20 1 0
github.com/gvasels/personal-music-searchengine/internal/service/playlist.go:19.101,24.2 1 0
github.com/gvasels/personal-music-searchengine/internal/service/playlist.go:26.146,40.61 5 0
github.com/gvasels/personal-music-searchengine/internal/service/playlist.go:40.61,42.3 1 0
github.com/gvasels/personal-music-searchengine/internal/service/playlist.go:44.2,45.23 2 0
github.com/gvasels/personal-music-searchengine/internal/service/playlist.go:48.123,50.16 2 0
github.com/gvasels/personal-music-searchengine/internal/service/playlist.go:50.16,51.36 1 0
github.com/gvasels/personal-music-searchengine/internal/service/playlist.go:51.36,53.4 1 0
github.com/gvasels/personal-music-searchengine/internal/service/playlist.go:54.3,54.18 1 0
github.com/gvasels/personal-music-searchengine/internal/service/playlist.go:57.2,58.32 2 0
github.com/gvasels/personal-music-searchengine/internal/service/playlist.go:58.32,60.17 2 0
github.com/gvasels/personal-music-searchengine/internal/service/playlist.go:60.17,62.4 1 0
github.com/gvasels/personal-music-searchengine/internal/service/playlist.go:66.2,67.16 2 0
github.com/gvasels/personal-music-searchengine/internal/service/playlist.go:67.16,69.3 1 0
github.com/gvasels/personal-music-searchengine/internal/service/playlist.go:72.2,73.36 2 0
github.com/gvasels/personal-music-searchengine/internal/service/playlist.go:73.36,75.17 2 0
github.com/gvasels/personal-music-searchengine/internal/service/playlist.go:75.17,76.37 1 0
github.com/gvasels/personal-music-searchengine/internal/service/playlist.go:76.37,77.13 1 0
github.com/gvasels/personal-music-searchengine/internal/service/playlist.go:79.4,79.19 1 0
github.com/gvasels/personal-music-searchengine/internal/service/playlist.go:82.3,83.30 2 0
github.com/gvasels/personal-music-searchengine/internal/service/playlist.go:83.30,85.18 2 0
github.com/gvasels/personal-music-searchengine/internal/service/playlist.go:85.18,87.5 1 0
github.com/gvasels/personal-music-searchengine/internal/service/playlist.go:89.3,89.59 1 0
github.com/gvasels/personal-music-searchengine/internal/service/playlist.go:92.2,99.8 3 0
github.com/gvasels/personal-music-searchengine/internal/service/playlist.go:102.158,104.16 2 0
github.com/gvasels/personal-music-searchengine/internal/service/playlist.go:104.16,105.36 1 0
github.com/gvasels/personal-music-searchengine/internal/service/playlist.go:105.36,107.4 1 0
github.com/gvasels/personal-music-searchengine/internal/service/playlist.go:108.3,108.18 1 0
github.com/gvasels/personal-music-searchengine/internal/service/playlist.go:112.2,112.21 1 0
github.com/gvasels/personal-music-searchengine/internal/service/playlist.go:112.21,114.3 1 0
github.com/gvasels/personal-music-searchengine/internal/service/playlist.go:115.2,115.28 1 0
github.com/gvasels/personal-music-searchengine/internal/service/playlist.go:115.28,117.3 1 0
github.com/gvasels/personal-music-searchengine/internal/service/playlist.go:118.2,118.25 1 0
github.com/gvasels/personal-music-searchengine/internal/service/playlist.go:118.25,120.3 1 0
github.com/gvasels/personal-music-searchengine/internal/service/playlist.go:122.2,122.62 1 0
github.com/gvasels/personal-music-searchengine/internal/service/playlist.go:122.62,124.3 1 0
github.com/gvasels/personal-music-searchengine/internal/service/playlist.go:126.2,127.32 2 0
github.com/gvasels/personal-music-searchengine/internal/service/playlist.go:127.32,129.17 2 0
github.com/gvasels/personal-music-searchengine/internal/service/playlist.go:129.17,131.4 1 0
github.com/gvasels/personal-music-searchengine/internal/service/playlist.go:134.2,135.23 2 0
github.com/gvasels/personal-music-searchengine/internal/service/playlist.go:138.96,140.16 2 0
github.com/gvasels/personal-music-searchengine/internal/service/playlist.go:140.16,141.36 1 0
github.com/gvasels/personal-music-searchengine/internal/service/playlist.go:141.36,143.4 1 0
github.com/gvasels/personal-music-searchengine/internal/service/playlist.go:144.3,144.13 1 0
github.com/gvasels/personal-music-searchengine/internal/service/playlist.go:147.2,147.55 1 0
github.com/gvasels/personal-music-searchengine/internal/service/playlist.go:150.169,152.16 2 0
github.com/gvasels/personal-music-searchengine/internal/service/playlist.go:152.16,154.3 1 0
github.com/gvasels/personal-music-searchengine/internal/service/playlist.go:156.2,157.40 2 0
github.com/gvasels/personal-music-searchengine/internal/service/playlist.go:157.40,159.33 2 0
github.com/gvasels/personal-music-searchengine/internal/service/playlist.go:159.33,161.18 2 0
github.com/gvasels/personal-music-searchengine/internal/service/playlist.go:161.18,163.5 1 0
github.com/gvasels/personal-music-searchengine/internal/service/playlist.go:165.3,169.17 3 0
github.com/gvasels/personal-music-searchengine/internal/service/playlist.go:169.17,171.38 2 0
github.com/gvasels/personal-music-searchengine/internal/service/playlist.go:171.38,173.71 1 0
github.com/gvasels/personal-music-searchengine/internal/service/playlist.go:173.71,175.6 1 0
github.com/gvasels/personal-music-searchengine/internal/service/playlist.go:177.4,177.35 1 0
github.com/gvasels/personal-music-searchengine/internal/service/playlist.go:180.3,180.38 1 0
github.com/gvasels/personal-music-searchengine/internal/service/playlist.go:183.2,187.8 1 0
github.com/gvasels/personal-music-searchengine/internal/service/playlist.go:190.158,192.16 2 0
github.com/gvasels/personal-music-searchengine/internal/service/playlist.go:192.16,193.36 1 0
github.com/gvasels/personal-music-searchengine/internal/service/playlist.go:193.36,195.4 1 0
github.com/gvasels/personal-music-searchengine/internal/service/playlist.go:196.3,196.18 1 0
github.com/gvasels/personal-music-searchengine/internal/service/playlist.go:200.2,201.25 2 0
github.com/gvasels/personal-music-searchengine/internal/service/playlist.go:201.25,203.3 1 0
github.com/gvasels/personal-music-searchengine/internal/service/playlist.go:206.2,207.39 2 0
github.com/gvasels/personal-music-searchengine/internal/service/playlist.go:207.39,209.17 2 0
github.com/gvasels/personal-music-searchengine/internal/service/playlist.go:209.17,210.37 1 0
github.com/gvasels/personal-music-searchengine/internal/service/playlist.go:210.37,212.5 1 0
github.com/gvasels/personal-music-searchengine/internal/service/playlist.go:213.4,213.19 1 0
github.com/gvasels/personal-music-searchengine/internal/service/playlist.go:215.3,215.34 1 0
github.com/gvasels/personal-music-searchengine/internal/service/playlist.go:219.2,219.92 1 0
github.com/gvasels/personal-music-searchengine/internal/service/playlist.go:219.92,221.3 1 0
github.com/gvasels/personal-music-searchengine/internal/service/playlist.go:224.2,226.62 3 0
github.com/gvasels/personal-music-searchengine/internal/service/playlist.go:226.62,228.3 1 0
github.com/gvasels/personal-music-searchengine/internal/service/playlist.go:230.2,231.32 2 0
github.com/gvasels/personal-music-searchengine/internal/service/playlist.go:231.32,233.17 2 0
github.com/gvasels/personal-music-searchengine/internal/service/playlist.go:233.17,235.4 1 0
github.com/gvasels/personal-music-searchengine/internal/service/playlist.go:238.2,239.23 2 0
github.com/gvasels/personal-music-searchengine/internal/service/playlist.go:242.166,244.16 2 0
github.com/gvasels/personal-music-searchengine/internal/service/playlist.go:244.16,245.36 1 0
github.com/gvasels/personal-music-searchengine/internal/service/playlist.go:245.36,247.4 1 0
github.com/gvasels/personal-music-searchengine/internal/service/playlist.go:248.3,248.18 1 0
github.com/gvasels/personal-music-searchengine/internal/service/playlist.go:252.2,253.39 2 0
github.com/gvasels/personal-music-searchengine/internal/service/playlist.go:253.39,255.17 2 0
github.com/gvasels/personal-music-searchengine/internal/service/playlist.go:255.17,257.4 1 0
github.com/gvasels/personal-music-searchengine/internal/service/playlist.go:261.2,261.87 1 0
github.com/gvasels/personal-music-searchengine/internal/service/playlist.go:261.87,263.3 1 0
github.com/gvasels/personal-music-searchengine/internal/service/playlist.go:266.2,267.29 2 0
github.com/gvasels/personal-music-searchengine/internal/service/playlist.go:267.29,269.3 1 0
github.com/gvasels/personal-music-searchengine/internal/service/playlist.go:270.2,271.32 2 0
github.com/gvasels/personal-music-searchengine/internal/service/playlist.go:271.32,273.3 1 0
github.com/gvasels/personal-music-searchengine/internal/service/playlist.go:274.2,274.62 1 0
github.com/gvasels/personal-music-searchengine/internal/service/playlist.go:274.62,276.3 1 0
github.com/gvasels/personal-music-searchengine/internal/service/playlist.go:278.2,279.32 2 0
github.com/gvasels/personal-music-searchengine/internal/service/playlist.go:279.32,281.17 2 0
github.com/gvasels/personal-music-searchengine/internal/service/playlist.go:281.17,283.4 1 0
github.com/gvasels/personal-music-searchengine/internal/service/playlist.go:286.2,287.23 2 0
github.com/gvasels/personal-music-searchengine/internal/service/playlist.go:290.164,292.16 2 0
github.com/gvasels/personal-music-searchengine/internal/service/playlist.go:292.16,293.36 1 0
github.com/gvasels/personal-music-searchengine/internal/service/playlist.go:293.36,295.4 1 0
github.com/gvasels/personal-music-searchengine/internal/service/playlist.go:296.3,296.18 1 0
github.com/gvasels/personal-music-searchengine/internal/service/playlist.go:300.2,301.16 2 0
github.com/gvasels/personal-music-searchengine/internal/service/playlist.go:301.16,303.3 1 0
github.com/gvasels/personal-music-searchengine/internal/service/playlist.go:306.2,308.36 3 0
github.com/gvasels/personal-music-searchengine/internal/service/playlist.go:308.36,309.32 1 0
github.com/gvasels/personal-music-searchengine/internal/service/playlist.go:309.32,312.9 3 0
github.com/gvasels/personal-music-searchengine/internal/service/playlist.go:316.2,316.24 1 0
github.com/gvasels/personal-music-searchengine/internal/service/playlist.go:316.24,318.3 1 0
github.com/gvasels/personal-music-searchengine/internal/service/playlist.go:321.2,321.67 1 0
github.com/gvasels/personal-music-searchengine/internal/service/playlist.go:321.67,323.3 1 0
github.com/gvasels/personal-music-searchengine/internal/service/playlist.go:326.2,326.40 1 0
github.com/gvasels/personal-music-searchengine/internal/service/playlist.go:326.40,328.33 2 0
github.com/gvasels/personal-music-searchengine/internal/service/playlist.go:328.33,330.18 2 0
github.com/gvasels/personal-music-searchengine/internal/service/playlist.go:330.18,332.5 1 0
github.com/gvasels/personal-music-searchengine/internal/service/playlist.go:334.3,335.24 2 0
github.com/gvasels/personal-music-searchengine/internal/service/playlist.go:340.2,341.36 2 0
github.com/gvasels/personal-music-searchengine/internal/service/playlist.go:341.36,342.27 1 0
github.com/gvasels/personal-music-searchengine/internal/service/playlist.go:342.27,344.4 1 0
github.com/gvasels/personal-music-searchengine/internal/service/playlist.go:348.2,349.38 2 0
github.com/gvasels/personal-music-searchengine/internal/service/playlist.go:349.38,350.27 1 0
github.com/gvasels/personal-music-searchengine/internal/service/playlist.go:350.27,352.4 1 0
github.com/gvasels/personal-music-searchengine/internal/service/playlist.go:353.3,353.46 1 0
github.com/gvasels/personal-music-searchengine/internal/service/playlist.go:356.2,356.39 1 0
github.com/gvasels/personal-music-searchengine/internal/service/playlist.go:356.39,358.3 1 0
github.com/gvasels/personal-music-searchengine/internal/service/playlist.go:361.2,361.81 1 0
github.com/gvasels/personal-music-searchengine/internal/service/playlist.go:361.81,363.3 1 0
github.com/gvasels/personal-music-searchengine/internal/service/playlist.go:365.2,366.32 2 0
github.com/gvasels/personal-music-searchengine/internal/service/playlist.go:366.32,368.17 2 0
github.com/gvasels/personal-music-searchengine/internal/service/playlist.go:368.17,370.4 1 0
github.com/gvasels/personal-music-searchengine/internal/service/playlist.go:373.2,374.23 2 0
github.com/gvasels/personal-music-searchengine/internal/service/search.go:27.120,33.2 1 0
github.com/gvasels/personal-music-searchengine/internal/service/search.go:36.130,37.21 1 0
github.com/gvasels/personal-music-searchengine/internal/service/search.go:37.21,39.3 1 0
github.com/gvasels/personal-music-searchengine/internal/service/search.go:40.2,40.37 1 0
github.com/gvasels/personal-music-searchengine/internal/service/search.go:40.37,42.3 1 0
github.com/gvasels/personal-music-searchengine/internal/service/search.go:44.2,45.16 2 0
github.com/gvasels/personal-music-searchengine/internal/service/search.go:45.16,47.3 1 0
github.com/gvasels/personal-music-searchengine/internal/service/search.go:48.2,48.17 1 0
github.com/gvasels/personal-music-searchengine/internal/service/search.go:48.17,50.3 1 0
github.com/gvasels/personal-music-searchengine/internal/service/search.go:53.2,63.26 3 0
github.com/gvasels/personal-music-searchengine/internal/service/search.go:63.26,68.3 1 0
github.com/gvasels/personal-music-searchengine/internal/service/search.go:71.2,72.16 2 0
github.com/gvasels/personal-music-searchengine/internal/service/search.go:72.16,74.3 1 0
github.com/gvasels/personal-music-searchengine/internal/service/search.go:77.2,80.31 2 0
github.com/gvasels/personal-music-searchengine/internal/service/search.go:80.31,82.17 2 0
github.com/gvasels/personal-music-searchengine/internal/service/search.go:82.17,84.4 1 0
github.com/gvasels/personal-music-searchengine/internal/service/search.go:88.2,89.33 2 0
github.com/gvasels/personal-music-searchengine/internal/service/search.go:89.33,92.3 2 0
github.com/gvasels/personal-music-searchengine/internal/service/search.go:95.2,99.16 3 0
github.com/gvasels/personal-music-searchengine/internal/service/search.go:99.16,103.3 2 0
github.com/gvasels/personal-music-searchengine/internal/service/search.go:106.2,107.36 2 0
github.com/gvasels/personal-music-searchengine/internal/service/search.go:107.36,109.3 1 0
github.com/gvasels/personal-music-searchengine/internal/service/search.go:112.2,114.31 3 0
github.com/gvasels/personal-music-searchengine/internal/service/search.go:114.31,119.3 2 0
github.com/gvasels/personal-music-searchengine/internal/service/search.go:121.2,129.8 1 0
github.com/gvasels/personal-music-searchengine/internal/service/search.go:133.123,134.17 1 0
github.com/gvasels/personal-music-searchengine/internal/service/search.go:134.17,139.3 1 0
github.com/gvasels/personal-music-searchengine/internal/service/search.go:142.2,148.16 3 0
github.com/gvasels/personal-music-searchengine/internal/service/search.go:148.16,150.3 1 0
github.com/gvasels/personal-music-searchengine/internal/service/search.go:153.2,161.33 6 0
github.com/gvasels/personal-music-searchengine/internal/service/search.go:161.33,163.32 1 0
github.com/gvasels/personal-music-searchengine/internal/service/search.go:163.32,170.4 2 0
github.com/gvasels/personal-music-searchengine/internal/service/search.go:173.3,173.57 1 0
github.com/gvasels/personal-music-searchengine/internal/service/search.go:173.57,179.4 2 0
github.com/gvasels/personal-music-searchengine/internal/service/search.go:182.3,182.54 1 0
github.com/gvasels/personal-music-searchengine/internal/service/search.go:182.54,188.4 2 0
github.com/gvasels/personal-music-searchengine/internal/service/search.go:191.3,191.28 1 0
github.com/gvasels/personal-music-searchengine/internal/service/search.go:191.28,192.9 1 0
github.com/gvasels/personal-music-searchengine/internal/service/search.go:197.2,198.16 2 0
github.com/gvasels/personal-music-searchengine/internal/service/search.go:198.16,199.44 1 0
github.com/gvasels/personal-music-searchengine/internal/service/search.go:199.44,205.30 2 0
github.com/gvasels/personal-music-searchengine/internal/service/search.go:205.30,206.10 1 0
github.com/gvasels/personal-music-searchengine/internal/service/search.go:211.2,214.8 1 0
github.com/gvasels/personal-music-searchengine/internal/service/search.go:218.87,233.16 3 0
github.com/gvasels/personal-music-searchengine/internal/service/search.go:233.16,235.3 1 0
github.com/gvasels/personal-music-searchengine/internal/service/search.go:237.2,237.19 1 0
github.com/gvasels/personal-music-searchengine/internal/service/search.go:237.19,239.3 1 0
github.com/gvasels/personal-music-searchengine/internal/service/search.go:241.2,241.12 1 0
github.com/gvasels/personal-music-searchengine/internal/service/search.go:245.84,247.16 2 0
github.com/gvasels/personal-music-searchengine/internal/service/search.go:247.16,249.3 1 0
github.com/gvasels/personal-music-searchengine/internal/service/search.go:251.2,251.19 1 0
github.com/gvasels/personal-music-searchengine/internal/service/search.go:251.19,254.3 1 0
github.com/gvasels/personal-music-searchengine/internal/service/search.go:256.2,256.12 1 0
github.com/gvasels/personal-music-searchengine/internal/service/search.go:260.84,265.6 3 0
github.com/gvasels/personal-music-searchengine/internal/service/search.go:265.6,272.17 3 0
github.com/gvasels/personal-music-searchengine/internal/service/search.go:272.17,274.4 1 0
github.com/gvasels/personal-music-searchengine/internal/service/search.go:276.3,278.49 2 0
github.com/gvasels/personal-music-searchengine/internal/service/search.go:278.49,279.9 1 0
github.com/gvasels/personal-music-searchengine/internal/service/search.go:281.3,281.29 1 0
github.com/gvasels/personal-music-searchengine/internal/service/search.go:284.2,284.25 1 0
github.com/gvasels/personal-music-searchengine/internal/service/search.go:284.25,286.3 1 0
github.com/gvasels/personal-music-searchengine/internal/service/search.go:289.2,290.34 2 0
github.com/gvasels/personal-music-searchengine/internal/service/search.go:290.34,303.3 1 0
github.com/gvasels/personal-music-searchengine/internal/service/search.go:306.2,307.44 2 0
github.com/gvasels/personal-music-searchengine/internal/service/search.go:307.44,309.22 2 0
github.com/gvasels/personal-music-searchengine/internal/service/search.go:309.22,311.4 1 0
github.com/gvasels/personal-music-searchengine/internal/service/search.go:313.3,315.17 3 0
github.com/gvasels/personal-music-searchengine/internal/service/search.go:315.17,317.4 1 0
github.com/gvasels/personal-music-searchengine/internal/service/search.go:319.3,319.22 1 0
github.com/gvasels/personal-music-searchengine/internal/service/search.go:319.22,321.4 1 0
github.com/gvasels/personal-music-searchengine/internal/service/search.go:324.2,324.12 1 0
github.com/gvasels/personal-music-searchengine/internal/service/search.go:328.95,332.30 2 0
github.com/gvasels/personal-music-searchengine/internal/service/search.go:332.30,334.3 1 0
github.com/gvasels/personal-music-searchengine/internal/service/search.go:337.2,337.29 1 0
github.com/gvasels/personal-music-searchengine/internal/service/search.go:337.29,339.3 1 0
github.com/gvasels/personal-music-searchengine/internal/service/search.go:342.2,342.29 1 0
github.com/gvasels/personal-music-searchengine/internal/service/search.go:342.29,344.3 1 0
github.com/gvasels/personal-music-searchengine/internal/service/search.go:347.2,347.28 1 0
github.com/gvasels/personal-music-searchengine/internal/service/search.go:347.28,349.38 2 0
github.com/gvasels/personal-music-searchengine/internal/service/search.go:349.38,350.22 1 0
github.com/gvasels/personal-music-searchengine/internal/service/search.go:350.22,352.5 1 0
github.com/gvasels/personal-music-searchengine/internal/service/search.go:353.4,353.22 1 0
github.com/gvasels/personal-music-searchengine/internal/service/search.go:353.22,355.5 1 0
github.com/gvasels/personal-music-searchengine/internal/service/search.go:357.3,358.26 2 0
github.com/gvasels/personal-music-searchengine/internal/service/search.go:361.2,361.15 1 0
github.com/gvasels/personal-music-searchengine/internal/service/search.go:367.155,368.20 1 1
github.com/gvasels/personal-music-searchengine/internal/service/search.go:368.20,370.3 1 0
github.com/gvasels/personal-music-searchengine/internal/service/search.go:373.2,375.27 3 1
github.com/gvasels/personal-music-searchengine/internal/service/search.go:375.27,377.44 2 1
github.com/gvasels/personal-music-searchengine/internal/service/search.go:377.44,380.4 2 1
github.com/gvasels/personal-music-searchengine/internal/service/search.go:383.2,383.26 1 1
github.com/gvasels/personal-music-searchengine/internal/service/search.go:383.26,385.3 1 0
github.com/gvasels/personal-music-searchengine/internal/service/search.go:388.2,388.37 1 1
github.com/gvasels/personal-music-searchengine/internal/service/search.go:388.37,390.17 2 1
github.com/gvasels/personal-music-searchengine/internal/service/search.go:390.17,391.37 1 0
github.com/gvasels/personal-music-searchengine/internal/service/search.go:391.37,393.5 1 0
github.com/gvasels/personal-music-searchengine/internal/service/search.go:394.4,394.70 1 0
github.com/gvasels/personal-music-searchengine/internal/service/search.go:400.2,402.37 2 1
github.com/gvasels/personal-music-searchengine/internal/service/search.go:402.37,404.17 2 1
github.com/gvasels/personal-music-searchengine/internal/service/search.go:404.17,406.4 1 0
github.com/gvasels/personal-music-searchengine/internal/service/search.go:408.3,409.38 2 1
github.com/gvasels/personal-music-searchengine/internal/service/search.go:409.38,411.4 1 0
github.com/gvasels/personal-music-searchengine/internal/service/search.go:413.3,413.13 1 1
github.com/gvasels/personal-music-searchengine/internal/service/search.go:413.13,416.4 1 1
github.com/gvasels/personal-music-searchengine/internal/service/search.go:416.9,418.34 1 0
github.com/gvasels/personal-music-searchengine/internal/service/search.go:418.34,419.25 1 0
github.com/gvasels/personal-music-searchengine/internal/service/search.go:419.25,421.6 1 0
github.com/gvasels/personal-music-searchengine/internal/service/search.go:426.3,426.30 1 1
github.com/gvasels/personal-music-searchengine/internal/service/search.go:426.30,428.4 1 1
github.com/gvasels/personal-music-searchengine/internal/service/search.go:432.2,433.33 2 0
github.com/gvasels/personal-music-searchengine/internal/service/search.go:433.33,434.31 1 0
github.com/gvasels/personal-music-searchengine/internal/service/search.go:434.31,436.4 1 0
github.com/gvasels/personal-music-searchengine/internal/service/search.go:439.2,439.22 1 0
github.com/gvasels/personal-music-searchengine/internal/service/search.go:443.106,454.2 1 0
github.com/gvasels/personal-music-searchengine/internal/service/search.go:457.121,458.24 1 0
github.com/gvasels/personal-music-searchengine/internal/service/search.go:458.24,460.17 2 0
github.com/gvasels/personal-music-searchengine/internal/service/search.go:460.17,461.12 1 0
github.com/gvasels/personal-music-searchengine/internal/service/search.go:463.3,463.49 1 0
github.com/gvasels/personal-music-searchengine/internal/service/search.go:463.49,465.18 2 0
github.com/gvasels/personal-music-searchengine/internal/service/search.go:465.18,467.5 1 0
github.com/gvasels/personal-music-searchengine/internal/service/search.go:473.41,474.18 1 0
github.com/gvasels/personal-music-searchengine/internal/service/search.go:474.18,476.3 1 0
github.com/gvasels/personal-music-searchengine/internal/service/search.go:477.2,479.46 3 0
github.com/gvasels/personal-music-searchengine/internal/service/search.go:484.84,487.33 3 0
github.com/gvasels/personal-music-searchengine/internal/service/search.go:487.33,488.23 1 0
github.com/gvasels/personal-music-searchengine/internal/service/search.go:488.23,491.4 2 0
github.com/gvasels/personal-music-searchengine/internal/service/search.go:493.2,493.21 1 0
github.com/gvasels/personal-music-searchengine/internal/service/service.go:105.13,117.2 1 0
github.com/gvasels/personal-music-searchengine/internal/service/sfn.go:16.64,18.2 1 0
github.com/gvasels/personal-music-searchengine/internal/service/sfn.go:21.131,27.16 2 0
github.com/gvasels/personal-music-searchengine/internal/service/sfn.go:27.16,29.3 1 0
github.com/gvasels/personal-music-searchengine/internal/service/sfn.go:31.2,34.8 1 0
github.com/gvasels/personal-music-searchengine/internal/service/stream.go:28.137,34.2 1 0
github.com/gvasels/personal-music-searchengine/internal/service/stream.go:36.115,38.16 2 0
github.com/gvasels/personal-music-searchengine/internal/service/stream.go:38.16,39.36 1 0
github.com/gvasels/personal-music-searchengine/internal/service/stream.go:39.36,41.4 1 0
github.com/gvasels/personal-music-searchengine/internal/service/stream.go:42.3,42.18 1 0
github.com/gvasels/personal-music-searchengine/internal/service/stream.go:45.2,48.76 2 0
github.com/gvasels/personal-music-searchengine/internal/service/stream.go:48.76,49.26 1 0
github.com/gvasels/personal-music-searchengine/internal/service/stream.go:49.26,51.18 2 0
github.com/gvasels/personal-music-searchengine/internal/service/stream.go:51.18,54.5 1 0
github.com/gvasels/personal-music-searchengine/internal/service/stream.go:59.2,59.25 1 0
github.com/gvasels/personal-music-searchengine/internal/service/stream.go:59.25,61.17 2 0
github.com/gvasels/personal-music-searchengine/internal/service/stream.go:61.17,63.4 1 0
github.com/gvasels/personal-music-searchengine/internal/service/stream.go:64.8,66.17 2 0
github.com/gvasels/personal-music-searchengine/internal/service/stream.go:66.17,68.4 1 0
github.com/gvasels/personal-music-searchengine/internal/service/stream.go:72.2,73.21 2 0
github.com/gvasels/personal-music-searchengine/internal/service/stream.go:73.21,75.3 1 0
github.com/gvasels/personal-music-searchengine/internal/service/stream.go:78.2,78.12 1 0
github.com/gvasels/personal-music-searchengine/internal/service/stream.go:78.12,84.3 5 0
github.com/gvasels/personal-music-searchengine/internal/service/stream.go:86.2,95.8 1 0
github.com/gvasels/personal-music-searchengine/internal/service/stream.go:98.119,100.16 2 0
github.com/gvasels/personal-music-searchengine/internal/service/stream.go:100.16,101.36 1 0
github.com/gvasels/personal-music-searchengine/internal/service/stream.go:101.36,103.4 1 0
github.com/gvasels/personal-music-searchengine/internal/service/stream.go:104.3,104.18 1 0
github.com/gvasels/personal-music-searchengine/internal/service/stream.go:108.2,113.16 3 0
github.com/gvasels/personal-music-searchengine/internal/service/stream.go:113.16,115.3 1 0
github.com/gvasels/personal-music-searchengine/internal/service/stream.go:117.2,124.8 1 0
github.com/gvasels/personal-music-searchengine/internal/service/stream.go:127.101,129.16 2 0
github.com/gvasels/personal-music-searchengine/internal/service/stream.go:129.16,130.36 1 0
github.com/gvasels/personal-music-searchengine/internal/service/stream.go:130.36,132.4 1 0
github.com/gvasels/personal-music-searchengine/internal/service/stream.go:133.3,133.17 1 0
github.com/gvasels/personal-music-searchengine/internal/service/stream.go:136.2,136.29 1 0
github.com/gvasels/personal-music-searchengine/internal/service/stream.go:136.29,138.3 1 0
github.com/gvasels/personal-music-searchengine/internal/service/stream.go:141.2,141.25 1 0
github.com/gvasels/personal-music-searchengine/internal/service/stream.go:141.25,143.3 1 0
github.com/gvasels/personal-music-searchengine/internal/service/stream.go:144.2,144.89 1 0
github.com/gvasels/personal-music-searchengine/internal/service/stream.go:148.63,149.16 1 0
github.com/gvasels/personal-music-searchengine/internal/service/stream.go:150.29,151.16 1 0
github.com/gvasels/personal-music-searchengine/internal/service/stream.go:152.30,153.17 1 0
github.com/gvasels/personal-music-searchengine/internal/service/stream.go:154.29,155.16 1 0
github.com/gvasels/personal-music-searchengine/internal/service/stream.go:156.29,157.16 1 0
github.com/gvasels/personal-music-searchengine/internal/service/stream.go:158.29,159.16 1 0
github.com/gvasels/personal-music-searchengine/internal/service/stream.go:160.10,161.38 1 0
github.com/gvasels/personal-music-searchengine/internal/service/subscription.go:36.100,41.2 1 0
github.com/gvasels/personal-music-searchengine/internal/service/subscription.go:44.121,46.16 2 0
github.com/gvasels/personal-music-searchengine/internal/service/subscription.go:46.16,48.3 1 0
github.com/gvasels/personal-music-searchengine/internal/service/subscription.go:51.2,51.16 1 0
github.com/gvasels/personal-music-searchengine/internal/service/subscription.go:51.16,53.17 2 0
github.com/gvasels/personal-music-searchengine/internal/service/subscription.go:53.17,55.4 1 0
github.com/gvasels/personal-music-searchengine/internal/service/subscription.go:57.3,58.18 2 0
github.com/gvasels/personal-music-searchengine/internal/service/subscription.go:58.18,60.4 1 0
github.com/gvasels/personal-music-searchengine/internal/service/subscription.go:62.3,75.9 2 0
github.com/gvasels/personal-music-searchengine/internal/service/subscription.go:78.2,94.8 3 0
github.com/gvasels/personal-music-searchengine/internal/service/subscription.go:98.121,100.16 2 0
github.com/gvasels/personal-music-searchengine/internal/service/subscription.go:100.16,102.3 1 0
github.com/gvasels/personal-music-searchengine/internal/service/subscription.go:104.2,105.16 2 0
github.com/gvasels/personal-music-searchengine/internal/service/subscription.go:105.16,107.3 1 0
github.com/gvasels/personal-music-searchengine/internal/service/subscription.go:109.2,111.16 3 0
github.com/gvasels/personal-music-searchengine/internal/service/subscription.go:111.16,113.3 1 0
github.com/gvasels/personal-music-searchengine/internal/service/subscription.go:115.2,116.38 2 0
github.com/gvasels/personal-music-searchengine/internal/service/subscription.go:116.38,118.3 1 0
github.com/gvasels/personal-music-searchengine/internal/service/subscription.go:120.2,124.8 1 0
github.com/gvasels/personal-music-searchengine/internal/service/subscription.go:128.201,131.16 2 0
github.com/gvasels/personal-music-searchengine/internal/service/subscription.go:131.16,133.3 1 0
github.com/gvasels/personal-music-searchengine/internal/service/subscription.go:135.2,136.46 2 0
github.com/gvasels/personal-music-searchengine/internal/service/subscription.go:136.46,138.3 1 0
github.com/gvasels/personal-music-searchengine/internal/service/subscription.go:138.8,141.17 2 0
github.com/gvasels/personal-music-searchengine/internal/service/subscription.go:141.17,143.4 1 0
github.com/gvasels/personal-music-searchengine/internal/service/subscription.go:145.3,146.18 2 0
github.com/gvasels/personal-music-searchengine/internal/service/subscription.go:146.18,148.4 1 0
github.com/gvasels/personal-music-searchengine/internal/service/subscription.go:150.3,151.17 2 0
github.com/gvasels/personal-music-searchengine/internal/service/subscription.go:151.17,153.4 1 0
github.com/gvasels/personal-music-searchengine/internal/service/subscription.go:157.2,160.16 3 0
github.com/gvasels/personal-music-searchengine/internal/service/subscription.go:160.16,162.3 1 0
github.com/gvasels/personal-music-searchengine/internal/service/subscription.go:164.2,167.8 1 0
github.com/gvasels/personal-music-searchengine/internal/service/subscription.go:171.137,173.16 2 0
github.com/gvasels/personal-music-searchengine/internal/service/subscription.go:173.16,175.3 1 0
github.com/gvasels/personal-music-searchengine/internal/service/subscription.go:177.2,177.46 1 0
github.com/gvasels/personal-music-searchengine/internal/service/subscription.go:177.46,179.3 1 0
github.com/gvasels/personal-music-searchengine/internal/service/subscription.go:181.2,182.16 2 0
github.com/gvasels/personal-music-searchengine/internal/service/subscription.go:182.16,184.3 1 0
github.com/gvasels/personal-music-searchengine/internal/service/subscription.go:186.2,188.8 1 0
github.com/gvasels/personal-music-searchengine/internal/service/subscription.go:192.125,193.19 1 0
github.com/gvasels/personal-music-searchengine/internal/service/subscription.go:194.72,195.47 1 0
github.com/gvasels/personal-music-searchengine/internal/service/subscription.go:196.39,197.48 1 0
github.com/gvasels/personal-music-searchengine/internal/service/subscription.go:198.10,200.13 1 0
github.com/gvasels/personal-music-searchengine/internal/service/subscription.go:204.112,207.9 2 0
github.com/gvasels/personal-music-searchengine/internal/service/subscription.go:207.9,209.3 1 0
github.com/gvasels/personal-music-searchengine/internal/service/subscription.go:211.2,212.25 2 0
github.com/gvasels/personal-music-searchengine/internal/service/subscription.go:212.25,214.3 1 0
github.com/gvasels/personal-music-searchengine/internal/service/subscription.go:217.2,244.57 10 0
github.com/gvasels/personal-music-searchengine/internal/service/subscription.go:244.57,246.3 1 0
github.com/gvasels/personal-music-searchengine/internal/service/subscription.go:249.2,249.49 1 0
github.com/gvasels/personal-music-searchengine/internal/service/subscription.go:252.113,254.9 2 0
github.com/gvasels/personal-music-searchengine/internal/service/subscription.go:254.9,256.3 1 0
github.com/gvasels/personal-music-searchengine/internal/service/subscription.go:258.2,259.25 2 0
github.com/gvasels/personal-music-searchengine/internal/service/subscription.go:259.25,261.3 1 0
github.com/gvasels/personal-music-searchengine/internal/service/subscription.go:264.2,264.63 1 0
[...]
github.com/gvasels/personal-music-searchengine/internal/service/tag.go:184.35,186.3 1 0
github.com/gvasels/personal-music-searchengine/internal/service/tag.go:188.2,189.30 2 0
github.com/gvasels/personal-music-searchengine/internal/service/tag.go:189.30,191.3 1 0
github.com/gvasels/personal-music-searchengine/internal/service/tag.go:193.2,194.56 2 0
github.com/gvasels/personal-music-searchengine/internal/service/tag.go:194.56,196.3 1 0
github.com/gvasels/personal-music-searchengine/internal/service/tag.go:198.2,198.21 1 0
github.com/gvasels/personal-music-searchengine/internal/service/tag.go:201.101,206.16 3 0
github.com/gvasels/personal-music-searchengine/internal/service/tag.go:206.16,207.36 1 0
github.com/gvasels/personal-music-searchengine/internal/service/tag.go:207.36,209.4 1 0
github.com/gvasels/personal-music-searchengine/internal/service/tag.go:210.3,210.13 1 0
github.com/gvasels/personal-music-searchengine/internal/service/tag.go:214.2,214.88 1 0
github.com/gvasels/personal-music-searchengine/internal/service/tag.go:214.88,216.3 1 0
github.com/gvasels/personal-music-searchengine/internal/service/tag.go:219.2,220.31 2 0
github.com/gvasels/personal-music-searchengine/internal/service/tag.go:220.31,221.26 1 0
github.com/gvasels/personal-music-searchengine/internal/service/tag.go:221.26,223.4 1 0
github.com/gvasels/personal-music-searchengine/internal/service/tag.go:226.2,227.40 2 0
github.com/gvasels/personal-music-searchengine/internal/service/tag.go:230.114,235.16 3 0
github.com/gvasels/personal-music-searchengine/internal/service/tag.go:235.16,236.36 1 0
github.com/gvasels/personal-music-searchengine/internal/service/tag.go:236.36,238.4 1 0
github.com/gvasels/personal-music-searchengine/internal/service/tag.go:239.3,239.18 1 0
github.com/gvasels/personal-music-searchengine/internal/service/tag.go:242.2,243.16 2 0
github.com/gvasels/personal-music-searchengine/internal/service/tag.go:243.16,245.3 1 0
github.com/gvasels/personal-music-searchengine/internal/service/tag.go:247.2,248.31 2 0
github.com/gvasels/personal-music-searchengine/internal/service/tag.go:248.31,250.3 1 0
github.com/gvasels/personal-music-searchengine/internal/service/tag.go:252.2,252.23 1 0
github.com/gvasels/personal-music-searchengine/internal/service/track.go:18.95,23.2 1 0
github.com/gvasels/personal-music-searchengine/internal/service/track.go:25.109,27.16 2 0
github.com/gvasels/personal-music-searchengine/internal/service/track.go:27.16,28.36 1 0
github.com/gvasels/personal-music-searchengine/internal/service/track.go:28.36,30.4 1 0
github.com/gvasels/personal-music-searchengine/internal/service/track.go:31.3,31.18 1 0
github.com/gvasels/personal-music-searchengine/internal/service/track.go:34.2,35.29 2 0
github.com/gvasels/personal-music-searchengine/internal/service/track.go:35.29,38.17 2 0
github.com/gvasels/personal-music-searchengine/internal/service/track.go:38.17,40.4 1 0
github.com/gvasels/personal-music-searchengine/internal/service/track.go:43.2,44.23 2 0
github.com/gvasels/personal-music-searchengine/internal/service/track.go:47.143,49.16 2 0
github.com/gvasels/personal-music-searchengine/internal/service/track.go:49.16,50.36 1 0
github.com/gvasels/personal-music-searchengine/internal/service/track.go:50.36,52.4 1 0
github.com/gvasels/personal-music-searchengine/internal/service/track.go:53.3,53.18 1 0
github.com/gvasels/personal-music-searchengine/internal/service/track.go:57.2,57.22 1 0
github.com/gvasels/personal-music-searchengine/internal/service/track.go:57.22,59.3 1 0
github.com/gvasels/personal-music-searchengine/internal/service/track.go:60.2,60.23 1 0
github.com/gvasels/personal-music-searchengine/internal/service/track.go:60.23,62.3 1 0
github.com/gvasels/personal-music-searchengine/internal/service/track.go:63.2,63.28 1 0
github.com/gvasels/personal-music-searchengine/internal/service/track.go:63.28,65.3 1 0
github.com/gvasels/personal-music-searchengine/internal/service/track.go:66.2,66.22 1 0
github.com/gvasels/personal-music-searchengine/internal/service/track.go:66.22,68.3 1 0
github.com/gvasels/personal-music-searchengine/internal/service/track.go:69.2,69.22 1 0
github.com/gvasels/personal-music-searchengine/internal/service/track.go:69.22,71.3 1 0
github.com/gvasels/personal-music-searchengine/internal/service/track.go:72.2,72.21 1 0
github.com/gvasels/personal-music-searchengine/internal/service/track.go:72.21,74.3 1 0
github.com/gvasels/personal-music-searchengine/internal/service/track.go:75.2,75.28 1 0
github.com/gvasels/personal-music-searchengine/internal/service/track.go:75.28,77.3 1 0
github.com/gvasels/personal-music-searchengine/internal/service/track.go:78.2,78.27 1 0
github.com/gvasels/personal-music-searchengine/internal/service/track.go:78.27,80.3 1 0
github.com/gvasels/personal-music-searchengine/internal/service/track.go:81.2,81.23 1 0
github.com/gvasels/personal-music-searchengine/internal/service/track.go:81.23,83.3 1 0
github.com/gvasels/personal-music-searchengine/internal/service/track.go:84.2,84.24 1 0
github.com/gvasels/personal-music-searchengine/internal/service/track.go:84.24,86.3 1 0
github.com/gvasels/personal-music-searchengine/internal/service/track.go:87.2,87.21 1 0
github.com/gvasels/personal-music-searchengine/internal/service/track.go:87.21,89.3 1 0
github.com/gvasels/personal-music-searchengine/internal/service/track.go:91.2,91.56 1 0
github.com/gvasels/personal-music-searchengine/internal/service/track.go:91.56,93.3 1 0
github.com/gvasels/personal-music-searchengine/internal/service/track.go:95.2,96.29 2 0
github.com/gvasels/personal-music-searchengine/internal/service/track.go:96.29,98.17 2 0
github.com/gvasels/personal-music-searchengine/internal/service/track.go:98.17,100.4 1 0
github.com/gvasels/personal-music-searchengine/internal/service/track.go:103.2,104.23 2 0
github.com/gvasels/personal-music-searchengine/internal/service/track.go:107.87,109.16 2 0
github.com/gvasels/personal-music-searchengine/internal/service/track.go:109.16,110.36 1 0
github.com/gvasels/personal-music-searchengine/internal/service/track.go:110.36,112.4 1 0
github.com/gvasels/personal-music-searchengine/internal/service/track.go:113.3,113.13 1 0
github.com/gvasels/personal-music-searchengine/internal/service/track.go:117.2,117.65 1 0
github.com/gvasels/personal-music-searchengine/internal/service/track.go:117.65,119.3 1 0
github.com/gvasels/personal-music-searchengine/internal/service/track.go:122.2,122.23 1 0
github.com/gvasels/personal-music-searchengine/internal/service/track.go:122.23,124.3 1 0
github.com/gvasels/personal-music-searchengine/internal/service/track.go:125.2,125.29 1 0
github.com/gvasels/personal-music-searchengine/internal/service/track.go:125.29,127.3 1 0
github.com/gvasels/personal-music-searchengine/internal/service/track.go:129.2,129.12 1 0
github.com/gvasels/personal-music-searchengine/internal/service/track.go:132.157,134.16 2 0
github.com/gvasels/personal-music-searchengine/internal/service/track.go:134.16,136.3 1 0
github.com/gvasels/personal-music-searchengine/internal/service/track.go:138.2,139.37 2 0
github.com/gvasels/personal-music-searchengine/internal/service/track.go:139.37,141.30 2 0
github.com/gvasels/personal-music-searchengine/internal/service/track.go:141.30,143.18 2 0
github.com/gvasels/personal-music-searchengine/internal/service/track.go:143.18,145.5 1 0
github.com/gvasels/personal-music-searchengine/internal/service/track.go:147.3,147.63 1 0
github.com/gvasels/personal-music-searchengine/internal/service/track.go:150.2,154.8 1 0
github.com/gvasels/personal-music-searchengine/internal/service/track.go:157.119,159.16 2 0
github.com/gvasels/personal-music-searchengine/internal/service/track.go:159.16,161.3 1 0
github.com/gvasels/personal-music-searchengine/internal/service/track.go:163.2,164.31 2 0
github.com/gvasels/personal-music-searchengine/internal/service/track.go:164.31,166.30 2 0
github.com/gvasels/personal-music-searchengine/internal/service/track.go:166.30,168.18 2 0
github.com/gvasels/personal-music-searchengine/internal/service/track.go:168.18,170.5 1 0
github.com/gvasels/personal-music-searchengine/internal/service/track.go:172.3,172.63 1 0
github.com/gvasels/personal-music-searchengine/internal/service/track.go:175.2,175.23 1 0
github.com/gvasels/personal-music-searchengine/internal/service/track.go:178.94,180.16 2 0
github.com/gvasels/personal-music-searchengine/internal/service/track.go:180.16,181.36 1 0
github.com/gvasels/personal-music-searchengine/internal/service/track.go:181.36,183.4 1 0
github.com/gvasels/personal-music-searchengine/internal/service/track.go:184.3,184.13 1 0
github.com/gvasels/personal-music-searchengine/internal/service/track.go:187.2,191.40 4 0
github.com/gvasels/personal-music-searchengine/internal/service/transcode.go:30.101,38.2 1 0
github.com/gvasels/personal-music-searchengine/internal/service/transcode.go:55.114,56.62 1 0
github.com/gvasels/personal-music-searchengine/internal/service/transcode.go:56.62,58.3 1 0
github.com/gvasels/personal-music-searchengine/internal/service/transcode.go:61.2,74.16 4 0
github.com/gvasels/personal-music-searchengine/internal/service/transcode.go:74.16,76.3 1 0
github.com/gvasels/personal-music-searchengine/internal/service/transcode.go:78.2,84.8 2 0
github.com/gvasels/personal-music-searchengine/internal/service/transcode.go:88.111,94.16 3 0
github.com/gvasels/personal-music-searchengine/internal/service/transcode.go:94.16,96.3 1 0
github.com/gvasels/personal-music-searchengine/internal/service/transcode.go:98.2,104.26 3 0
github.com/gvasels/personal-music-searchengine/internal/service/transcode.go:104.26,106.3 1 0
github.com/gvasels/personal-music-searchengine/internal/service/transcode.go:107.2,107.29 1 0
github.com/gvasels/personal-music-searchengine/internal/service/transcode.go:107.29,109.3 1 0
github.com/gvasels/personal-music-searchengine/internal/service/transcode.go:111.2,111.20 1 0
github.com/gvasels/personal-music-searchengine/internal/service/transcode.go:123.86,163.2 3 0
github.com/gvasels/personal-music-searchengine/internal/service/transcode.go:166.92,191.2 1 0
github.com/gvasels/personal-music-searchengine/internal/service/transcode.go:200.42,206.2 1 0
github.com/gvasels/personal-music-searchengine/internal/service/transcode.go:209.57,211.2 1 0
github.com/gvasels/personal-music-searchengine/internal/service/upload.go:52.142,59.2 1 0
github.com/gvasels/personal-music-searchengine/internal/service/upload.go:62.80,64.2 1 0
github.com/gvasels/personal-music-searchengine/internal/service/upload.go:66.163,69.49 2 0
github.com/gvasels/personal-music-searchengine/internal/service/upload.go:69.49,71.3 1 0
github.com/gvasels/personal-music-searchengine/internal/service/upload.go:72.2,72.70 1 0
github.com/gvasels/personal-music-searchengine/internal/service/upload.go:72.70,74.3 1 0
github.com/gvasels/personal-music-searchengine/internal/service/upload.go:77.2,95.57 7 0
github.com/gvasels/personal-music-searchengine/internal/service/upload.go:95.57,97.3 1 0
github.com/gvasels/personal-music-searchengine/internal/service/upload.go:99.2,107.24 2 0
github.com/gvasels/personal-music-searchengine/internal/service/upload.go:107.24,110.17 2 0
github.com/gvasels/personal-music-searchengine/internal/service/upload.go:110.17,112.4 1 0
github.com/gvasels/personal-music-searchengine/internal/service/upload.go:115.3,118.58 4 0
github.com/gvasels/personal-music-searchengine/internal/service/upload.go:118.58,120.4 1 0
github.com/gvasels/personal-music-searchengine/internal/service/upload.go:123.3,124.17 2 0
github.com/gvasels/personal-music-searchengine/internal/service/upload.go:124.17,126.4 1 0
github.com/gvasels/personal-music-searchengine/internal/service/upload.go:128.3,129.31 2 0
github.com/gvasels/personal-music-searchengine/internal/service/upload.go:130.8,133.17 2 0
github.com/gvasels/personal-music-searchengine/internal/service/upload.go:133.17,135.4 1 0
github.com/gvasels/personal-music-searchengine/internal/service/upload.go:136.3,136.33 1 0
github.com/gvasels/personal-music-searchengine/internal/service/upload.go:139.2,139.22 1 0
github.com/gvasels/personal-music-searchengine/internal/service/upload.go:142.151,144.16 2 0
github.com/gvasels/personal-music-searchengine/internal/service/upload.go:144.16,145.36 1 0
github.com/gvasels/personal-music-searchengine/internal/service/upload.go:145.36,147.4 1 0
github.com/gvasels/personal-music-searchengine/internal/service/upload.go:148.3,148.18 1 0
github.com/gvasels/personal-music-searchengine/internal/service/upload.go:151.2,151.49 1 0
github.com/gvasels/personal-music-searchengine/internal/service/upload.go:151.49,155.3 1 0
github.com/gvasels/personal-music-searchengine/internal/service/upload.go:158.2,159.16 2 0
github.com/gvasels/personal-music-searchengine/internal/service/upload.go:159.16,161.3 1 0
github.com/gvasels/personal-music-searchengine/internal/service/upload.go:162.2,162.13 1 0
github.com/gvasels/personal-music-searchengine/internal/service/upload.go:162.13,166.3 1 0
github.com/gvasels/personal-music-searchengine/internal/service/upload.go:169.2,169.116 1 0
github.com/gvasels/personal-music-searchengine/internal/service/upload.go:169.116,171.3 1 0
github.com/gvasels/personal-music-searchengine/internal/service/upload.go:174.2,174.52 1 0
github.com/gvasels/personal-music-searchengine/internal/service/upload.go:174.52,183.17 3 0
github.com/gvasels/personal-music-searchengine/internal/service/upload.go:183.17,185.4 1 0
github.com/gvasels/personal-music-searchengine/internal/service/upload.go:187.3,192.17 2 0
github.com/gvasels/personal-music-searchengine/internal/service/upload.go:192.17,196.4 1 0
github.com/gvasels/personal-music-searchengine/internal/service/upload.go:199.2,203.8 1 0
github.com/gvasels/personal-music-searchengine/internal/service/upload.go:206.171,208.16 2 0
github.com/gvasels/personal-music-searchengine/internal/service/upload.go:208.16,209.36 1 0
github.com/gvasels/personal-music-searchengine/internal/service/upload.go:209.36,211.4 1 0
github.com/gvasels/personal-music-searchengine/internal/service/upload.go:212.3,212.18 1 0
github.com/gvasels/personal-music-searchengine/internal/service/upload.go:215.2,215.25 1 0
github.com/gvasels/personal-music-searchengine/internal/service/upload.go:215.25,219.3 1 0
github.com/gvasels/personal-music-searchengine/internal/service/upload.go:221.2,221.30 1 0
github.com/gvasels/personal-music-searchengine/internal/service/upload.go:221.30,225.3 1 0
github.com/gvasels/personal-music-searchengine/internal/service/upload.go:228.2,228.107 1 0
github.com/gvasels/personal-music-searchengine/internal/service/upload.go:228.107,230.3 1 0
github.com/gvasels/personal-music-searchengine/internal/service/upload.go:233.2,233.90 1 0
github.com/gvasels/personal-music-searchengine/internal/service/upload.go:236.123,238.16 2 0
github.com/gvasels/personal-music-searchengine/internal/service/upload.go:238.16,239.36 1 0
github.com/gvasels/personal-music-searchengine/internal/service/upload.go:239.36,241.4 1 0
github.com/gvasels/personal-music-searchengine/internal/service/upload.go:242.3,242.18 1 0
github.com/gvasels/personal-music-searchengine/internal/service/upload.go:245.2,246.23 2 0
github.com/gvasels/personal-music-searchengine/internal/service/upload.go:249.165,251.16 2 0
github.com/gvasels/personal-music-searchengine/internal/service/upload.go:251.16,253.3 1 0
github.com/gvasels/personal-music-searchengine/internal/service/upload.go:255.2,256.38 2 0
github.com/gvasels/personal-music-searchengine/internal/service/upload.go:256.38,258.3 1 0
github.com/gvasels/personal-music-searchengine/internal/service/upload.go:260.2,264.8 1 0
github.com/gvasels/personal-music-searchengine/internal/service/upload.go:267.158,269.16 2 0
github.com/gvasels/personal-music-searchengine/internal/service/upload.go:269.16,270.36 1 0
github.com/gvasels/personal-music-searchengine/internal/service/upload.go:270.36,272.4 1 0
github.com/gvasels/personal-music-searchengine/internal/service/upload.go:273.3,273.18 1 0
github.com/gvasels/personal-music-searchengine/internal/service/upload.go:276.2,276.48 1 0
github.com/gvasels/personal-music-searchengine/internal/service/upload.go:276.48,280.3 1 0
github.com/gvasels/personal-music-searchengine/internal/service/upload.go:283.2,283.112 1 0
github.com/gvasels/personal-music-searchengine/internal/service/upload.go:283.112,285.3 1 0
github.com/gvasels/personal-music-searchengine/internal/service/upload.go:290.2,292.23 3 0
github.com/gvasels/personal-music-searchengine/internal/service/upload.go:295.163,298.16 2 0
github.com/gvasels/personal-music-searchengine/internal/service/upload.go:298.16,299.36 1 0
github.com/gvasels/personal-music-searchengine/internal/service/upload.go:299.36,301.4 1 0
github.com/gvasels/personal-music-searchengine/internal/service/upload.go:302.3,302.18 1 0
github.com/gvasels/personal-music-searchengine/internal/service/upload.go:306.2,310.16 3 0
github.com/gvasels/personal-music-searchengine/internal/service/upload.go:310.16,312.3 1 0
github.com/gvasels/personal-music-searchengine/internal/service/upload.go:315.2,316.56 2 0
github.com/gvasels/personal-music-searchengine/internal/service/upload.go:316.56,318.3 1 0
github.com/gvasels/personal-music-searchengine/internal/service/upload.go:320.2,325.8 1 0
github.com/gvasels/personal-music-searchengine/internal/service/upload.go:329.47,330.42 1 0
github.com/gvasels/personal-music-searchengine/internal/service/upload.go:330.42,331.25 1 0
github.com/gvasels/personal-music-searchengine/internal/service/upload.go:331.25,333.4 1 0
github.com/gvasels/personal-music-searchengine/internal/service/upload.go:335.2,335.11 1 0
github.com/gvasels/personal-music-searchengine/internal/service/user.go:17.61,21.2 1 0
github.com/gvasels/personal-music-searchengine/internal/service/user.go:23.100,25.16 2 0
github.com/gvasels/personal-music-searchengine/internal/service/user.go:25.16,26.36 1 0
github.com/gvasels/personal-music-searchengine/internal/service/user.go:26.36,28.4 1 0
github.com/gvasels/personal-music-searchengine/internal/service/user.go:29.3,29.18 1 0
github.com/gvasels/personal-music-searchengine/internal/service/user.go:32.2,33.23 2 0
github.com/gvasels/personal-music-searchengine/internal/service/user.go:36.133,38.16 2 0
github.com/gvasels/personal-music-searchengine/internal/service/user.go:38.16,39.36 1 0
github.com/gvasels/personal-music-searchengine/internal/service/user.go:39.36,41.4 1 0
github.com/gvasels/personal-music-searchengine/internal/service/user.go:42.3,42.18 1 0
github.com/gvasels/personal-music-searchengine/internal/service/user.go:46.2,46.28 1 0
github.com/gvasels/personal-music-searchengine/internal/service/user.go:46.28,48.3 1 0
github.com/gvasels/personal-music-searchengine/internal/service/user.go:49.2,49.26 1 0
github.com/gvasels/personal-music-searchengine/internal/service/user.go:49.26,51.3 1 0
github.com/gvasels/personal-music-searchengine/internal/service/user.go:53.2,53.54 1 0
github.com/gvasels/personal-music-searchengine/internal/service/user.go:53.54,55.3 1 0
github.com/gvasels/personal-music-searchengine/internal/service/user.go:57.2,58.23 2 0
github.com/gvasels/personal-music-searchengine/internal/service/user.go:61.123,64.16 2 0
github.com/gvasels/personal-music-searchengine/internal/service/user.go:64.16,66.3 1 0
github.com/gvasels/personal-music-searchengine/internal/service/user.go:67.2,67.35 1 0
github.com/gvasels/personal-music-searchengine/internal/service/user.go:67.35,69.3 1 0
github.com/gvasels/personal-music-searchengine/internal/service/user.go:72.2,86.54 5 0
github.com/gvasels/personal-music-searchengine/internal/service/user.go:86.54,89.20 2 0
github.com/gvasels/personal-music-searchengine/internal/service/user.go:89.20,91.4 1 0
github.com/gvasels/personal-music-searchengine/internal/service/user.go:92.3,92.18 1 0
github.com/gvasels/personal-music-searchengine/internal/service/user.go:95.2,95.18 1 0
